This is pdfTeX, Version 3.1415926-2.5-1.40.14 (TeX Live 2013/Debian) (format=pdflatex 2018.5.3)  4 MAY 2018 13:53
entering extended mode
 restricted \write18 enabled.
 %&-line parsing enabled.
**/nfs/bigbox/hieule/Penguins_CODE/report/latex/datagrow.tex
(/nfs/bigbox/hieule/Penguins_CODE/report/latex/datagrow.tex
LaTeX2e <2011/06/27>
Babel <3.9h> and hyphenation patterns for 2 languages loaded.
(./llncs.cls
Document Class: llncs 2013/09/27 v2.18 
 LaTeX document class for Lecture Notes in Computer Science
(/usr/share/texlive/texmf-dist/tex/latex/base/article.cls
Document Class: article 2007/10/19 v1.4h Standard LaTeX document class
(/usr/share/texlive/texmf-dist/tex/latex/base/size10.clo
File: size10.clo 2007/10/19 v1.4h Standard LaTeX file (size option)
)
\c@part=\count79
\c@section=\count80
\c@subsection=\count81
\c@subsubsection=\count82
\c@paragraph=\count83
\c@subparagraph=\count84
\c@figure=\count85
\c@table=\count86
\abovecaptionskip=\skip41
\belowcaptionskip=\skip42
\bibindent=\dimen102
)
(/usr/share/texlive/texmf-dist/tex/latex/tools/multicol.sty
Package: multicol 2011/06/27 v1.7a multicolumn formatting (FMi)
\c@tracingmulticols=\count87
\mult@box=\box26
\multicol@leftmargin=\dimen103
\c@unbalance=\count88
\c@collectmore=\count89
\doublecol@number=\count90
\multicoltolerance=\count91
\multicolpretolerance=\count92
\full@width=\dimen104
\page@free=\dimen105
\premulticols=\dimen106
\postmulticols=\dimen107
\multicolsep=\skip43
\multicolbaselineskip=\skip44
\partial@page=\box27
\last@line=\box28
\mult@rightbox=\box29
\mult@grightbox=\box30
\mult@gfirstbox=\box31
\mult@firstbox=\box32
\@tempa=\box33
\@tempa=\box34
\@tempa=\box35
\@tempa=\box36
\@tempa=\box37
\@tempa=\box38
\@tempa=\box39
\@tempa=\box40
\@tempa=\box41
\@tempa=\box42
\@tempa=\box43
\@tempa=\box44
\@tempa=\box45
\@tempa=\box46
\@tempa=\box47
\@tempa=\box48
\@tempa=\box49
\c@columnbadness=\count93
\c@finalcolumnbadness=\count94
\last@try=\dimen108
\multicolovershoot=\dimen109
\multicolundershoot=\dimen110
\mult@nat@firstbox=\box50
\colbreak@box=\box51
\multicol@sort@counter=\count95
)
(/usr/share/texlive/texmf-dist/tex/latex/oberdiek/aliascnt.sty
Package: aliascnt 2009/09/08 v1.3 Alias counters (HO)

(/usr/share/texlive/texmf-dist/tex/latex/carlisle/remreset.sty))
\c@chapter=\count96
LaTeX Font Info:    Redeclaring math symbol \Gamma on input line 362.
LaTeX Font Info:    Redeclaring math symbol \Delta on input line 363.
LaTeX Font Info:    Redeclaring math symbol \Theta on input line 364.
LaTeX Font Info:    Redeclaring math symbol \Lambda on input line 365.
LaTeX Font Info:    Redeclaring math symbol \Xi on input line 366.
LaTeX Font Info:    Redeclaring math symbol \Pi on input line 367.
LaTeX Font Info:    Redeclaring math symbol \Sigma on input line 368.
LaTeX Font Info:    Redeclaring math symbol \Upsilon on input line 369.
LaTeX Font Info:    Redeclaring math symbol \Phi on input line 370.
LaTeX Font Info:    Redeclaring math symbol \Psi on input line 371.
LaTeX Font Info:    Redeclaring math symbol \Omega on input line 372.
\tocchpnum=\dimen111
\tocsecnum=\dimen112
\tocsectotal=\dimen113
\tocsubsecnum=\dimen114
\tocsubsectotal=\dimen115
\tocsubsubsecnum=\dimen116
\tocsubsubsectotal=\dimen117
\tocparanum=\dimen118
\tocparatotal=\dimen119
\tocsubparanum=\dimen120
\@tempcntc=\count97
\fnindent=\dimen121
\c@@inst=\count98
\c@@auth=\count99
\c@auco=\count100
\instindent=\dimen122
\authrun=\box52
\authorrunning=\toks14
\tocauthor=\toks15
\titrun=\box53
\titlerunning=\toks16
\toctitle=\toks17
\c@theorem=\count101
\c@case=\count102
\c@conjecture=\count103
\c@corollary=\count104
\c@definition=\count105
\c@example=\count106
\c@exercise=\count107
\c@lemma=\count108
\c@note=\count109
\c@problem=\count110
\c@property=\count111
\c@proposition=\count112
\c@question=\count113
\c@solution=\count114
\c@remark=\count115
\headlineindent=\dimen123
)
(/usr/share/texlive/texmf-dist/tex/latex/graphics/graphicx.sty
Package: graphicx 1999/02/16 v1.0f Enhanced LaTeX Graphics (DPC,SPQR)

(/usr/share/texlive/texmf-dist/tex/latex/graphics/keyval.sty
Package: keyval 1999/03/16 v1.13 key=value parser (DPC)
\KV@toks@=\toks18
)
(/usr/share/texlive/texmf-dist/tex/latex/graphics/graphics.sty
Package: graphics 2009/02/05 v1.0o Standard LaTeX Graphics (DPC,SPQR)

(/usr/share/texlive/texmf-dist/tex/latex/graphics/trig.sty
Package: trig 1999/03/16 v1.09 sin cos tan (DPC)
)
(/usr/share/texlive/texmf-dist/tex/latex/latexconfig/graphics.cfg
File: graphics.cfg 2010/04/23 v1.9 graphics configuration of TeX Live
)
Package graphics Info: Driver file: pdftex.def on input line 91.

(/usr/share/texlive/texmf-dist/tex/latex/pdftex-def/pdftex.def
File: pdftex.def 2011/05/27 v0.06d Graphics/color for pdfTeX

(/usr/share/texlive/texmf-dist/tex/generic/oberdiek/infwarerr.sty
Package: infwarerr 2010/04/08 v1.3 Providing info/warning/error messages (HO)
)
(/usr/share/texlive/texmf-dist/tex/generic/oberdiek/ltxcmds.sty
Package: ltxcmds 2011/11/09 v1.22 LaTeX kernel commands for general use (HO)
)
\Gread@gobject=\count116
))
\Gin@req@height=\dimen124
\Gin@req@width=\dimen125
)
(/usr/share/texlive/texmf-dist/tex/latex/amsmath/amsmath.sty
Package: amsmath 2013/01/14 v2.14 AMS math features
\@mathmargin=\skip45

For additional information on amsmath, use the `?' option.
(/usr/share/texlive/texmf-dist/tex/latex/amsmath/amstext.sty
Package: amstext 2000/06/29 v2.01

(/usr/share/texlive/texmf-dist/tex/latex/amsmath/amsgen.sty
File: amsgen.sty 1999/11/30 v2.0
\@emptytoks=\toks19
\ex@=\dimen126
))
(/usr/share/texlive/texmf-dist/tex/latex/amsmath/amsbsy.sty
Package: amsbsy 1999/11/29 v1.2d
\pmbraise@=\dimen127
)
(/usr/share/texlive/texmf-dist/tex/latex/amsmath/amsopn.sty
Package: amsopn 1999/12/14 v2.01 operator names
)
\inf@bad=\count117
LaTeX Info: Redefining \frac on input line 210.
\uproot@=\count118
\leftroot@=\count119
LaTeX Info: Redefining \overline on input line 306.
\classnum@=\count120
\DOTSCASE@=\count121
LaTeX Info: Redefining \ldots on input line 378.
LaTeX Info: Redefining \dots on input line 381.
LaTeX Info: Redefining \cdots on input line 466.
\Mathstrutbox@=\box54
\strutbox@=\box55
\big@size=\dimen128
LaTeX Font Info:    Redeclaring font encoding OML on input line 566.
LaTeX Font Info:    Redeclaring font encoding OMS on input line 567.


Package amsmath Warning: Unable to redefine math accent \vec.

\macc@depth=\count122
\c@MaxMatrixCols=\count123
\dotsspace@=\muskip10
\c@parentequation=\count124
\dspbrk@lvl=\count125
\tag@help=\toks20
\row@=\count126
\column@=\count127
\maxfields@=\count128
\andhelp@=\toks21
\eqnshift@=\dimen129
\alignsep@=\dimen130
\tagshift@=\dimen131
\tagwidth@=\dimen132
\totwidth@=\dimen133
\lineht@=\dimen134
\@envbody=\toks22
\multlinegap=\skip46
\multlinetaggap=\skip47
\mathdisplay@stack=\toks23
LaTeX Info: Redefining \[ on input line 2665.
LaTeX Info: Redefining \] on input line 2666.
) (/usr/share/texlive/texmf-dist/tex/latex/amsfonts/amssymb.sty
Package: amssymb 2013/01/14 v3.01 AMS font symbols

(/usr/share/texlive/texmf-dist/tex/latex/amsfonts/amsfonts.sty
Package: amsfonts 2013/01/14 v3.01 Basic AMSFonts support
\symAMSa=\mathgroup4
\symAMSb=\mathgroup5
LaTeX Font Info:    Overwriting math alphabet `\mathfrak' in version `bold'
(Font)                  U/euf/m/n --> U/euf/b/n on input line 106.
))
(/usr/share/texlive/texmf-dist/tex/latex/graphics/color.sty
Package: color 2005/11/14 v1.0j Standard LaTeX Color (DPC)

(/usr/share/texlive/texmf-dist/tex/latex/latexconfig/color.cfg
File: color.cfg 2007/01/18 v1.5 color configuration of teTeX/TeXLive
)
Package color Info: Driver file: pdftex.def on input line 130.
)
(./subfiles.sty
Package: subfiles 2012/05/23 Federico Garcia
 (/usr/share/texlive/texmf-dist/tex/latex/tools/verbatim.sty
Package: verbatim 2003/08/22 v1.5q LaTeX2e package for verbatim enhancements
\every@verbatim=\toks24
\verbatim@line=\toks25
\verbatim@in@stream=\read1
))
(/usr/share/texlive/texmf-dist/tex/latex/geometry/geometry.sty
Package: geometry 2010/09/12 v5.6 Page Geometry

(/usr/share/texlive/texmf-dist/tex/generic/oberdiek/ifpdf.sty
Package: ifpdf 2011/01/30 v2.3 Provides the ifpdf switch (HO)
Package ifpdf Info: pdfTeX in PDF mode is detected.
)
(/usr/share/texlive/texmf-dist/tex/generic/oberdiek/ifvtex.sty
Package: ifvtex 2010/03/01 v1.5 Detect VTeX and its facilities (HO)
Package ifvtex Info: VTeX not detected.
)
(/usr/share/texlive/texmf-dist/tex/generic/ifxetex/ifxetex.sty
Package: ifxetex 2010/09/12 v0.6 Provides ifxetex conditional
)
\Gm@cnth=\count129
\Gm@cntv=\count130
\c@Gm@tempcnt=\count131
\Gm@bindingoffset=\dimen135
\Gm@wd@mp=\dimen136
\Gm@odd@mp=\dimen137
\Gm@even@mp=\dimen138
\Gm@layoutwidth=\dimen139
\Gm@layoutheight=\dimen140
\Gm@layouthoffset=\dimen141
\Gm@layoutvoffset=\dimen142
\Gm@dimlist=\toks26
)
(/nfs/bigbox/hieule/Penguins_CODE/report/datagrow.aux)
\openout1 = `datagrow.aux'.

LaTeX Font Info:    Checking defaults for OML/cmm/m/it on input line 10.
LaTeX Font Info:    ... okay on input line 10.
LaTeX Font Info:    Checking defaults for T1/cmr/m/n on input line 10.
LaTeX Font Info:    ... okay on input line 10.
LaTeX Font Info:    Checking defaults for OT1/cmr/m/n on input line 10.
LaTeX Font Info:    ... okay on input line 10.
LaTeX Font Info:    Checking defaults for OMS/cmsy/m/n on input line 10.
LaTeX Font Info:    ... okay on input line 10.
LaTeX Font Info:    Checking defaults for OMX/cmex/m/n on input line 10.
LaTeX Font Info:    ... okay on input line 10.
LaTeX Font Info:    Checking defaults for U/cmr/m/n on input line 10.
LaTeX Font Info:    ... okay on input line 10.

(/usr/share/texlive/texmf-dist/tex/context/base/supp-pdf.mkii
[Loading MPS to PDF converter (version 2006.09.02).]
\scratchcounter=\count132
\scratchdimen=\dimen143
\scratchbox=\box56
\nofMPsegments=\count133
\nofMParguments=\count134
\everyMPshowfont=\toks27
\MPscratchCnt=\count135
\MPscratchDim=\dimen144
\MPnumerator=\count136
\makeMPintoPDFobject=\count137
\everyMPtoPDFconversion=\toks28
) (/usr/share/texlive/texmf-dist/tex/generic/oberdiek/pdftexcmds.sty
Package: pdftexcmds 2011/11/29 v0.20 Utility functions of pdfTeX for LuaTeX (HO
)

(/usr/share/texlive/texmf-dist/tex/generic/oberdiek/ifluatex.sty
Package: ifluatex 2010/03/01 v1.3 Provides the ifluatex switch (HO)
Package ifluatex Info: LuaTeX not detected.
)
Package pdftexcmds Info: LuaTeX not detected.
Package pdftexcmds Info: \pdf@primitive is available.
Package pdftexcmds Info: \pdf@ifprimitive is available.
Package pdftexcmds Info: \pdfdraftmode found.
)
(/usr/share/texlive/texmf-dist/tex/latex/oberdiek/epstopdf-base.sty
Package: epstopdf-base 2010/02/09 v2.5 Base part for package epstopdf

(/usr/share/texlive/texmf-dist/tex/latex/oberdiek/grfext.sty
Package: grfext 2010/08/19 v1.1 Manage graphics extensions (HO)

(/usr/share/texlive/texmf-dist/tex/generic/oberdiek/kvdefinekeys.sty
Package: kvdefinekeys 2011/04/07 v1.3 Define keys (HO)
))
(/usr/share/texlive/texmf-dist/tex/latex/oberdiek/kvoptions.sty
Package: kvoptions 2011/06/30 v3.11 Key value format for package options (HO)

(/usr/share/texlive/texmf-dist/tex/generic/oberdiek/kvsetkeys.sty
Package: kvsetkeys 2012/04/25 v1.16 Key value parser (HO)

(/usr/share/texlive/texmf-dist/tex/generic/oberdiek/etexcmds.sty
Package: etexcmds 2011/02/16 v1.5 Avoid name clashes with e-TeX commands (HO)
Package etexcmds Info: Could not find \expanded.
(etexcmds)             That can mean that you are not using pdfTeX 1.50 or
(etexcmds)             that some package has redefined \expanded.
(etexcmds)             In the latter case, load this package earlier.
)))
Package grfext Info: Graphics extension search list:
(grfext)             [.png,.pdf,.jpg,.mps,.jpeg,.jbig2,.jb2,.PNG,.PDF,.JPG,.JPE
G,.JBIG2,.JB2,.eps]
(grfext)             \AppendGraphicsExtensions on input line 452.

(/usr/share/texlive/texmf-dist/tex/latex/latexconfig/epstopdf-sys.cfg
File: epstopdf-sys.cfg 2010/07/13 v1.3 Configuration of (r)epstopdf for TeX Liv
e
))
*geometry* driver: auto-detecting
*geometry* detected driver: pdftex
*geometry* verbose mode - [ preamble ] result:
* driver: pdftex
* paper: custom
* layout: <same size as paper>
* layoutoffset:(h,v)=(0.0pt,0.0pt)
* modes: twoside 
* h-part:(L,W,R)=(34.1433pt, 347.12361pt, 34.14333pt)
* v-part:(T,H,B)=(34.1433pt, 549.13818pt, 34.14331pt)
* \paperwidth=415.41023pt
* \paperheight=617.42479pt
* \textwidth=347.12361pt
* \textheight=549.13818pt
* \oddsidemargin=-38.1267pt
* \evensidemargin=-38.12666pt
* \topmargin=-66.1267pt
* \headheight=12.0pt
* \headsep=16.0pt
* \topskip=10.0pt
* \footskip=30.0pt
* \marginparwidth=90.0pt
* \marginparsep=11.0pt
* \columnsep=10.0pt
* \skip\footins=9.0pt plus 4.0pt minus 2.0pt
* \hoffset=0.0pt
* \voffset=0.0pt
* \mag=1000
* \@twocolumnfalse
* \@twosidetrue
* \@mparswitchtrue
* \@reversemarginfalse
* (1in=72.27pt=25.4mm, 1cm=28.453pt)

LaTeX Font Info:    Try loading font information for U+msa on input line 23.
(/usr/share/texlive/texmf-dist/tex/latex/amsfonts/umsa.fd
File: umsa.fd 2013/01/14 v3.01 AMS symbols A
)
LaTeX Font Info:    Try loading font information for U+msb on input line 23.

(/usr/share/texlive/texmf-dist/tex/latex/amsfonts/umsb.fd
File: umsb.fd 2013/01/14 v3.01 AMS symbols B
)
<./fig/datagrow/keynote/datagrow_diagram.pdf, id=1, 1027.84pt x 770.88pt>
File: ./fig/datagrow/keynote/datagrow_diagram.pdf Graphic file (type pdf)

<use ./fig/datagrow/keynote/datagrow_diagram.pdf>
Package pdftex.def Info: ./fig/datagrow/keynote/datagrow_diagram.pdf used on in
put line 42.
(pdftex.def)             Requested size: 277.69994pt x 208.26978pt.
 (./fig/datagrow.tex
<./fig/datagrow/MSE_single_unet_train_0_1.txt_bias-1_bs128_do0.1e25/orthoQB02_1
1JAN121245196-M1BS-101001000CD66D00_u08rfAEAC.png, id=2, 1505.625pt x 1505.625p
t>
File: ./fig/datagrow/MSE_single_unet_train_0_1.txt_bias-1_bs128_do0.1e25/orthoQ
B02_11JAN121245196-M1BS-101001000CD66D00_u08rfAEAC.png Graphic file (type png)

<use ./fig/datagrow/MSE_single_unet_train_0_1.txt_bias-1_bs128_do0.1e25/orthoQB
02_11JAN121245196-M1BS-101001000CD66D00_u08rfAEAC.png>
Package pdftex.def Info: ./fig/datagrow/MSE_single_unet_train_0_1.txt_bias-1_bs
128_do0.1e25/orthoQB02_11JAN121245196-M1BS-101001000CD66D00_u08rfAEAC.png used 
on input line 9.
(pdftex.def)             Requested size: 79.83694pt x 79.8345pt.

<./fig/datagrow/MSE_single_unet_train_0_2.txt_bias-1_bs128_do0.1e25/orthoQB02_1
1JAN121245196-M1BS-101001000CD66D00_u08rfAEAC.png, id=3, 1505.625pt x 1505.625p
t>
File: ./fig/datagrow/MSE_single_unet_train_0_2.txt_bias-1_bs128_do0.1e25/orthoQ
B02_11JAN121245196-M1BS-101001000CD66D00_u08rfAEAC.png Graphic file (type png)

<use ./fig/datagrow/MSE_single_unet_train_0_2.txt_bias-1_bs128_do0.1e25/orthoQB
02_11JAN121245196-M1BS-101001000CD66D00_u08rfAEAC.png>
Package pdftex.def Info: ./fig/datagrow/MSE_single_unet_train_0_2.txt_bias-1_bs
128_do0.1e25/orthoQB02_11JAN121245196-M1BS-101001000CD66D00_u08rfAEAC.png used 
on input line 10.
(pdftex.def)             Requested size: 79.83694pt x 79.8345pt.

<./fig/datagrow/MSE_single_unet_train_0_3.txt_bias-1_bs128_do0.1e25/orthoQB02_1
1JAN121245196-M1BS-101001000CD66D00_u08rfAEAC.png, id=4, 1505.625pt x 1505.625p
t>
File: ./fig/datagrow/MSE_single_unet_train_0_3.txt_bias-1_bs128_do0.1e25/orthoQ
B02_11JAN121245196-M1BS-101001000CD66D00_u08rfAEAC.png Graphic file (type png)

<use ./fig/datagrow/MSE_single_unet_train_0_3.txt_bias-1_bs128_do0.1e25/orthoQB
02_11JAN121245196-M1BS-101001000CD66D00_u08rfAEAC.png>
Package pdftex.def Info: ./fig/datagrow/MSE_single_unet_train_0_3.txt_bias-1_bs
128_do0.1e25/orthoQB02_11JAN121245196-M1BS-101001000CD66D00_u08rfAEAC.png used 
on input line 11.
(pdftex.def)             Requested size: 79.83694pt x 79.8345pt.

<./fig/datagrow/MSE_single_unet_train_0_4.txt_bias-1_bs128_do0.1e25/orthoQB02_1
1JAN121245196-M1BS-101001000CD66D00_u08rfAEAC.png, id=5, 1505.625pt x 1505.625p
t>
File: ./fig/datagrow/MSE_single_unet_train_0_4.txt_bias-1_bs128_do0.1e25/orthoQ
B02_11JAN121245196-M1BS-101001000CD66D00_u08rfAEAC.png Graphic file (type png)

<use ./fig/datagrow/MSE_single_unet_train_0_4.txt_bias-1_bs128_do0.1e25/orthoQB
02_11JAN121245196-M1BS-101001000CD66D00_u08rfAEAC.png>
Package pdftex.def Info: ./fig/datagrow/MSE_single_unet_train_0_4.txt_bias-1_bs
128_do0.1e25/orthoQB02_11JAN121245196-M1BS-101001000CD66D00_u08rfAEAC.png used 
on input line 12.
(pdftex.def)             Requested size: 79.83694pt x 79.8345pt.

<./fig/datagrow/MSE_single_unet_train_0_1.txt_bias-1_bs128_do0.1e25/orthoWV02_1
1FEB251253222-M1BS-1030010009092C00_u08rfAEAC.png, id=6, 1505.625pt x 1505.625p
t>
File: ./fig/datagrow/MSE_single_unet_train_0_1.txt_bias-1_bs128_do0.1e25/orthoW
V02_11FEB251253222-M1BS-1030010009092C00_u08rfAEAC.png Graphic file (type png)

<use ./fig/datagrow/MSE_single_unet_train_0_1.txt_bias-1_bs128_do0.1e25/orthoWV
02_11FEB251253222-M1BS-1030010009092C00_u08rfAEAC.png>
Package pdftex.def Info: ./fig/datagrow/MSE_single_unet_train_0_1.txt_bias-1_bs
128_do0.1e25/orthoWV02_11FEB251253222-M1BS-1030010009092C00_u08rfAEAC.png used 
on input line 15.
(pdftex.def)             Requested size: 79.83694pt x 79.8345pt.

<./fig/datagrow/MSE_single_unet_train_0_2.txt_bias-1_bs128_do0.1e25/orthoWV02_1
1FEB251253222-M1BS-1030010009092C00_u08rfAEAC.png, id=7, 1505.625pt x 1505.625p
t>
File: ./fig/datagrow/MSE_single_unet_train_0_2.txt_bias-1_bs128_do0.1e25/orthoW
V02_11FEB251253222-M1BS-1030010009092C00_u08rfAEAC.png Graphic file (type png)

<use ./fig/datagrow/MSE_single_unet_train_0_2.txt_bias-1_bs128_do0.1e25/orthoWV
02_11FEB251253222-M1BS-1030010009092C00_u08rfAEAC.png>
Package pdftex.def Info: ./fig/datagrow/MSE_single_unet_train_0_2.txt_bias-1_bs
128_do0.1e25/orthoWV02_11FEB251253222-M1BS-1030010009092C00_u08rfAEAC.png used 
on input line 16.
(pdftex.def)             Requested size: 79.83694pt x 79.8345pt.

<./fig/datagrow/MSE_single_unet_train_0_3.txt_bias-1_bs128_do0.1e25/orthoWV02_1
1FEB251253222-M1BS-1030010009092C00_u08rfAEAC.png, id=8, 1505.625pt x 1505.625p
t>
File: ./fig/datagrow/MSE_single_unet_train_0_3.txt_bias-1_bs128_do0.1e25/orthoW
V02_11FEB251253222-M1BS-1030010009092C00_u08rfAEAC.png Graphic file (type png)

<use ./fig/datagrow/MSE_single_unet_train_0_3.txt_bias-1_bs128_do0.1e25/orthoWV
02_11FEB251253222-M1BS-1030010009092C00_u08rfAEAC.png>
Package pdftex.def Info: ./fig/datagrow/MSE_single_unet_train_0_3.txt_bias-1_bs
128_do0.1e25/orthoWV02_11FEB251253222-M1BS-1030010009092C00_u08rfAEAC.png used 
on input line 17.
(pdftex.def)             Requested size: 79.83694pt x 79.8345pt.

<./fig/datagrow/MSE_single_unet_train_0_4.txt_bias-1_bs128_do0.1e25/orthoWV02_1
1FEB251253222-M1BS-1030010009092C00_u08rfAEAC.png, id=9, 1505.625pt x 1505.625p
t>
File: ./fig/datagrow/MSE_single_unet_train_0_4.txt_bias-1_bs128_do0.1e25/orthoW
V02_11FEB251253222-M1BS-1030010009092C00_u08rfAEAC.png Graphic file (type png)

<use ./fig/datagrow/MSE_single_unet_train_0_4.txt_bias-1_bs128_do0.1e25/orthoWV
02_11FEB251253222-M1BS-1030010009092C00_u08rfAEAC.png>
Package pdftex.def Info: ./fig/datagrow/MSE_single_unet_train_0_4.txt_bias-1_bs
128_do0.1e25/orthoWV02_11FEB251253222-M1BS-1030010009092C00_u08rfAEAC.png used 
on input line 18.
(pdftex.def)             Requested size: 79.83694pt x 79.8345pt.

<./fig/datagrow/MSE_single_unet_train_0_1.txt_bias-1_bs128_do0.1e25/WV02_201101
31195115_1030010009CCF900_11JAN31195115-M1BS-052549143040_01_P003_u08rf3031.png
, id=10, 1505.625pt x 1505.625pt>
File: ./fig/datagrow/MSE_single_unet_train_0_1.txt_bias-1_bs128_do0.1e25/WV02_2
0110131195115_1030010009CCF900_11JAN31195115-M1BS-052549143040_01_P003_u08rf303
1.png Graphic file (type png)

<use ./fig/datagrow/MSE_single_unet_train_0_1.txt_bias-1_bs128_do0.1e25/WV02_20
110131195115_1030010009CCF900_11JAN31195115-M1BS-052549143040_01_P003_u08rf3031
.png>
Package pdftex.def Info: ./fig/datagrow/MSE_single_unet_train_0_1.txt_bias-1_bs
128_do0.1e25/WV02_20110131195115_1030010009CCF900_11JAN31195115-M1BS-0525491430
40_01_P003_u08rf3031.png used on input line 21.
(pdftex.def)             Requested size: 79.83694pt x 79.8345pt.

<./fig/datagrow/MSE_single_unet_train_0_2.txt_bias-1_bs128_do0.1e25/WV02_201101
31195115_1030010009CCF900_11JAN31195115-M1BS-052549143040_01_P003_u08rf3031.png
, id=11, 1505.625pt x 1505.625pt>
File: ./fig/datagrow/MSE_single_unet_train_0_2.txt_bias-1_bs128_do0.1e25/WV02_2
0110131195115_1030010009CCF900_11JAN31195115-M1BS-052549143040_01_P003_u08rf303
1.png Graphic file (type png)

<use ./fig/datagrow/MSE_single_unet_train_0_2.txt_bias-1_bs128_do0.1e25/WV02_20
110131195115_1030010009CCF900_11JAN31195115-M1BS-052549143040_01_P003_u08rf3031
.png>
Package pdftex.def Info: ./fig/datagrow/MSE_single_unet_train_0_2.txt_bias-1_bs
128_do0.1e25/WV02_20110131195115_1030010009CCF900_11JAN31195115-M1BS-0525491430
40_01_P003_u08rf3031.png used on input line 22.
(pdftex.def)             Requested size: 79.83694pt x 79.8345pt.

<./fig/datagrow/MSE_single_unet_train_0_3.txt_bias-1_bs128_do0.1e25/WV02_201101
31195115_1030010009CCF900_11JAN31195115-M1BS-052549143040_01_P003_u08rf3031.png
, id=12, 1505.625pt x 1505.625pt>
File: ./fig/datagrow/MSE_single_unet_train_0_3.txt_bias-1_bs128_do0.1e25/WV02_2
0110131195115_1030010009CCF900_11JAN31195115-M1BS-052549143040_01_P003_u08rf303
1.png Graphic file (type png)

<use ./fig/datagrow/MSE_single_unet_train_0_3.txt_bias-1_bs128_do0.1e25/WV02_20
110131195115_1030010009CCF900_11JAN31195115-M1BS-052549143040_01_P003_u08rf3031
.png>
Package pdftex.def Info: ./fig/datagrow/MSE_single_unet_train_0_3.txt_bias-1_bs
128_do0.1e25/WV02_20110131195115_1030010009CCF900_11JAN31195115-M1BS-0525491430
40_01_P003_u08rf3031.png used on input line 23.
(pdftex.def)             Requested size: 79.83694pt x 79.8345pt.

<./fig/datagrow/MSE_single_unet_train_0_4.txt_bias-1_bs128_do0.1e25/WV02_201101
31195115_1030010009CCF900_11JAN31195115-M1BS-052549143040_01_P003_u08rf3031.png
, id=13, 1505.625pt x 1505.625pt>
File: ./fig/datagrow/MSE_single_unet_train_0_4.txt_bias-1_bs128_do0.1e25/WV02_2
0110131195115_1030010009CCF900_11JAN31195115-M1BS-052549143040_01_P003_u08rf303
1.png Graphic file (type png)

<use ./fig/datagrow/MSE_single_unet_train_0_4.txt_bias-1_bs128_do0.1e25/WV02_20
110131195115_1030010009CCF900_11JAN31195115-M1BS-052549143040_01_P003_u08rf3031
.png>
Package pdftex.def Info: ./fig/datagrow/MSE_single_unet_train_0_4.txt_bias-1_bs
128_do0.1e25/WV02_20110131195115_1030010009CCF900_11JAN31195115-M1BS-0525491430
40_01_P003_u08rf3031.png used on input line 24.
(pdftex.def)             Requested size: 79.83694pt x 79.8345pt.

<./fig/datagrow/MSE_single_unet_train_0_1.txt_bias-1_bs128_do0.1e25/WV02_201601
01055824_103001004E1BFF00_16JAN01055824-M1BS-500637502050_01_P007_u08rf3031.png
, id=14, 1505.625pt x 1505.625pt>
File: ./fig/datagrow/MSE_single_unet_train_0_1.txt_bias-1_bs128_do0.1e25/WV02_2
0160101055824_103001004E1BFF00_16JAN01055824-M1BS-500637502050_01_P007_u08rf303
1.png Graphic file (type png)

<use ./fig/datagrow/MSE_single_unet_train_0_1.txt_bias-1_bs128_do0.1e25/WV02_20
160101055824_103001004E1BFF00_16JAN01055824-M1BS-500637502050_01_P007_u08rf3031
.png>
Package pdftex.def Info: ./fig/datagrow/MSE_single_unet_train_0_1.txt_bias-1_bs
128_do0.1e25/WV02_20160101055824_103001004E1BFF00_16JAN01055824-M1BS-5006375020
50_01_P007_u08rf3031.png used on input line 27.
(pdftex.def)             Requested size: 79.83694pt x 79.8345pt.

<./fig/datagrow/MSE_single_unet_train_0_2.txt_bias-1_bs128_do0.1e25/WV02_201601
01055824_103001004E1BFF00_16JAN01055824-M1BS-500637502050_01_P007_u08rf3031.png
, id=15, 1505.625pt x 1505.625pt>
File: ./fig/datagrow/MSE_single_unet_train_0_2.txt_bias-1_bs128_do0.1e25/WV02_2
0160101055824_103001004E1BFF00_16JAN01055824-M1BS-500637502050_01_P007_u08rf303
1.png Graphic file (type png)

<use ./fig/datagrow/MSE_single_unet_train_0_2.txt_bias-1_bs128_do0.1e25/WV02_20
160101055824_103001004E1BFF00_16JAN01055824-M1BS-500637502050_01_P007_u08rf3031
.png>
Package pdftex.def Info: ./fig/datagrow/MSE_single_unet_train_0_2.txt_bias-1_bs
128_do0.1e25/WV02_20160101055824_103001004E1BFF00_16JAN01055824-M1BS-5006375020
50_01_P007_u08rf3031.png used on input line 28.
(pdftex.def)             Requested size: 79.83694pt x 79.8345pt.

<./fig/datagrow/MSE_single_unet_train_0_3.txt_bias-1_bs128_do0.1e25/WV02_201601
01055824_103001004E1BFF00_16JAN01055824-M1BS-500637502050_01_P007_u08rf3031.png
, id=16, 1505.625pt x 1505.625pt>
File: ./fig/datagrow/MSE_single_unet_train_0_3.txt_bias-1_bs128_do0.1e25/WV02_2
0160101055824_103001004E1BFF00_16JAN01055824-M1BS-500637502050_01_P007_u08rf303
1.png Graphic file (type png)

<use ./fig/datagrow/MSE_single_unet_train_0_3.txt_bias-1_bs128_do0.1e25/WV02_20
160101055824_103001004E1BFF00_16JAN01055824-M1BS-500637502050_01_P007_u08rf3031
.png>
Package pdftex.def Info: ./fig/datagrow/MSE_single_unet_train_0_3.txt_bias-1_bs
128_do0.1e25/WV02_20160101055824_103001004E1BFF00_16JAN01055824-M1BS-5006375020
50_01_P007_u08rf3031.png used on input line 29.
(pdftex.def)             Requested size: 79.83694pt x 79.8345pt.

<./fig/datagrow/MSE_single_unet_train_0_4.txt_bias-1_bs128_do0.1e25/WV02_201601
01055824_103001004E1BFF00_16JAN01055824-M1BS-500637502050_01_P007_u08rf3031.png
, id=17, 1505.625pt x 1505.625pt>
File: ./fig/datagrow/MSE_single_unet_train_0_4.txt_bias-1_bs128_do0.1e25/WV02_2
0160101055824_103001004E1BFF00_16JAN01055824-M1BS-500637502050_01_P007_u08rf303
1.png Graphic file (type png)

<use ./fig/datagrow/MSE_single_unet_train_0_4.txt_bias-1_bs128_do0.1e25/WV02_20
160101055824_103001004E1BFF00_16JAN01055824-M1BS-500637502050_01_P007_u08rf3031
.png>
Package pdftex.def Info: ./fig/datagrow/MSE_single_unet_train_0_4.txt_bias-1_bs
128_do0.1e25/WV02_20160101055824_103001004E1BFF00_16JAN01055824-M1BS-5006375020
50_01_P007_u08rf3031.png used on input line 30.
(pdftex.def)             Requested size: 79.83694pt x 79.8345pt.

<./fig/datagrow/MSE_single_unet_train_0_1.txt_bias-1_bs128_do0.1e25/WV03_201702
17064537_10400100297FEA00_17FEB17064537-M1BS-057107305010_01_P001_u08rf3031.png
, id=18, 1505.625pt x 1505.625pt>
File: ./fig/datagrow/MSE_single_unet_train_0_1.txt_bias-1_bs128_do0.1e25/WV03_2
0170217064537_10400100297FEA00_17FEB17064537-M1BS-057107305010_01_P001_u08rf303
1.png Graphic file (type png)

<use ./fig/datagrow/MSE_single_unet_train_0_1.txt_bias-1_bs128_do0.1e25/WV03_20
170217064537_10400100297FEA00_17FEB17064537-M1BS-057107305010_01_P001_u08rf3031
.png>
Package pdftex.def Info: ./fig/datagrow/MSE_single_unet_train_0_1.txt_bias-1_bs
128_do0.1e25/WV03_20170217064537_10400100297FEA00_17FEB17064537-M1BS-0571073050
10_01_P001_u08rf3031.png used on input line 32.
(pdftex.def)             Requested size: 79.83694pt x 79.8345pt.

<./fig/datagrow/MSE_single_unet_train_0_2.txt_bias-1_bs128_do0.1e25/WV03_201702
17064537_10400100297FEA00_17FEB17064537-M1BS-057107305010_01_P001_u08rf3031.png
, id=19, 1505.625pt x 1505.625pt>
File: ./fig/datagrow/MSE_single_unet_train_0_2.txt_bias-1_bs128_do0.1e25/WV03_2
0170217064537_10400100297FEA00_17FEB17064537-M1BS-057107305010_01_P001_u08rf303
1.png Graphic file (type png)

<use ./fig/datagrow/MSE_single_unet_train_0_2.txt_bias-1_bs128_do0.1e25/WV03_20
170217064537_10400100297FEA00_17FEB17064537-M1BS-057107305010_01_P001_u08rf3031
.png>
Package pdftex.def Info: ./fig/datagrow/MSE_single_unet_train_0_2.txt_bias-1_bs
128_do0.1e25/WV03_20170217064537_10400100297FEA00_17FEB17064537-M1BS-0571073050
10_01_P001_u08rf3031.png used on input line 33.
(pdftex.def)             Requested size: 79.83694pt x 79.8345pt.

<./fig/datagrow/MSE_single_unet_train_0_3.txt_bias-1_bs128_do0.1e25/WV03_201702
17064537_10400100297FEA00_17FEB17064537-M1BS-057107305010_01_P001_u08rf3031.png
, id=20, 1505.625pt x 1505.625pt>
File: ./fig/datagrow/MSE_single_unet_train_0_3.txt_bias-1_bs128_do0.1e25/WV03_2
0170217064537_10400100297FEA00_17FEB17064537-M1BS-057107305010_01_P001_u08rf303
1.png Graphic file (type png)

<use ./fig/datagrow/MSE_single_unet_train_0_3.txt_bias-1_bs128_do0.1e25/WV03_20
170217064537_10400100297FEA00_17FEB17064537-M1BS-057107305010_01_P001_u08rf3031
.png>
Package pdftex.def Info: ./fig/datagrow/MSE_single_unet_train_0_3.txt_bias-1_bs
128_do0.1e25/WV03_20170217064537_10400100297FEA00_17FEB17064537-M1BS-0571073050
10_01_P001_u08rf3031.png used on input line 34.
(pdftex.def)             Requested size: 79.83694pt x 79.8345pt.

<./fig/datagrow/MSE_single_unet_train_0_4.txt_bias-1_bs128_do0.1e25/WV03_201702
17064537_10400100297FEA00_17FEB17064537-M1BS-057107305010_01_P001_u08rf3031.png
, id=21, 1505.625pt x 1505.625pt>
File: ./fig/datagrow/MSE_single_unet_train_0_4.txt_bias-1_bs128_do0.1e25/WV03_2
0170217064537_10400100297FEA00_17FEB17064537-M1BS-057107305010_01_P001_u08rf303
1.png Graphic file (type png)

<use ./fig/datagrow/MSE_single_unet_train_0_4.txt_bias-1_bs128_do0.1e25/WV03_20
170217064537_10400100297FEA00_17FEB17064537-M1BS-057107305010_01_P001_u08rf3031
.png>
Package pdftex.def Info: ./fig/datagrow/MSE_single_unet_train_0_4.txt_bias-1_bs
128_do0.1e25/WV03_20170217064537_10400100297FEA00_17FEB17064537-M1BS-0571073050
10_01_P001_u08rf3031.png used on input line 35.
(pdftex.def)             Requested size: 79.83694pt x 79.8345pt.


LaTeX Warning: `h' float specifier changed to `ht'.


<./fig/datagrow/MSE_single_unet_train_1_1.txt_bias-1_bs128_do0.1e25/0.png, id=2
2, 1505.625pt x 1505.625pt>
File: ./fig/datagrow/MSE_single_unet_train_1_1.txt_bias-1_bs128_do0.1e25/0.png 
Graphic file (type png)

<use ./fig/datagrow/MSE_single_unet_train_1_1.txt_bias-1_bs128_do0.1e25/0.png>
Package pdftex.def Info: ./fig/datagrow/MSE_single_unet_train_1_1.txt_bias-1_bs
128_do0.1e25/0.png used on input line 49.
(pdftex.def)             Requested size: 79.83694pt x 79.8345pt.

<./fig/datagrow/MSE_single_unet_train_1_2.txt_bias-1_bs128_do0.1e25/0.png, id=2
3, 1505.625pt x 1505.625pt>
File: ./fig/datagrow/MSE_single_unet_train_1_2.txt_bias-1_bs128_do0.1e25/0.png 
Graphic file (type png)

<use ./fig/datagrow/MSE_single_unet_train_1_2.txt_bias-1_bs128_do0.1e25/0.png>
Package pdftex.def Info: ./fig/datagrow/MSE_single_unet_train_1_2.txt_bias-1_bs
128_do0.1e25/0.png used on input line 50.
(pdftex.def)             Requested size: 79.83694pt x 79.8345pt.

<./fig/datagrow/MSE_single_unet_train_1_3.txt_bias-1_bs128_do0.1e25/0.png, id=2
4, 1505.625pt x 1505.625pt>
File: ./fig/datagrow/MSE_single_unet_train_1_3.txt_bias-1_bs128_do0.1e25/0.png 
Graphic file (type png)

<use ./fig/datagrow/MSE_single_unet_train_1_3.txt_bias-1_bs128_do0.1e25/0.png>
Package pdftex.def Info: ./fig/datagrow/MSE_single_unet_train_1_3.txt_bias-1_bs
128_do0.1e25/0.png used on input line 51.
(pdftex.def)             Requested size: 79.83694pt x 79.8345pt.

<./fig/datagrow/MSE_single_unet_train_1_4.txt_bias-1_bs128_do0.1e25/0.png, id=2
5, 1505.625pt x 1505.625pt>
File: ./fig/datagrow/MSE_single_unet_train_1_4.txt_bias-1_bs128_do0.1e25/0.png 
Graphic file (type png)

<use ./fig/datagrow/MSE_single_unet_train_1_4.txt_bias-1_bs128_do0.1e25/0.png>
Package pdftex.def Info: ./fig/datagrow/MSE_single_unet_train_1_4.txt_bias-1_bs
128_do0.1e25/0.png used on input line 52.
(pdftex.def)             Requested size: 79.83694pt x 79.8345pt.

<./fig/datagrow/MSE_single_unet_train_1_1.txt_bias-1_bs128_do0.1e25/1.png, id=2
6, 1505.625pt x 1505.625pt>
File: ./fig/datagrow/MSE_single_unet_train_1_1.txt_bias-1_bs128_do0.1e25/1.png 
Graphic file (type png)

<use ./fig/datagrow/MSE_single_unet_train_1_1.txt_bias-1_bs128_do0.1e25/1.png>
Package pdftex.def Info: ./fig/datagrow/MSE_single_unet_train_1_1.txt_bias-1_bs
128_do0.1e25/1.png used on input line 55.
(pdftex.def)             Requested size: 79.83694pt x 79.8345pt.

<./fig/datagrow/MSE_single_unet_train_1_2.txt_bias-1_bs128_do0.1e25/1.png, id=2
7, 1505.625pt x 1505.625pt>
File: ./fig/datagrow/MSE_single_unet_train_1_2.txt_bias-1_bs128_do0.1e25/1.png 
Graphic file (type png)

<use ./fig/datagrow/MSE_single_unet_train_1_2.txt_bias-1_bs128_do0.1e25/1.png>
Package pdftex.def Info: ./fig/datagrow/MSE_single_unet_train_1_2.txt_bias-1_bs
128_do0.1e25/1.png used on input line 56.
(pdftex.def)             Requested size: 79.83694pt x 79.8345pt.

<./fig/datagrow/MSE_single_unet_train_1_3.txt_bias-1_bs128_do0.1e25/1.png, id=2
8, 1505.625pt x 1505.625pt>
File: ./fig/datagrow/MSE_single_unet_train_1_3.txt_bias-1_bs128_do0.1e25/1.png 
Graphic file (type png)

<use ./fig/datagrow/MSE_single_unet_train_1_3.txt_bias-1_bs128_do0.1e25/1.png>
Package pdftex.def Info: ./fig/datagrow/MSE_single_unet_train_1_3.txt_bias-1_bs
128_do0.1e25/1.png used on input line 57.
(pdftex.def)             Requested size: 79.83694pt x 79.8345pt.

<./fig/datagrow/MSE_single_unet_train_1_4.txt_bias-1_bs128_do0.1e25/1.png, id=2
9, 1505.625pt x 1505.625pt>
File: ./fig/datagrow/MSE_single_unet_train_1_4.txt_bias-1_bs128_do0.1e25/1.png 
Graphic file (type png)

<use ./fig/datagrow/MSE_single_unet_train_1_4.txt_bias-1_bs128_do0.1e25/1.png>
Package pdftex.def Info: ./fig/datagrow/MSE_single_unet_train_1_4.txt_bias-1_bs
128_do0.1e25/1.png used on input line 58.
(pdftex.def)             Requested size: 79.83694pt x 79.8345pt.

<./fig/datagrow/MSE_single_unet_train_1_1.txt_bias-1_bs128_do0.1e25/2.png, id=3
0, 1505.625pt x 1505.625pt>
File: ./fig/datagrow/MSE_single_unet_train_1_1.txt_bias-1_bs128_do0.1e25/2.png 
Graphic file (type png)

<use ./fig/datagrow/MSE_single_unet_train_1_1.txt_bias-1_bs128_do0.1e25/2.png>
Package pdftex.def Info: ./fig/datagrow/MSE_single_unet_train_1_1.txt_bias-1_bs
128_do0.1e25/2.png used on input line 60.
(pdftex.def)             Requested size: 79.83694pt x 79.8345pt.

<./fig/datagrow/MSE_single_unet_train_1_2.txt_bias-1_bs128_do0.1e25/2.png, id=3
1, 1505.625pt x 1505.625pt>
File: ./fig/datagrow/MSE_single_unet_train_1_2.txt_bias-1_bs128_do0.1e25/2.png 
Graphic file (type png)

<use ./fig/datagrow/MSE_single_unet_train_1_2.txt_bias-1_bs128_do0.1e25/2.png>
Package pdftex.def Info: ./fig/datagrow/MSE_single_unet_train_1_2.txt_bias-1_bs
128_do0.1e25/2.png used on input line 61.
(pdftex.def)             Requested size: 79.83694pt x 79.8345pt.

<./fig/datagrow/MSE_single_unet_train_1_3.txt_bias-1_bs128_do0.1e25/2.png, id=3
2, 1505.625pt x 1505.625pt>
File: ./fig/datagrow/MSE_single_unet_train_1_3.txt_bias-1_bs128_do0.1e25/2.png 
Graphic file (type png)

<use ./fig/datagrow/MSE_single_unet_train_1_3.txt_bias-1_bs128_do0.1e25/2.png>
Package pdftex.def Info: ./fig/datagrow/MSE_single_unet_train_1_3.txt_bias-1_bs
128_do0.1e25/2.png used on input line 62.
(pdftex.def)             Requested size: 79.83694pt x 79.8345pt.

<./fig/datagrow/MSE_single_unet_train_1_4.txt_bias-1_bs128_do0.1e25/2.png, id=3
3, 1505.625pt x 1505.625pt>
File: ./fig/datagrow/MSE_single_unet_train_1_4.txt_bias-1_bs128_do0.1e25/2.png 
Graphic file (type png)

<use ./fig/datagrow/MSE_single_unet_train_1_4.txt_bias-1_bs128_do0.1e25/2.png>
Package pdftex.def Info: ./fig/datagrow/MSE_single_unet_train_1_4.txt_bias-1_bs
128_do0.1e25/2.png used on input line 63.
(pdftex.def)             Requested size: 79.83694pt x 79.8345pt.

<./fig/datagrow/MSE_single_unet_train_1_1.txt_bias-1_bs128_do0.1e25/3.png, id=3
4, 1505.625pt x 1505.625pt>
File: ./fig/datagrow/MSE_single_unet_train_1_1.txt_bias-1_bs128_do0.1e25/3.png 
Graphic file (type png)

<use ./fig/datagrow/MSE_single_unet_train_1_1.txt_bias-1_bs128_do0.1e25/3.png>
Package pdftex.def Info: ./fig/datagrow/MSE_single_unet_train_1_1.txt_bias-1_bs
128_do0.1e25/3.png used on input line 65.
(pdftex.def)             Requested size: 79.83694pt x 79.8345pt.

<./fig/datagrow/MSE_single_unet_train_1_2.txt_bias-1_bs128_do0.1e25/3.png, id=3
5, 1505.625pt x 1505.625pt>
File: ./fig/datagrow/MSE_single_unet_train_1_2.txt_bias-1_bs128_do0.1e25/3.png 
Graphic file (type png)

<use ./fig/datagrow/MSE_single_unet_train_1_2.txt_bias-1_bs128_do0.1e25/3.png>
Package pdftex.def Info: ./fig/datagrow/MSE_single_unet_train_1_2.txt_bias-1_bs
128_do0.1e25/3.png used on input line 66.
(pdftex.def)             Requested size: 79.83694pt x 79.8345pt.

<./fig/datagrow/MSE_single_unet_train_1_3.txt_bias-1_bs128_do0.1e25/3.png, id=3
6, 1505.625pt x 1505.625pt>
File: ./fig/datagrow/MSE_single_unet_train_1_3.txt_bias-1_bs128_do0.1e25/3.png 
Graphic file (type png)

<use ./fig/datagrow/MSE_single_unet_train_1_3.txt_bias-1_bs128_do0.1e25/3.png>
Package pdftex.def Info: ./fig/datagrow/MSE_single_unet_train_1_3.txt_bias-1_bs
128_do0.1e25/3.png used on input line 67.
(pdftex.def)             Requested size: 79.83694pt x 79.8345pt.

<./fig/datagrow/MSE_single_unet_train_1_4.txt_bias-1_bs128_do0.1e25/3.png, id=3
7, 1505.625pt x 1505.625pt>
File: ./fig/datagrow/MSE_single_unet_train_1_4.txt_bias-1_bs128_do0.1e25/3.png 
Graphic file (type png)

<use ./fig/datagrow/MSE_single_unet_train_1_4.txt_bias-1_bs128_do0.1e25/3.png>
Package pdftex.def Info: ./fig/datagrow/MSE_single_unet_train_1_4.txt_bias-1_bs
128_do0.1e25/3.png used on input line 68.
(pdftex.def)             Requested size: 79.83694pt x 79.8345pt.

<./fig/datagrow/MSE_single_unet_train_1_1.txt_bias-1_bs128_do0.1e25/4.png, id=3
8, 1505.625pt x 1505.625pt>
File: ./fig/datagrow/MSE_single_unet_train_1_1.txt_bias-1_bs128_do0.1e25/4.png 
Graphic file (type png)

<use ./fig/datagrow/MSE_single_unet_train_1_1.txt_bias-1_bs128_do0.1e25/4.png>
Package pdftex.def Info: ./fig/datagrow/MSE_single_unet_train_1_1.txt_bias-1_bs
128_do0.1e25/4.png used on input line 70.
(pdftex.def)             Requested size: 79.83694pt x 79.8345pt.

<./fig/datagrow/MSE_single_unet_train_1_2.txt_bias-1_bs128_do0.1e25/4.png, id=3
9, 1505.625pt x 1505.625pt>
File: ./fig/datagrow/MSE_single_unet_train_1_2.txt_bias-1_bs128_do0.1e25/4.png 
Graphic file (type png)

<use ./fig/datagrow/MSE_single_unet_train_1_2.txt_bias-1_bs128_do0.1e25/4.png>
Package pdftex.def Info: ./fig/datagrow/MSE_single_unet_train_1_2.txt_bias-1_bs
128_do0.1e25/4.png used on input line 71.
(pdftex.def)             Requested size: 79.83694pt x 79.8345pt.

<./fig/datagrow/MSE_single_unet_train_1_3.txt_bias-1_bs128_do0.1e25/4.png, id=4
0, 1505.625pt x 1505.625pt>
File: ./fig/datagrow/MSE_single_unet_train_1_3.txt_bias-1_bs128_do0.1e25/4.png 
Graphic file (type png)

<use ./fig/datagrow/MSE_single_unet_train_1_3.txt_bias-1_bs128_do0.1e25/4.png>
Package pdftex.def Info: ./fig/datagrow/MSE_single_unet_train_1_3.txt_bias-1_bs
128_do0.1e25/4.png used on input line 72.
(pdftex.def)             Requested size: 79.83694pt x 79.8345pt.

<./fig/datagrow/MSE_single_unet_train_1_4.txt_bias-1_bs128_do0.1e25/4.png, id=4
1, 1505.625pt x 1505.625pt>
File: ./fig/datagrow/MSE_single_unet_train_1_4.txt_bias-1_bs128_do0.1e25/4.png 
Graphic file (type png)

<use ./fig/datagrow/MSE_single_unet_train_1_4.txt_bias-1_bs128_do0.1e25/4.png>
Package pdftex.def Info: ./fig/datagrow/MSE_single_unet_train_1_4.txt_bias-1_bs
128_do0.1e25/4.png used on input line 73.
(pdftex.def)             Requested size: 79.83694pt x 79.8345pt.


LaTeX Warning: `h' float specifier changed to `ht'.

) [1


{/var/lib/texmf/fonts/map/pdftex/updmap/pdftex.map} <./fig/datagrow/keynote/dat
agrow_diagram.pdf>] [2 <./fig/datagrow/MSE_single_unet_train_0_1.txt_bias-1_bs1
28_do0.1e25/orthoQB02_11JAN121245196-M1BS-101001000CD66D00_u08rfAEAC.png (PNG c
opy)> <./fig/datagrow/MSE_single_unet_train_0_2.txt_bias-1_bs128_do0.1e25/ortho
QB02_11JAN121245196-M1BS-101001000CD66D00_u08rfAEAC.png (PNG copy)> <./fig/data
grow/MSE_single_unet_train_0_3.txt_bias-1_bs128_do0.1e25/orthoQB02_11JAN1212451
96-M1BS-101001000CD66D00_u08rfAEAC.png (PNG copy)> <./fig/datagrow/MSE_single_u
net_train_0_4.txt_bias-1_bs128_do0.1e25/orthoQB02_11JAN121245196-M1BS-101001000
CD66D00_u08rfAEAC.png (PNG copy)> <./fig/datagrow/MSE_single_unet_train_0_1.txt
_bias-1_bs128_do0.1e25/orthoWV02_11FEB251253222-M1BS-1030010009092C00_u08rfAEAC
.png (PNG copy)> <./fig/datagrow/MSE_single_unet_train_0_2.txt_bias-1_bs128_do0
.1e25/orthoWV02_11FEB251253222-M1BS-1030010009092C00_u08rfAEAC.png (PNG copy)> 
<./fig/datagrow/MSE_single_unet_train_0_3.txt_bias-1_bs128_do0.1e25/orthoWV02_1
1FEB251253222-M1BS-1030010009092C00_u08rfAEAC.png (PNG copy)> <./fig/datagrow/M
SE_single_unet_train_0_4.txt_bias-1_bs128_do0.1e25/orthoWV02_11FEB251253222-M1B
S-1030010009092C00_u08rfAEAC.png (PNG copy)> <./fig/datagrow/MSE_single_unet_tr
ain_0_1.txt_bias-1_bs128_do0.1e25/WV02_20110131195115_1030010009CCF900_11JAN311
95115-M1BS-052549143040_01_P003_u08rf3031.png (PNG copy)> <./fig/datagrow/MSE_s
ingle_unet_train_0_2.txt_bias-1_bs128_do0.1e25/WV02_20110131195115_1030010009CC
F900_11JAN31195115-M1BS-052549143040_01_P003_u08rf3031.png (PNG copy)> <./fig/d
atagrow/MSE_single_unet_train_0_3.txt_bias-1_bs128_do0.1e25/WV02_20110131195115
_1030010009CCF900_11JAN31195115-M1BS-052549143040_01_P003_u08rf3031.png (PNG co
py)> <./fig/datagrow/MSE_single_unet_train_0_4.txt_bias-1_bs128_do0.1e25/WV02_2
0110131195115_1030010009CCF900_11JAN31195115-M1BS-052549143040_01_P003_u08rf303
1.png (PNG copy)> <./fig/datagrow/MSE_single_unet_train_0_1.txt_bias-1_bs128_do
0.1e25/WV02_20160101055824_103001004E1BFF00_16JAN01055824-M1BS-500637502050_01_
P007_u08rf3031.png (PNG copy)> <./fig/datagrow/MSE_single_unet_train_0_2.txt_bi
as-1_bs128_do0.1e25/WV02_20160101055824_103001004E1BFF00_16JAN01055824-M1BS-500
637502050_01_P007_u08rf3031.png (PNG copy)> <./fig/datagrow/MSE_single_unet_tra
in_0_3.txt_bias-1_bs128_do0.1e25/WV02_20160101055824_103001004E1BFF00_16JAN0105
5824-M1BS-500637502050_01_P007_u08rf3031.png (PNG copy)> <./fig/datagrow/MSE_si
ngle_unet_train_0_4.txt_bias-1_bs128_do0.1e25/WV02_20160101055824_103001004E1BF
F00_16JAN01055824-M1BS-500637502050_01_P007_u08rf3031.png (PNG copy)> <./fig/da
tagrow/MSE_single_unet_train_0_1.txt_bias-1_bs128_do0.1e25/WV03_20170217064537_
10400100297FEA00_17FEB17064537-M1BS-057107305010_01_P001_u08rf3031.png (PNG cop
y)> <./fig/datagrow/MSE_single_unet_train_0_2.txt_bias-1_bs128_do0.1e25/WV03_20
170217064537_10400100297FEA00_17FEB17064537-M1BS-057107305010_01_P001_u08rf3031
.png (PNG copy)> <./fig/datagrow/MSE_single_unet_train_0_3.txt_bias-1_bs128_do0
.1e25/WV03_20170217064537_10400100297FEA00_17FEB17064537-M1BS-057107305010_01_P
001_u08rf3031.png (PNG copy)> <./fig/datagrow/MSE_single_unet_train_0_4.txt_bia
s-1_bs128_do0.1e25/WV03_20170217064537_10400100297FEA00_17FEB17064537-M1BS-0571
07305010_01_P001_u08rf3031.png (PNG copy)>] [3 <./fig/datagrow/MSE_single_unet_
train_1_1.txt_bias-1_bs128_do0.1e25/0.png (PNG copy)> <./fig/datagrow/MSE_singl
e_unet_train_1_2.txt_bias-1_bs128_do0.1e25/0.png (PNG copy)> <./fig/datagrow/MS
E_single_unet_train_1_3.txt_bias-1_bs128_do0.1e25/0.png (PNG copy)> <./fig/data
grow/MSE_single_unet_train_1_4.txt_bias-1_bs128_do0.1e25/0.png (PNG copy)> <./f
ig/datagrow/MSE_single_unet_train_1_1.txt_bias-1_bs128_do0.1e25/1.png (PNG copy
)> <./fig/datagrow/MSE_single_unet_train_1_2.txt_bias-1_bs128_do0.1e25/1.png (P
NG copy)> <./fig/datagrow/MSE_single_unet_train_1_3.txt_bias-1_bs128_do0.1e25/1
.png (PNG copy)> <./fig/datagrow/MSE_single_unet_train_1_4.txt_bias-1_bs128_do0
.1e25/1.png (PNG copy)> <./fig/datagrow/MSE_single_unet_train_1_1.txt_bias-1_bs
128_do0.1e25/2.png (PNG copy)> <./fig/datagrow/MSE_single_unet_train_1_2.txt_bi
as-1_bs128_do0.1e25/2.png (PNG copy)> <./fig/datagrow/MSE_single_unet_train_1_3
.txt_bias-1_bs128_do0.1e25/2.png (PNG copy)> <./fig/datagrow/MSE_single_unet_tr
ain_1_4.txt_bias-1_bs128_do0.1e25/2.png (PNG copy)> <./fig/datagrow/MSE_single_
unet_train_1_1.txt_bias-1_bs128_do0.1e25/3.png (PNG copy)> <./fig/datagrow/MSE_
single_unet_train_1_2.txt_bias-1_bs128_do0.1e25/3.png (PNG copy)> <./fig/datagr
ow/MSE_single_unet_train_1_3.txt_bias-1_bs128_do0.1e25/3.png (PNG copy)> <./fig
/datagrow/MSE_single_unet_train_1_4.txt_bias-1_bs128_do0.1e25/3.png (PNG copy)>
 <./fig/datagrow/MSE_single_unet_train_1_1.txt_bias-1_bs128_do0.1e25/4.png (PNG
 copy)> <./fig/datagrow/MSE_single_unet_train_1_2.txt_bias-1_bs128_do0.1e25/4.p
ng (PNG copy)> <./fig/datagrow/MSE_single_unet_train_1_3.txt_bias-1_bs128_do0.1
e25/4.png (PNG copy)> <./fig/datagrow/MSE_single_unet_train_1_4.txt_bias-1_bs12
8_do0.1e25/4.png (PNG copy)>]
No file datagrow.bbl.
(/nfs/bigbox/hieule/Penguins_CODE/report/datagrow.aux) ) 
Here is how much of TeX's memory you used:
 3508 strings out of 495028
 63881 string characters out of 6181498
 116646 words of memory out of 5000000
 6639 multiletter control sequences out of 15000+600000
 7156 words of font info for 28 fonts, out of 8000000 for 9000
 14 hyphenation exceptions out of 8191
 38i,6n,26p,578b,269s stack positions out of 5000i,500n,10000p,200000b,80000s
</usr/share/texlive/tex
mf-dist/fonts/type1/public/amsfonts/cm/cmbx12.pfb></usr/share/texlive/texmf-dis
t/fonts/type1/public/amsfonts/cm/cmbx9.pfb></usr/share/texlive/texmf-dist/fonts
/type1/public/amsfonts/cm/cmr10.pfb></usr/share/texlive/texmf-dist/fonts/type1/
public/amsfonts/cm/cmr9.pfb>
Output written on /nfs/bigbox/hieule/Penguins_CODE/report/datagrow.pdf (3 pages
, 103867814 bytes).
PDF statistics:
 115 PDF objects out of 1000 (max. 8388607)
 52 compressed objects within 1 object stream
 0 named destinations out of 1000 (max. 500000)
 206 words of extra memory for PDF output out of 10000 (max. 10000000)

