0
python /nfs/bigbox/hieule/Penguins_CODE/penguin_train.py --randomSize --keep_ratio --batchSize 128 --biased_sampling 0.3 --traininglist /nfs/bigbox/hieule/penguin_data/p1000/train10.75_0 --gpu_ids 2 --model single_unet --input_nc 3 --name MSEnc3_train10.75__0_bias0.3_bs128 --root /nfs/bigbox/hieule/penguin_data/p1000/PATCHES/64_386/ --dataroot /nfs/bigbox/hieule/penguin_data/p1000/PATCHES/64_386/ --dataset_mode png_withlist --fineSize 256 --display_port 9999 --checkpoints /nfs/bigbox/hieule/penguin_data/checkpoints/
/nfs/bigbox/hieule/penguin_data/checkpoints/MSEnc3_train10.75__0_bias0.3_bs128
create web directory /nfs/bigbox/hieule/penguin_data/checkpoints/MSEnc3_train10.75__0_bias0.3_bs128/web...
CustomDatasetDataLoader
/nfs/bigbox/hieule/penguin_data/p1000/train10.75_0
['WV02_20160101055831_103001004FC8BC00_16JAN01055831-M1BS-500637524030_01_P001_u08rf3031', 'WV03_20170106053006_10400100272BF900_17JAN06053006-M1BS-057089629010_01_P001_u08rf3031', 'WV02_20160119013349_1030010050B0C500_16JAN19013349-M1BS-500637522050_01_P001_u08rf3031', 'WV03_20160121015319_104001001762AC00_16JAN21015319-M1BS-500638671020_01_P001_u08rf3031', 'WV02_20160115040140_103001005065A200_16JAN15040140-M1BS-500638401020_01_P003_u08rf3031', 'WV02_20160203054101_1030010051854A00_16FEB03054101-M1BS-500637516020_01_P001_u08rf3031', 'orthoQB02_11JAN121245196-M1BS-101001000CD66D00_u08rfAEAC', 'WV02_20160101055824_103001004E1BFF00_16JAN01055824-M1BS-500637502050_01_P007_u08rf3031', 'orthoWV02_11FEB111306175-M1BS-10300100080D2800_u08rfAEAC', 'WV02_20151204195602_103001004F9A8500_15DEC04195602-M1BS-500637515080_01_P006_u08rf3031', 'WV03_20160202130111_1040010017D54900_16FEB02130111-M1BS-500638661010_01_P001_u08rf3031', 'orthoQB02_10DEC161334434-M1BS-101001000CB8F300_u08rfAEAC']
dataset [PNGDATASET] was created
single_unet
initialization method [normal]
model [UnetModel] was created
epoch:1
Total: 8616 || Pos: 1253
(epoch: 1, iters: 0, time: 10.000) G_Loss: 0.070 X: 0.000 
(epoch: 1, iters: 0, time: 10.000) G_Loss: 0.014 X: 0.000 
(epoch: 1, iters: 0, time: 10.000) G_Loss: 0.011 X: 0.000 
(epoch: 1, iters: 0, time: 10.000) G_Loss: 0.012 X: 0.000 
(epoch: 1, iters: 0, time: 10.000) G_Loss: 0.012 X: 0.000 
(epoch: 1, iters: 0, time: 10.000) G_Loss: 0.011 X: 0.000 
(epoch: 1, iters: 0, time: 10.000) G_Loss: 0.007 X: 0.000 
(epoch: 1, iters: 0, time: 10.000) G_Loss: 0.010 X: 0.000 
(epoch: 1, iters: 0, time: 10.000) G_Loss: 0.007 X: 0.000 
(epoch: 1, iters: 0, time: 10.000) G_Loss: 0.008 X: 0.000 
(epoch: 1, iters: 0, time: 10.000) G_Loss: 0.008 X: 0.000 
(epoch: 1, iters: 0, time: 10.000) G_Loss: 0.007 X: 0.000 
(epoch: 1, iters: 0, time: 10.000) G_Loss: 0.006 X: 0.000 
(epoch: 1, iters: 0, time: 10.000) G_Loss: 0.007 X: 0.000 
(epoch: 1, iters: 0, time: 10.000) G_Loss: 0.009 X: 0.000 
(epoch: 1, iters: 0, time: 10.000) G_Loss: 0.011 X: 0.000 
(epoch: 1, iters: 0, time: 10.000) G_Loss: 0.006 X: 0.000 
(epoch: 1, iters: 0, time: 10.000) G_Loss: 0.007 X: 0.000 
(epoch: 1, iters: 0, time: 10.000) G_Loss: 0.008 X: 0.000 
(epoch: 1, iters: 0, time: 10.000) G_Loss: 0.005 X: 0.000 
(epoch: 1, iters: 0, time: 10.000) G_Loss: 0.005 X: 0.000 
(epoch: 1, iters: 0, time: 10.000) G_Loss: 0.007 X: 0.000 
(epoch: 1, iters: 0, time: 10.000) G_Loss: 0.009 X: 0.000 
(epoch: 1, iters: 0, time: 10.000) G_Loss: 0.007 X: 0.000 
End of epoch 1 / 20 	 Time Taken: 329 sec
learning rate = 0.0002000
epoch:2
Total: 8616 || Pos: 1253
(epoch: 2, iters: 0, time: 10.000) G_Loss: 0.005 X: 0.000 
(epoch: 2, iters: 0, time: 10.000) G_Loss: 0.006 X: 0.000 
(epoch: 2, iters: 0, time: 10.000) G_Loss: 0.008 X: 0.000 
(epoch: 2, iters: 0, time: 10.000) G_Loss: 0.006 X: 0.000 
(epoch: 2, iters: 0, time: 10.000) G_Loss: 0.005 X: 0.000 
(epoch: 2, iters: 0, time: 10.000) G_Loss: 0.006 X: 0.000 
(epoch: 2, iters: 0, time: 10.000) G_Loss: 0.009 X: 0.000 
(epoch: 2, iters: 0, time: 10.000) G_Loss: 0.006 X: 0.000 
(epoch: 2, iters: 0, time: 10.000) G_Loss: 0.006 X: 0.000 
(epoch: 2, iters: 0, time: 10.000) G_Loss: 0.007 X: 0.000 
(epoch: 2, iters: 0, time: 10.000) G_Loss: 0.005 X: 0.000 
(epoch: 2, iters: 0, time: 10.000) G_Loss: 0.004 X: 0.000 
(epoch: 2, iters: 0, time: 10.000) G_Loss: 0.007 X: 0.000 
(epoch: 2, iters: 0, time: 10.000) G_Loss: 0.005 X: 0.000 
(epoch: 2, iters: 0, time: 10.000) G_Loss: 0.007 X: 0.000 
(epoch: 2, iters: 0, time: 10.000) G_Loss: 0.007 X: 0.000 
(epoch: 2, iters: 0, time: 10.000) G_Loss: 0.005 X: 0.000 
(epoch: 2, iters: 0, time: 10.000) G_Loss: 0.006 X: 0.000 
(epoch: 2, iters: 0, time: 10.000) G_Loss: 0.006 X: 0.000 
(epoch: 2, iters: 0, time: 10.000) G_Loss: 0.005 X: 0.000 
(epoch: 2, iters: 0, time: 10.000) G_Loss: 0.004 X: 0.000 
(epoch: 2, iters: 0, time: 10.000) G_Loss: 0.006 X: 0.000 
(epoch: 2, iters: 0, time: 10.000) G_Loss: 0.006 X: 0.000 
(epoch: 2, iters: 0, time: 10.000) G_Loss: 0.006 X: 0.000 
End of epoch 2 / 20 	 Time Taken: 258 sec
learning rate = 0.0002000
epoch:3
Total: 8616 || Pos: 1253
(epoch: 3, iters: 0, time: 10.000) G_Loss: 0.007 X: 0.000 
(epoch: 3, iters: 0, time: 10.000) G_Loss: 0.006 X: 0.000 
(epoch: 3, iters: 0, time: 10.000) G_Loss: 0.005 X: 0.000 
(epoch: 3, iters: 0, time: 10.000) G_Loss: 0.004 X: 0.000 
(epoch: 3, iters: 0, time: 10.000) G_Loss: 0.003 X: 0.000 
(epoch: 3, iters: 0, time: 10.000) G_Loss: 0.006 X: 0.000 
(epoch: 3, iters: 0, time: 10.000) G_Loss: 0.006 X: 0.000 
(epoch: 3, iters: 0, time: 10.000) G_Loss: 0.005 X: 0.000 
(epoch: 3, iters: 0, time: 10.000) G_Loss: 0.005 X: 0.000 
(epoch: 3, iters: 0, time: 10.000) G_Loss: 0.002 X: 0.000 
(epoch: 3, iters: 0, time: 10.000) G_Loss: 0.003 X: 0.000 
(epoch: 3, iters: 0, time: 10.000) G_Loss: 0.005 X: 0.000 
(epoch: 3, iters: 0, time: 10.000) G_Loss: 0.002 X: 0.000 
(epoch: 3, iters: 0, time: 10.000) G_Loss: 0.005 X: 0.000 
(epoch: 3, iters: 0, time: 10.000) G_Loss: 0.012 X: 0.000 
(epoch: 3, iters: 0, time: 10.000) G_Loss: 0.004 X: 0.000 
(epoch: 3, iters: 0, time: 10.000) G_Loss: 0.008 X: 0.000 
(epoch: 3, iters: 0, time: 10.000) G_Loss: 0.004 X: 0.000 
(epoch: 3, iters: 0, time: 10.000) G_Loss: 0.004 X: 0.000 
(epoch: 3, iters: 0, time: 10.000) G_Loss: 0.002 X: 0.000 
(epoch: 3, iters: 0, time: 10.000) G_Loss: 0.004 X: 0.000 
(epoch: 3, iters: 0, time: 10.000) G_Loss: 0.004 X: 0.000 
(epoch: 3, iters: 0, time: 10.000) G_Loss: 0.003 X: 0.000 
(epoch: 3, iters: 0, time: 10.000) G_Loss: 0.003 X: 0.000 
End of epoch 3 / 20 	 Time Taken: 258 sec
learning rate = 0.0002000
epoch:4
Total: 8616 || Pos: 1253
(epoch: 4, iters: 0, time: 10.000) G_Loss: 0.004 X: 0.000 
(epoch: 4, iters: 0, time: 10.000) G_Loss: 0.004 X: 0.000 
(epoch: 4, iters: 0, time: 10.000) G_Loss: 0.002 X: 0.000 
(epoch: 4, iters: 0, time: 10.000) G_Loss: 0.004 X: 0.000 
(epoch: 4, iters: 0, time: 10.000) G_Loss: 0.002 X: 0.000 
(epoch: 4, iters: 0, time: 10.000) G_Loss: 0.004 X: 0.000 
(epoch: 4, iters: 0, time: 10.000) G_Loss: 0.003 X: 0.000 
(epoch: 4, iters: 0, time: 10.000) G_Loss: 0.004 X: 0.000 
(epoch: 4, iters: 0, time: 10.000) G_Loss: 0.006 X: 0.000 
(epoch: 4, iters: 0, time: 10.000) G_Loss: 0.003 X: 0.000 
(epoch: 4, iters: 0, time: 10.000) G_Loss: 0.002 X: 0.000 
(epoch: 4, iters: 0, time: 10.000) G_Loss: 0.004 X: 0.000 
(epoch: 4, iters: 0, time: 10.000) G_Loss: 0.009 X: 0.000 
(epoch: 4, iters: 0, time: 10.000) G_Loss: 0.012 X: 0.000 
(epoch: 4, iters: 0, time: 10.000) G_Loss: 0.009 X: 0.000 
(epoch: 4, iters: 0, time: 10.000) G_Loss: 0.009 X: 0.000 
(epoch: 4, iters: 0, time: 10.000) G_Loss: 0.006 X: 0.000 
(epoch: 4, iters: 0, time: 10.000) G_Loss: 0.009 X: 0.000 
(epoch: 4, iters: 0, time: 10.000) G_Loss: 0.008 X: 0.000 
(epoch: 4, iters: 0, time: 10.000) G_Loss: 0.006 X: 0.000 
(epoch: 4, iters: 0, time: 10.000) G_Loss: 0.006 X: 0.000 
(epoch: 4, iters: 0, time: 10.000) G_Loss: 0.008 X: 0.000 
(epoch: 4, iters: 0, time: 10.000) G_Loss: 0.008 X: 0.000 
(epoch: 4, iters: 0, time: 10.000) G_Loss: 0.006 X: 0.000 
End of epoch 4 / 20 	 Time Taken: 258 sec
learning rate = 0.0002000
epoch:5
Total: 8616 || Pos: 1253
(epoch: 5, iters: 0, time: 10.000) G_Loss: 0.007 X: 0.000 
(epoch: 5, iters: 0, time: 10.000) G_Loss: 0.006 X: 0.000 
(epoch: 5, iters: 0, time: 10.000) G_Loss: 0.005 X: 0.000 
(epoch: 5, iters: 0, time: 10.000) G_Loss: 0.006 X: 0.000 
(epoch: 5, iters: 0, time: 10.000) G_Loss: 0.005 X: 0.000 
(epoch: 5, iters: 0, time: 10.000) G_Loss: 0.006 X: 0.000 
(epoch: 5, iters: 0, time: 10.000) G_Loss: 0.007 X: 0.000 
(epoch: 5, iters: 0, time: 10.000) G_Loss: 0.005 X: 0.000 
(epoch: 5, iters: 0, time: 10.000) G_Loss: 0.004 X: 0.000 
(epoch: 5, iters: 0, time: 10.000) G_Loss: 0.005 X: 0.000 
(epoch: 5, iters: 0, time: 10.000) G_Loss: 0.004 X: 0.000 
(epoch: 5, iters: 0, time: 10.000) G_Loss: 0.004 X: 0.000 
(epoch: 5, iters: 0, time: 10.000) G_Loss: 0.005 X: 0.000 
(epoch: 5, iters: 0, time: 10.000) G_Loss: 0.005 X: 0.000 
(epoch: 5, iters: 0, time: 10.000) G_Loss: 0.005 X: 0.000 
(epoch: 5, iters: 0, time: 10.000) G_Loss: 0.003 X: 0.000 
(epoch: 5, iters: 0, time: 10.000) G_Loss: 0.004 X: 0.000 
(epoch: 5, iters: 0, time: 10.000) G_Loss: 0.005 X: 0.000 
(epoch: 5, iters: 0, time: 10.000) G_Loss: 0.004 X: 0.000 
(epoch: 5, iters: 0, time: 10.000) G_Loss: 0.006 X: 0.000 
(epoch: 5, iters: 0, time: 10.000) G_Loss: 0.005 X: 0.000 
(epoch: 5, iters: 0, time: 10.000) G_Loss: 0.004 X: 0.000 
(epoch: 5, iters: 0, time: 10.000) G_Loss: 0.004 X: 0.000 
(epoch: 5, iters: 0, time: 10.000) G_Loss: 0.003 X: 0.000 
End of epoch 5 / 20 	 Time Taken: 258 sec
learning rate = 0.0001875
epoch:6
Total: 8616 || Pos: 1253
(epoch: 6, iters: 0, time: 10.000) G_Loss: 0.003 X: 0.000 
(epoch: 6, iters: 0, time: 10.000) G_Loss: 0.004 X: 0.000 
(epoch: 6, iters: 0, time: 10.000) G_Loss: 0.003 X: 0.000 
(epoch: 6, iters: 0, time: 10.000) G_Loss: 0.004 X: 0.000 
(epoch: 6, iters: 0, time: 10.000) G_Loss: 0.004 X: 0.000 
(epoch: 6, iters: 0, time: 10.000) G_Loss: 0.004 X: 0.000 
(epoch: 6, iters: 0, time: 10.000) G_Loss: 0.004 X: 0.000 
(epoch: 6, iters: 0, time: 10.000) G_Loss: 0.004 X: 0.000 
(epoch: 6, iters: 0, time: 10.000) G_Loss: 0.004 X: 0.000 
(epoch: 6, iters: 0, time: 10.000) G_Loss: 0.003 X: 0.000 
(epoch: 6, iters: 0, time: 10.000) G_Loss: 0.003 X: 0.000 
(epoch: 6, iters: 0, time: 10.000) G_Loss: 0.003 X: 0.000 
(epoch: 6, iters: 0, time: 10.000) G_Loss: 0.002 X: 0.000 
(epoch: 6, iters: 0, time: 10.000) G_Loss: 0.004 X: 0.000 
(epoch: 6, iters: 0, time: 10.000) G_Loss: 0.006 X: 0.000 
(epoch: 6, iters: 0, time: 10.000) G_Loss: 0.004 X: 0.000 
(epoch: 6, iters: 0, time: 10.000) G_Loss: 0.003 X: 0.000 
(epoch: 6, iters: 0, time: 10.000) G_Loss: 0.004 X: 0.000 
(epoch: 6, iters: 0, time: 10.000) G_Loss: 0.005 X: 0.000 
(epoch: 6, iters: 0, time: 10.000) G_Loss: 0.003 X: 0.000 
(epoch: 6, iters: 0, time: 10.000) G_Loss: 0.003 X: 0.000 
(epoch: 6, iters: 0, time: 10.000) G_Loss: 0.003 X: 0.000 
(epoch: 6, iters: 0, time: 10.000) G_Loss: 0.003 X: 0.000 
(epoch: 6, iters: 0, time: 10.000) G_Loss: 0.004 X: 0.000 
End of epoch 6 / 20 	 Time Taken: 258 sec
learning rate = 0.0001750
epoch:7
Total: 8616 || Pos: 1253
(epoch: 7, iters: 0, time: 10.000) G_Loss: 0.002 X: 0.000 
(epoch: 7, iters: 0, time: 10.000) G_Loss: 0.002 X: 0.000 
(epoch: 7, iters: 0, time: 10.000) G_Loss: 0.004 X: 0.000 
(epoch: 7, iters: 0, time: 10.000) G_Loss: 0.002 X: 0.000 
(epoch: 7, iters: 0, time: 10.000) G_Loss: 0.005 X: 0.000 
(epoch: 7, iters: 0, time: 10.000) G_Loss: 0.003 X: 0.000 
(epoch: 7, iters: 0, time: 10.000) G_Loss: 0.003 X: 0.000 
(epoch: 7, iters: 0, time: 10.000) G_Loss: 0.003 X: 0.000 
(epoch: 7, iters: 0, time: 10.000) G_Loss: 0.002 X: 0.000 
(epoch: 7, iters: 0, time: 10.000) G_Loss: 0.002 X: 0.000 
(epoch: 7, iters: 0, time: 10.000) G_Loss: 0.003 X: 0.000 
(epoch: 7, iters: 0, time: 10.000) G_Loss: 0.003 X: 0.000 
(epoch: 7, iters: 0, time: 10.000) G_Loss: 0.002 X: 0.000 
(epoch: 7, iters: 0, time: 10.000) G_Loss: 0.003 X: 0.000 
(epoch: 7, iters: 0, time: 10.000) G_Loss: 0.003 X: 0.000 
(epoch: 7, iters: 0, time: 10.000) G_Loss: 0.003 X: 0.000 
(epoch: 7, iters: 0, time: 10.000) G_Loss: 0.003 X: 0.000 
(epoch: 7, iters: 0, time: 10.000) G_Loss: 0.003 X: 0.000 
(epoch: 7, iters: 0, time: 10.000) G_Loss: 0.003 X: 0.000 
(epoch: 7, iters: 0, time: 10.000) G_Loss: 0.003 X: 0.000 
(epoch: 7, iters: 0, time: 10.000) G_Loss: 0.002 X: 0.000 
(epoch: 7, iters: 0, time: 10.000) G_Loss: 0.004 X: 0.000 
(epoch: 7, iters: 0, time: 10.000) G_Loss: 0.003 X: 0.000 
(epoch: 7, iters: 0, time: 10.000) G_Loss: 0.003 X: 0.000 
End of epoch 7 / 20 	 Time Taken: 258 sec
learning rate = 0.0001625
epoch:8
Total: 8616 || Pos: 1253
(epoch: 8, iters: 0, time: 10.000) G_Loss: 0.002 X: 0.000 
(epoch: 8, iters: 0, time: 10.000) G_Loss: 0.002 X: 0.000 
(epoch: 8, iters: 0, time: 10.000) G_Loss: 0.002 X: 0.000 
(epoch: 8, iters: 0, time: 10.000) G_Loss: 0.003 X: 0.000 
(epoch: 8, iters: 0, time: 10.000) G_Loss: 0.002 X: 0.000 
(epoch: 8, iters: 0, time: 10.000) G_Loss: 0.002 X: 0.000 
(epoch: 8, iters: 0, time: 10.000) G_Loss: 0.004 X: 0.000 
(epoch: 8, iters: 0, time: 10.000) G_Loss: 0.004 X: 0.000 
(epoch: 8, iters: 0, time: 10.000) G_Loss: 0.003 X: 0.000 
(epoch: 8, iters: 0, time: 10.000) G_Loss: 0.003 X: 0.000 
(epoch: 8, iters: 0, time: 10.000) G_Loss: 0.003 X: 0.000 
(epoch: 8, iters: 0, time: 10.000) G_Loss: 0.002 X: 0.000 
(epoch: 8, iters: 0, time: 10.000) G_Loss: 0.002 X: 0.000 
(epoch: 8, iters: 0, time: 10.000) G_Loss: 0.002 X: 0.000 
(epoch: 8, iters: 0, time: 10.000) G_Loss: 0.002 X: 0.000 
(epoch: 8, iters: 0, time: 10.000) G_Loss: 0.003 X: 0.000 
(epoch: 8, iters: 0, time: 10.000) G_Loss: 0.002 X: 0.000 
(epoch: 8, iters: 0, time: 10.000) G_Loss: 0.004 X: 0.000 
(epoch: 8, iters: 0, time: 10.000) G_Loss: 0.003 X: 0.000 
(epoch: 8, iters: 0, time: 10.000) G_Loss: 0.002 X: 0.000 
(epoch: 8, iters: 0, time: 10.000) G_Loss: 0.003 X: 0.000 
(epoch: 8, iters: 0, time: 10.000) G_Loss: 0.002 X: 0.000 
(epoch: 8, iters: 0, time: 10.000) G_Loss: 0.004 X: 0.000 
(epoch: 8, iters: 0, time: 10.000) G_Loss: 0.003 X: 0.000 
End of epoch 8 / 20 	 Time Taken: 258 sec
learning rate = 0.0001500
epoch:9
Total: 8616 || Pos: 1253
(epoch: 9, iters: 0, time: 10.000) G_Loss: 0.004 X: 0.000 
(epoch: 9, iters: 0, time: 10.000) G_Loss: 0.001 X: 0.000 
(epoch: 9, iters: 0, time: 10.000) G_Loss: 0.002 X: 0.000 
(epoch: 9, iters: 0, time: 10.000) G_Loss: 0.002 X: 0.000 
(epoch: 9, iters: 0, time: 10.000) G_Loss: 0.004 X: 0.000 
(epoch: 9, iters: 0, time: 10.000) G_Loss: 0.002 X: 0.000 
(epoch: 9, iters: 0, time: 10.000) G_Loss: 0.002 X: 0.000 
(epoch: 9, iters: 0, time: 10.000) G_Loss: 0.002 X: 0.000 
(epoch: 9, iters: 0, time: 10.000) G_Loss: 0.003 X: 0.000 
(epoch: 9, iters: 0, time: 10.000) G_Loss: 0.003 X: 0.000 
(epoch: 9, iters: 0, time: 10.000) G_Loss: 0.002 X: 0.000 
(epoch: 9, iters: 0, time: 10.000) G_Loss: 0.002 X: 0.000 
(epoch: 9, iters: 0, time: 10.000) G_Loss: 0.002 X: 0.000 
(epoch: 9, iters: 0, time: 10.000) G_Loss: 0.002 X: 0.000 
(epoch: 9, iters: 0, time: 10.000) G_Loss: 0.003 X: 0.000 
(epoch: 9, iters: 0, time: 10.000) G_Loss: 0.002 X: 0.000 
(epoch: 9, iters: 0, time: 10.000) G_Loss: 0.002 X: 0.000 
(epoch: 9, iters: 0, time: 10.000) G_Loss: 0.002 X: 0.000 
(epoch: 9, iters: 0, time: 10.000) G_Loss: 0.002 X: 0.000 
(epoch: 9, iters: 0, time: 10.000) G_Loss: 0.002 X: 0.000 
(epoch: 9, iters: 0, time: 10.000) G_Loss: 0.002 X: 0.000 
(epoch: 9, iters: 0, time: 10.000) G_Loss: 0.003 X: 0.000 
(epoch: 9, iters: 0, time: 10.000) G_Loss: 0.001 X: 0.000 
(epoch: 9, iters: 0, time: 10.000) G_Loss: 0.002 X: 0.000 
End of epoch 9 / 20 	 Time Taken: 258 sec
learning rate = 0.0001375
epoch:10
Total: 8616 || Pos: 1253
(epoch: 10, iters: 0, time: 10.000) G_Loss: 0.002 X: 0.000 
(epoch: 10, iters: 0, time: 10.000) G_Loss: 0.003 X: 0.000 
(epoch: 10, iters: 0, time: 10.000) G_Loss: 0.003 X: 0.000 
(epoch: 10, iters: 0, time: 10.000) G_Loss: 0.003 X: 0.000 
(epoch: 10, iters: 0, time: 10.000) G_Loss: 0.002 X: 0.000 
(epoch: 10, iters: 0, time: 10.000) G_Loss: 0.002 X: 0.000 
(epoch: 10, iters: 0, time: 10.000) G_Loss: 0.003 X: 0.000 
(epoch: 10, iters: 0, time: 10.000) G_Loss: 0.002 X: 0.000 
(epoch: 10, iters: 0, time: 10.000) G_Loss: 0.003 X: 0.000 
(epoch: 10, iters: 0, time: 10.000) G_Loss: 0.002 X: 0.000 
(epoch: 10, iters: 0, time: 10.000) G_Loss: 0.001 X: 0.000 
(epoch: 10, iters: 0, time: 10.000) G_Loss: 0.002 X: 0.000 
(epoch: 10, iters: 0, time: 10.000) G_Loss: 0.003 X: 0.000 
(epoch: 10, iters: 0, time: 10.000) G_Loss: 0.003 X: 0.000 
(epoch: 10, iters: 0, time: 10.000) G_Loss: 0.002 X: 0.000 
(epoch: 10, iters: 0, time: 10.000) G_Loss: 0.002 X: 0.000 
(epoch: 10, iters: 0, time: 10.000) G_Loss: 0.003 X: 0.000 
(epoch: 10, iters: 0, time: 10.000) G_Loss: 0.002 X: 0.000 
(epoch: 10, iters: 0, time: 10.000) G_Loss: 0.002 X: 0.000 
(epoch: 10, iters: 0, time: 10.000) G_Loss: 0.003 X: 0.000 
(epoch: 10, iters: 0, time: 10.000) G_Loss: 0.002 X: 0.000 
(epoch: 10, iters: 0, time: 10.000) G_Loss: 0.002 X: 0.000 
(epoch: 10, iters: 0, time: 10.000) G_Loss: 0.002 X: 0.000 
(epoch: 10, iters: 0, time: 10.000) G_Loss: 0.002 X: 0.000 
End of epoch 10 / 20 	 Time Taken: 258 sec
learning rate = 0.0001250
epoch:11
Total: 8616 || Pos: 1253
(epoch: 11, iters: 0, time: 10.000) G_Loss: 0.002 X: 0.000 
(epoch: 11, iters: 0, time: 10.000) G_Loss: 0.002 X: 0.000 
(epoch: 11, iters: 0, time: 10.000) G_Loss: 0.003 X: 0.000 
(epoch: 11, iters: 0, time: 10.000) G_Loss: 0.003 X: 0.000 
(epoch: 11, iters: 0, time: 10.000) G_Loss: 0.002 X: 0.000 
(epoch: 11, iters: 0, time: 10.000) G_Loss: 0.002 X: 0.000 
(epoch: 11, iters: 0, time: 10.000) G_Loss: 0.001 X: 0.000 
(epoch: 11, iters: 0, time: 10.000) G_Loss: 0.002 X: 0.000 
(epoch: 11, iters: 0, time: 10.000) G_Loss: 0.003 X: 0.000 
(epoch: 11, iters: 0, time: 10.000) G_Loss: 0.002 X: 0.000 
(epoch: 11, iters: 0, time: 10.000) G_Loss: 0.003 X: 0.000 
(epoch: 11, iters: 0, time: 10.000) G_Loss: 0.002 X: 0.000 
(epoch: 11, iters: 0, time: 10.000) G_Loss: 0.002 X: 0.000 
(epoch: 11, iters: 0, time: 10.000) G_Loss: 0.002 X: 0.000 
(epoch: 11, iters: 0, time: 10.000) G_Loss: 0.002 X: 0.000 
(epoch: 11, iters: 0, time: 10.000) G_Loss: 0.004 X: 0.000 
(epoch: 11, iters: 0, time: 10.000) G_Loss: 0.002 X: 0.000 
(epoch: 11, iters: 0, time: 10.000) G_Loss: 0.004 X: 0.000 
(epoch: 11, iters: 0, time: 10.000) G_Loss: 0.001 X: 0.000 
(epoch: 11, iters: 0, time: 10.000) G_Loss: 0.003 X: 0.000 
(epoch: 11, iters: 0, time: 10.000) G_Loss: 0.002 X: 0.000 
(epoch: 11, iters: 0, time: 10.000) G_Loss: 0.003 X: 0.000 
(epoch: 11, iters: 0, time: 10.000) G_Loss: 0.002 X: 0.000 
(epoch: 11, iters: 0, time: 10.000) G_Loss: 0.003 X: 0.000 
End of epoch 11 / 20 	 Time Taken: 258 sec
learning rate = 0.0001125
epoch:12
Total: 8616 || Pos: 1253
(epoch: 12, iters: 0, time: 10.000) G_Loss: 0.003 X: 0.000 
(epoch: 12, iters: 0, time: 10.000) G_Loss: 0.003 X: 0.000 
(epoch: 12, iters: 0, time: 10.000) G_Loss: 0.003 X: 0.000 
(epoch: 12, iters: 0, time: 10.000) G_Loss: 0.002 X: 0.000 
(epoch: 12, iters: 0, time: 10.000) G_Loss: 0.002 X: 0.000 
(epoch: 12, iters: 0, time: 10.000) G_Loss: 0.003 X: 0.000 
(epoch: 12, iters: 0, time: 10.000) G_Loss: 0.002 X: 0.000 
(epoch: 12, iters: 0, time: 10.000) G_Loss: 0.003 X: 0.000 
(epoch: 12, iters: 0, time: 10.000) G_Loss: 0.002 X: 0.000 
(epoch: 12, iters: 0, time: 10.000) G_Loss: 0.003 X: 0.000 
(epoch: 12, iters: 0, time: 10.000) G_Loss: 0.002 X: 0.000 
(epoch: 12, iters: 0, time: 10.000) G_Loss: 0.002 X: 0.000 
(epoch: 12, iters: 0, time: 10.000) G_Loss: 0.003 X: 0.000 
(epoch: 12, iters: 0, time: 10.000) G_Loss: 0.002 X: 0.000 
(epoch: 12, iters: 0, time: 10.000) G_Loss: 0.003 X: 0.000 
(epoch: 12, iters: 0, time: 10.000) G_Loss: 0.002 X: 0.000 
(epoch: 12, iters: 0, time: 10.000) G_Loss: 0.002 X: 0.000 
(epoch: 12, iters: 0, time: 10.000) G_Loss: 0.003 X: 0.000 
(epoch: 12, iters: 0, time: 10.000) G_Loss: 0.002 X: 0.000 
(epoch: 12, iters: 0, time: 10.000) G_Loss: 0.003 X: 0.000 
(epoch: 12, iters: 0, time: 10.000) G_Loss: 0.002 X: 0.000 
(epoch: 12, iters: 0, time: 10.000) G_Loss: 0.002 X: 0.000 
(epoch: 12, iters: 0, time: 10.000) G_Loss: 0.002 X: 0.000 
(epoch: 12, iters: 0, time: 10.000) G_Loss: 0.001 X: 0.000 
End of epoch 12 / 20 	 Time Taken: 257 sec
learning rate = 0.0001000
epoch:13
Total: 8616 || Pos: 1253
(epoch: 13, iters: 0, time: 10.000) G_Loss: 0.003 X: 0.000 
(epoch: 13, iters: 0, time: 10.000) G_Loss: 0.003 X: 0.000 
(epoch: 13, iters: 0, time: 10.000) G_Loss: 0.003 X: 0.000 
(epoch: 13, iters: 0, time: 10.000) G_Loss: 0.001 X: 0.000 
(epoch: 13, iters: 0, time: 10.000) G_Loss: 0.002 X: 0.000 
(epoch: 13, iters: 0, time: 10.000) G_Loss: 0.002 X: 0.000 
(epoch: 13, iters: 0, time: 10.000) G_Loss: 0.002 X: 0.000 
(epoch: 13, iters: 0, time: 10.000) G_Loss: 0.002 X: 0.000 
(epoch: 13, iters: 0, time: 10.000) G_Loss: 0.003 X: 0.000 
(epoch: 13, iters: 0, time: 10.000) G_Loss: 0.003 X: 0.000 
(epoch: 13, iters: 0, time: 10.000) G_Loss: 0.002 X: 0.000 
(epoch: 13, iters: 0, time: 10.000) G_Loss: 0.003 X: 0.000 
(epoch: 13, iters: 0, time: 10.000) G_Loss: 0.003 X: 0.000 
(epoch: 13, iters: 0, time: 10.000) G_Loss: 0.002 X: 0.000 
(epoch: 13, iters: 0, time: 10.000) G_Loss: 0.002 X: 0.000 
(epoch: 13, iters: 0, time: 10.000) G_Loss: 0.002 X: 0.000 
(epoch: 13, iters: 0, time: 10.000) G_Loss: 0.002 X: 0.000 
(epoch: 13, iters: 0, time: 10.000) G_Loss: 0.003 X: 0.000 
(epoch: 13, iters: 0, time: 10.000) G_Loss: 0.002 X: 0.000 
(epoch: 13, iters: 0, time: 10.000) G_Loss: 0.002 X: 0.000 
(epoch: 13, iters: 0, time: 10.000) G_Loss: 0.002 X: 0.000 
(epoch: 13, iters: 0, time: 10.000) G_Loss: 0.002 X: 0.000 
(epoch: 13, iters: 0, time: 10.000) G_Loss: 0.003 X: 0.000 
(epoch: 13, iters: 0, time: 10.000) G_Loss: 0.001 X: 0.000 
End of epoch 13 / 20 	 Time Taken: 256 sec
learning rate = 0.0000875
epoch:14
Total: 8616 || Pos: 1253
(epoch: 14, iters: 0, time: 10.000) G_Loss: 0.001 X: 0.000 
(epoch: 14, iters: 0, time: 10.000) G_Loss: 0.002 X: 0.000 
(epoch: 14, iters: 0, time: 10.000) G_Loss: 0.002 X: 0.000 
(epoch: 14, iters: 0, time: 10.000) G_Loss: 0.002 X: 0.000 
(epoch: 14, iters: 0, time: 10.000) G_Loss: 0.002 X: 0.000 
(epoch: 14, iters: 0, time: 10.000) G_Loss: 0.003 X: 0.000 
(epoch: 14, iters: 0, time: 10.000) G_Loss: 0.002 X: 0.000 
(epoch: 14, iters: 0, time: 10.000) G_Loss: 0.002 X: 0.000 
(epoch: 14, iters: 0, time: 10.000) G_Loss: 0.002 X: 0.000 
(epoch: 14, iters: 0, time: 10.000) G_Loss: 0.002 X: 0.000 
(epoch: 14, iters: 0, time: 10.000) G_Loss: 0.003 X: 0.000 
(epoch: 14, iters: 0, time: 10.000) G_Loss: 0.002 X: 0.000 
(epoch: 14, iters: 0, time: 10.000) G_Loss: 0.004 X: 0.000 
(epoch: 14, iters: 0, time: 10.000) G_Loss: 0.002 X: 0.000 
(epoch: 14, iters: 0, time: 10.000) G_Loss: 0.003 X: 0.000 
(epoch: 14, iters: 0, time: 10.000) G_Loss: 0.002 X: 0.000 
(epoch: 14, iters: 0, time: 10.000) G_Loss: 0.003 X: 0.000 
(epoch: 14, iters: 0, time: 10.000) G_Loss: 0.002 X: 0.000 
(epoch: 14, iters: 0, time: 10.000) G_Loss: 0.002 X: 0.000 
(epoch: 14, iters: 0, time: 10.000) G_Loss: 0.002 X: 0.000 
(epoch: 14, iters: 0, time: 10.000) G_Loss: 0.003 X: 0.000 
(epoch: 14, iters: 0, time: 10.000) G_Loss: 0.002 X: 0.000 
(epoch: 14, iters: 0, time: 10.000) G_Loss: 0.002 X: 0.000 
(epoch: 14, iters: 0, time: 10.000) G_Loss: 0.001 X: 0.000 
End of epoch 14 / 20 	 Time Taken: 259 sec
learning rate = 0.0000750
epoch:15
Total: 8616 || Pos: 1253
(epoch: 15, iters: 0, time: 10.000) G_Loss: 0.003 X: 0.000 
(epoch: 15, iters: 0, time: 10.000) G_Loss: 0.002 X: 0.000 
(epoch: 15, iters: 0, time: 10.000) G_Loss: 0.001 X: 0.000 
(epoch: 15, iters: 0, time: 10.000) G_Loss: 0.002 X: 0.000 
(epoch: 15, iters: 0, time: 10.000) G_Loss: 0.003 X: 0.000 
(epoch: 15, iters: 0, time: 10.000) G_Loss: 0.002 X: 0.000 
(epoch: 15, iters: 0, time: 10.000) G_Loss: 0.003 X: 0.000 
(epoch: 15, iters: 0, time: 10.000) G_Loss: 0.002 X: 0.000 
(epoch: 15, iters: 0, time: 10.000) G_Loss: 0.002 X: 0.000 
(epoch: 15, iters: 0, time: 10.000) G_Loss: 0.003 X: 0.000 
(epoch: 15, iters: 0, time: 10.000) G_Loss: 0.003 X: 0.000 
(epoch: 15, iters: 0, time: 10.000) G_Loss: 0.002 X: 0.000 
(epoch: 15, iters: 0, time: 10.000) G_Loss: 0.002 X: 0.000 
(epoch: 15, iters: 0, time: 10.000) G_Loss: 0.002 X: 0.000 
(epoch: 15, iters: 0, time: 10.000) G_Loss: 0.002 X: 0.000 
(epoch: 15, iters: 0, time: 10.000) G_Loss: 0.002 X: 0.000 
(epoch: 15, iters: 0, time: 10.000) G_Loss: 0.002 X: 0.000 
(epoch: 15, iters: 0, time: 10.000) G_Loss: 0.002 X: 0.000 
(epoch: 15, iters: 0, time: 10.000) G_Loss: 0.001 X: 0.000 
(epoch: 15, iters: 0, time: 10.000) G_Loss: 0.002 X: 0.000 
(epoch: 15, iters: 0, time: 10.000) G_Loss: 0.002 X: 0.000 
(epoch: 15, iters: 0, time: 10.000) G_Loss: 0.003 X: 0.000 
(epoch: 15, iters: 0, time: 10.000) G_Loss: 0.002 X: 0.000 
(epoch: 15, iters: 0, time: 10.000) G_Loss: 0.002 X: 0.000 
End of epoch 15 / 20 	 Time Taken: 258 sec
learning rate = 0.0000625
epoch:16
Total: 8616 || Pos: 1253
(epoch: 16, iters: 0, time: 10.000) G_Loss: 0.002 X: 0.000 
(epoch: 16, iters: 0, time: 10.000) G_Loss: 0.002 X: 0.000 
(epoch: 16, iters: 0, time: 10.000) G_Loss: 0.002 X: 0.000 
(epoch: 16, iters: 0, time: 10.000) G_Loss: 0.003 X: 0.000 
(epoch: 16, iters: 0, time: 10.000) G_Loss: 0.002 X: 0.000 
(epoch: 16, iters: 0, time: 10.000) G_Loss: 0.002 X: 0.000 
(epoch: 16, iters: 0, time: 10.000) G_Loss: 0.001 X: 0.000 
(epoch: 16, iters: 0, time: 10.000) G_Loss: 0.002 X: 0.000 
(epoch: 16, iters: 0, time: 10.000) G_Loss: 0.002 X: 0.000 
(epoch: 16, iters: 0, time: 10.000) G_Loss: 0.002 X: 0.000 
(epoch: 16, iters: 0, time: 10.000) G_Loss: 0.002 X: 0.000 
(epoch: 16, iters: 0, time: 10.000) G_Loss: 0.002 X: 0.000 
(epoch: 16, iters: 0, time: 10.000) G_Loss: 0.002 X: 0.000 
(epoch: 16, iters: 0, time: 10.000) G_Loss: 0.002 X: 0.000 
(epoch: 16, iters: 0, time: 10.000) G_Loss: 0.001 X: 0.000 
(epoch: 16, iters: 0, time: 10.000) G_Loss: 0.002 X: 0.000 
(epoch: 16, iters: 0, time: 10.000) G_Loss: 0.003 X: 0.000 
(epoch: 16, iters: 0, time: 10.000) G_Loss: 0.001 X: 0.000 
(epoch: 16, iters: 0, time: 10.000) G_Loss: 0.002 X: 0.000 
(epoch: 16, iters: 0, time: 10.000) G_Loss: 0.001 X: 0.000 
(epoch: 16, iters: 0, time: 10.000) G_Loss: 0.002 X: 0.000 
(epoch: 16, iters: 0, time: 10.000) G_Loss: 0.002 X: 0.000 
(epoch: 16, iters: 0, time: 10.000) G_Loss: 0.002 X: 0.000 
(epoch: 16, iters: 0, time: 10.000) G_Loss: 0.002 X: 0.000 
End of epoch 16 / 20 	 Time Taken: 258 sec
learning rate = 0.0000500
epoch:17
Total: 8616 || Pos: 1253
(epoch: 17, iters: 0, time: 10.000) G_Loss: 0.004 X: 0.000 
(epoch: 17, iters: 0, time: 10.000) G_Loss: 0.001 X: 0.000 
(epoch: 17, iters: 0, time: 10.000) G_Loss: 0.003 X: 0.000 
(epoch: 17, iters: 0, time: 10.000) G_Loss: 0.003 X: 0.000 
(epoch: 17, iters: 0, time: 10.000) G_Loss: 0.002 X: 0.000 
(epoch: 17, iters: 0, time: 10.000) G_Loss: 0.002 X: 0.000 
(epoch: 17, iters: 0, time: 10.000) G_Loss: 0.002 X: 0.000 
(epoch: 17, iters: 0, time: 10.000) G_Loss: 0.003 X: 0.000 
(epoch: 17, iters: 0, time: 10.000) G_Loss: 0.003 X: 0.000 
(epoch: 17, iters: 0, time: 10.000) G_Loss: 0.002 X: 0.000 
(epoch: 17, iters: 0, time: 10.000) G_Loss: 0.002 X: 0.000 
(epoch: 17, iters: 0, time: 10.000) G_Loss: 0.003 X: 0.000 
(epoch: 17, iters: 0, time: 10.000) G_Loss: 0.002 X: 0.000 
(epoch: 17, iters: 0, time: 10.000) G_Loss: 0.001 X: 0.000 
(epoch: 17, iters: 0, time: 10.000) G_Loss: 0.003 X: 0.000 
(epoch: 17, iters: 0, time: 10.000) G_Loss: 0.003 X: 0.000 
(epoch: 17, iters: 0, time: 10.000) G_Loss: 0.002 X: 0.000 
(epoch: 17, iters: 0, time: 10.000) G_Loss: 0.003 X: 0.000 
(epoch: 17, iters: 0, time: 10.000) G_Loss: 0.001 X: 0.000 
(epoch: 17, iters: 0, time: 10.000) G_Loss: 0.002 X: 0.000 
(epoch: 17, iters: 0, time: 10.000) G_Loss: 0.002 X: 0.000 
(epoch: 17, iters: 0, time: 10.000) G_Loss: 0.002 X: 0.000 
(epoch: 17, iters: 0, time: 10.000) G_Loss: 0.002 X: 0.000 
(epoch: 17, iters: 0, time: 10.000) G_Loss: 0.002 X: 0.000 
End of epoch 17 / 20 	 Time Taken: 256 sec
learning rate = 0.0000375
epoch:18
Total: 8616 || Pos: 1253
(epoch: 18, iters: 0, time: 10.000) G_Loss: 0.003 X: 0.000 
(epoch: 18, iters: 0, time: 10.000) G_Loss: 0.003 X: 0.000 
(epoch: 18, iters: 0, time: 10.000) G_Loss: 0.001 X: 0.000 
(epoch: 18, iters: 0, time: 10.000) G_Loss: 0.002 X: 0.000 
(epoch: 18, iters: 0, time: 10.000) G_Loss: 0.002 X: 0.000 
(epoch: 18, iters: 0, time: 10.000) G_Loss: 0.002 X: 0.000 
(epoch: 18, iters: 0, time: 10.000) G_Loss: 0.002 X: 0.000 
(epoch: 18, iters: 0, time: 10.000) G_Loss: 0.002 X: 0.000 
(epoch: 18, iters: 0, time: 10.000) G_Loss: 0.002 X: 0.000 
(epoch: 18, iters: 0, time: 10.000) G_Loss: 0.002 X: 0.000 
(epoch: 18, iters: 0, time: 10.000) G_Loss: 0.001 X: 0.000 
(epoch: 18, iters: 0, time: 10.000) G_Loss: 0.003 X: 0.000 
(epoch: 18, iters: 0, time: 10.000) G_Loss: 0.002 X: 0.000 
(epoch: 18, iters: 0, time: 10.000) G_Loss: 0.002 X: 0.000 
(epoch: 18, iters: 0, time: 10.000) G_Loss: 0.001 X: 0.000 
(epoch: 18, iters: 0, time: 10.000) G_Loss: 0.001 X: 0.000 
(epoch: 18, iters: 0, time: 10.000) G_Loss: 0.002 X: 0.000 
(epoch: 18, iters: 0, time: 10.000) G_Loss: 0.002 X: 0.000 
(epoch: 18, iters: 0, time: 10.000) G_Loss: 0.001 X: 0.000 
(epoch: 18, iters: 0, time: 10.000) G_Loss: 0.003 X: 0.000 
(epoch: 18, iters: 0, time: 10.000) G_Loss: 0.002 X: 0.000 
(epoch: 18, iters: 0, time: 10.000) G_Loss: 0.002 X: 0.000 
(epoch: 18, iters: 0, time: 10.000) G_Loss: 0.001 X: 0.000 
(epoch: 18, iters: 0, time: 10.000) G_Loss: 0.001 X: 0.000 
End of epoch 18 / 20 	 Time Taken: 258 sec
learning rate = 0.0000250
epoch:19
Total: 8616 || Pos: 1253
(epoch: 19, iters: 0, time: 10.000) G_Loss: 0.002 X: 0.000 
(epoch: 19, iters: 0, time: 10.000) G_Loss: 0.002 X: 0.000 
(epoch: 19, iters: 0, time: 10.000) G_Loss: 0.002 X: 0.000 
(epoch: 19, iters: 0, time: 10.000) G_Loss: 0.002 X: 0.000 
(epoch: 19, iters: 0, time: 10.000) G_Loss: 0.001 X: 0.000 
(epoch: 19, iters: 0, time: 10.000) G_Loss: 0.002 X: 0.000 
(epoch: 19, iters: 0, time: 10.000) G_Loss: 0.002 X: 0.000 
(epoch: 19, iters: 0, time: 10.000) G_Loss: 0.002 X: 0.000 
(epoch: 19, iters: 0, time: 10.000) G_Loss: 0.001 X: 0.000 
(epoch: 19, iters: 0, time: 10.000) G_Loss: 0.003 X: 0.000 
(epoch: 19, iters: 0, time: 10.000) G_Loss: 0.002 X: 0.000 
(epoch: 19, iters: 0, time: 10.000) G_Loss: 0.001 X: 0.000 
(epoch: 19, iters: 0, time: 10.000) G_Loss: 0.002 X: 0.000 
(epoch: 19, iters: 0, time: 10.000) G_Loss: 0.002 X: 0.000 
(epoch: 19, iters: 0, time: 10.000) G_Loss: 0.002 X: 0.000 
(epoch: 19, iters: 0, time: 10.000) G_Loss: 0.002 X: 0.000 
(epoch: 19, iters: 0, time: 10.000) G_Loss: 0.001 X: 0.000 
(epoch: 19, iters: 0, time: 10.000) G_Loss: 0.002 X: 0.000 
(epoch: 19, iters: 0, time: 10.000) G_Loss: 0.002 X: 0.000 
(epoch: 19, iters: 0, time: 10.000) G_Loss: 0.001 X: 0.000 
(epoch: 19, iters: 0, time: 10.000) G_Loss: 0.003 X: 0.000 
(epoch: 19, iters: 0, time: 10.000) G_Loss: 0.002 X: 0.000 
(epoch: 19, iters: 0, time: 10.000) G_Loss: 0.002 X: 0.000 
(epoch: 19, iters: 0, time: 10.000) G_Loss: 0.002 X: 0.000 
End of epoch 19 / 20 	 Time Taken: 258 sec
learning rate = 0.0000125
epoch:20
Total: 8616 || Pos: 1253
(epoch: 20, iters: 0, time: 10.000) G_Loss: 0.002 X: 0.000 
(epoch: 20, iters: 0, time: 10.000) G_Loss: 0.002 X: 0.000 
(epoch: 20, iters: 0, time: 10.000) G_Loss: 0.003 X: 0.000 
(epoch: 20, iters: 0, time: 10.000) G_Loss: 0.004 X: 0.000 
(epoch: 20, iters: 0, time: 10.000) G_Loss: 0.001 X: 0.000 
(epoch: 20, iters: 0, time: 10.000) G_Loss: 0.002 X: 0.000 
(epoch: 20, iters: 0, time: 10.000) G_Loss: 0.001 X: 0.000 
(epoch: 20, iters: 0, time: 10.000) G_Loss: 0.002 X: 0.000 
(epoch: 20, iters: 0, time: 10.000) G_Loss: 0.002 X: 0.000 
(epoch: 20, iters: 0, time: 10.000) G_Loss: 0.002 X: 0.000 
(epoch: 20, iters: 0, time: 10.000) G_Loss: 0.001 X: 0.000 
(epoch: 20, iters: 0, time: 10.000) G_Loss: 0.002 X: 0.000 
(epoch: 20, iters: 0, time: 10.000) G_Loss: 0.002 X: 0.000 
(epoch: 20, iters: 0, time: 10.000) G_Loss: 0.002 X: 0.000 
(epoch: 20, iters: 0, time: 10.000) G_Loss: 0.002 X: 0.000 
(epoch: 20, iters: 0, time: 10.000) G_Loss: 0.002 X: 0.000 
(epoch: 20, iters: 0, time: 10.000) G_Loss: 0.002 X: 0.000 
(epoch: 20, iters: 0, time: 10.000) G_Loss: 0.001 X: 0.000 
(epoch: 20, iters: 0, time: 10.000) G_Loss: 0.002 X: 0.000 
(epoch: 20, iters: 0, time: 10.000) G_Loss: 0.002 X: 0.000 
(epoch: 20, iters: 0, time: 10.000) G_Loss: 0.002 X: 0.000 
(epoch: 20, iters: 0, time: 10.000) G_Loss: 0.003 X: 0.000 
(epoch: 20, iters: 0, time: 10.000) G_Loss: 0.001 X: 0.000 
(epoch: 20, iters: 0, time: 10.000) G_Loss: 0.002 X: 0.000 
End of epoch 20 / 20 	 Time Taken: 258 sec
learning rate = 0.0000000
1
1
python /nfs/bigbox/hieule/Penguins_CODE/penguin_train.py --randomSize --keep_ratio --batchSize 128 --biased_sampling 0.3 --traininglist /nfs/bigbox/hieule/penguin_data/p1000/train10.75_1 --gpu_ids 2 --model single_unet --input_nc 3 --name MSEnc3_train10.75__1_bias0.3_bs128 --root /nfs/bigbox/hieule/penguin_data/p1000/PATCHES/64_386/ --dataroot /nfs/bigbox/hieule/penguin_data/p1000/PATCHES/64_386/ --dataset_mode png_withlist --fineSize 256 --display_port 9999 --checkpoints /nfs/bigbox/hieule/penguin_data/checkpoints/
/nfs/bigbox/hieule/penguin_data/checkpoints/MSEnc3_train10.75__1_bias0.3_bs128
create web directory /nfs/bigbox/hieule/penguin_data/checkpoints/MSEnc3_train10.75__1_bias0.3_bs128/web...
CustomDatasetDataLoader
/nfs/bigbox/hieule/penguin_data/p1000/train10.75_1
['orthoWV02_11FEB251253222-M1BS-1030010009092C00_u08rfAEAC', 'WV02_20160115054221_103001004F69B500_16JAN15054221-M1BS-500637521040_01_P004_u08rf3031', 'WV02_20160101055824_103001004E1BFF00_16JAN01055824-M1BS-500637502050_01_P007_u08rf3031', 'WV03_20160118055744_1040010017491D00_16JAN18055744-M1BS-500638671060_01_P001_u08rf3031', 'orthoQB02_11JAN121245196-M1BS-101001000CD66D00_u08rfAEAC', 'WV03_20160121015319_104001001762AC00_16JAN21015319-M1BS-500638671020_01_P001_u08rf3031', 'WV02_20160119013349_1030010050B0C500_16JAN19013349-M1BS-500637522050_01_P001_u08rf3031', 'WV02_20160203054101_1030010051854A00_16FEB03054101-M1BS-500637516020_01_P001_u08rf3031', 'WV03_20170106053006_10400100272BF900_17JAN06053006-M1BS-057089629010_01_P001_u08rf3031', 'WV02_20160101055831_103001004FC8BC00_16JAN01055831-M1BS-500637524030_01_P001_u08rf3031', 'orthoQB02_10DEC161334434-M1BS-101001000CB8F300_u08rfAEAC', 'orthoWV02_11FEB030615365-M1BS-1030010008C6A700_u08rf3031']
dataset [PNGDATASET] was created
single_unet
initialization method [normal]
model [UnetModel] was created
epoch:1
Total: 13777 || Pos: 1782
(epoch: 1, iters: 0, time: 10.000) G_Loss: 1.008 X: 0.000 
(epoch: 1, iters: 0, time: 10.000) G_Loss: 0.480 X: 0.000 
(epoch: 1, iters: 0, time: 10.000) G_Loss: 0.266 X: 0.000 
(epoch: 1, iters: 0, time: 10.000) G_Loss: 0.168 X: 0.000 
(epoch: 1, iters: 0, time: 10.000) G_Loss: 0.111 X: 0.000 
(epoch: 1, iters: 0, time: 10.000) G_Loss: 0.091 X: 0.000 
(epoch: 1, iters: 0, time: 10.000) G_Loss: 0.080 X: 0.000 
(epoch: 1, iters: 0, time: 10.000) G_Loss: 0.060 X: 0.000 
(epoch: 1, iters: 0, time: 10.000) G_Loss: 0.047 X: 0.000 
(epoch: 1, iters: 0, time: 10.000) G_Loss: 0.049 X: 0.000 
(epoch: 1, iters: 0, time: 10.000) G_Loss: 0.050 X: 0.000 
(epoch: 1, iters: 0, time: 10.000) G_Loss: 0.038 X: 0.000 
(epoch: 1, iters: 0, time: 10.000) G_Loss: 0.042 X: 0.000 
(epoch: 1, iters: 0, time: 10.000) G_Loss: 0.042 X: 0.000 
(epoch: 1, iters: 0, time: 10.000) G_Loss: 0.036 X: 0.000 
(epoch: 1, iters: 0, time: 10.000) G_Loss: 0.033 X: 0.000 
(epoch: 1, iters: 0, time: 10.000) G_Loss: 0.029 X: 0.000 
(epoch: 1, iters: 0, time: 10.000) G_Loss: 0.022 X: 0.000 
(epoch: 1, iters: 0, time: 10.000) G_Loss: 0.030 X: 0.000 
(epoch: 1, iters: 0, time: 10.000) G_Loss: 0.028 X: 0.000 
(epoch: 1, iters: 0, time: 10.000) G_Loss: 0.026 X: 0.000 
(epoch: 1, iters: 0, time: 10.000) G_Loss: 0.030 X: 0.000 
(epoch: 1, iters: 0, time: 10.000) G_Loss: 0.028 X: 0.000 
(epoch: 1, iters: 0, time: 10.000) G_Loss: 0.031 X: 0.000 
End of epoch 1 / 20 	 Time Taken: 308 sec
learning rate = 0.0002000
epoch:2
Total: 13777 || Pos: 1782
(epoch: 2, iters: 0, time: 10.000) G_Loss: 0.026 X: 0.000 
(epoch: 2, iters: 0, time: 10.000) G_Loss: 0.031 X: 0.000 
(epoch: 2, iters: 0, time: 10.000) G_Loss: 0.027 X: 0.000 
(epoch: 2, iters: 0, time: 10.000) G_Loss: 0.028 X: 0.000 
(epoch: 2, iters: 0, time: 10.000) G_Loss: 0.026 X: 0.000 
(epoch: 2, iters: 0, time: 10.000) G_Loss: 0.021 X: 0.000 
(epoch: 2, iters: 0, time: 10.000) G_Loss: 0.022 X: 0.000 
(epoch: 2, iters: 0, time: 10.000) G_Loss: 0.021 X: 0.000 
(epoch: 2, iters: 0, time: 10.000) G_Loss: 0.018 X: 0.000 
(epoch: 2, iters: 0, time: 10.000) G_Loss: 0.019 X: 0.000 
(epoch: 2, iters: 0, time: 10.000) G_Loss: 0.019 X: 0.000 
(epoch: 2, iters: 0, time: 10.000) G_Loss: 0.025 X: 0.000 
(epoch: 2, iters: 0, time: 10.000) G_Loss: 0.028 X: 0.000 
(epoch: 2, iters: 0, time: 10.000) G_Loss: 0.019 X: 0.000 
(epoch: 2, iters: 0, time: 10.000) G_Loss: 0.027 X: 0.000 
(epoch: 2, iters: 0, time: 10.000) G_Loss: 0.036 X: 0.000 
(epoch: 2, iters: 0, time: 10.000) G_Loss: 0.021 X: 0.000 
(epoch: 2, iters: 0, time: 10.000) G_Loss: 0.023 X: 0.000 
(epoch: 2, iters: 0, time: 10.000) G_Loss: 0.018 X: 0.000 
(epoch: 2, iters: 0, time: 10.000) G_Loss: 0.023 X: 0.000 
(epoch: 2, iters: 0, time: 10.000) G_Loss: 0.028 X: 0.000 
(epoch: 2, iters: 0, time: 10.000) G_Loss: 0.023 X: 0.000 
(epoch: 2, iters: 0, time: 10.000) G_Loss: 0.016 X: 0.000 
(epoch: 2, iters: 0, time: 10.000) G_Loss: 0.013 X: 0.000 
End of epoch 2 / 20 	 Time Taken: 251 sec
learning rate = 0.0002000
epoch:3
Total: 13777 || Pos: 1782
(epoch: 3, iters: 0, time: 10.000) G_Loss: 0.021 X: 0.000 
(epoch: 3, iters: 0, time: 10.000) G_Loss: 0.012 X: 0.000 
(epoch: 3, iters: 0, time: 10.000) G_Loss: 0.030 X: 0.000 
(epoch: 3, iters: 0, time: 10.000) G_Loss: 0.014 X: 0.000 
(epoch: 3, iters: 0, time: 10.000) G_Loss: 0.023 X: 0.000 
(epoch: 3, iters: 0, time: 10.000) G_Loss: 0.017 X: 0.000 
(epoch: 3, iters: 0, time: 10.000) G_Loss: 0.026 X: 0.000 
(epoch: 3, iters: 0, time: 10.000) G_Loss: 0.024 X: 0.000 
(epoch: 3, iters: 0, time: 10.000) G_Loss: 0.016 X: 0.000 
(epoch: 3, iters: 0, time: 10.000) G_Loss: 0.021 X: 0.000 
(epoch: 3, iters: 0, time: 10.000) G_Loss: 0.029 X: 0.000 
(epoch: 3, iters: 0, time: 10.000) G_Loss: 0.019 X: 0.000 
(epoch: 3, iters: 0, time: 10.000) G_Loss: 0.021 X: 0.000 
(epoch: 3, iters: 0, time: 10.000) G_Loss: 0.025 X: 0.000 
(epoch: 3, iters: 0, time: 10.000) G_Loss: 0.033 X: 0.000 
(epoch: 3, iters: 0, time: 10.000) G_Loss: 0.014 X: 0.000 
(epoch: 3, iters: 0, time: 10.000) G_Loss: 0.013 X: 0.000 
(epoch: 3, iters: 0, time: 10.000) G_Loss: 0.014 X: 0.000 
(epoch: 3, iters: 0, time: 10.000) G_Loss: 0.017 X: 0.000 
(epoch: 3, iters: 0, time: 10.000) G_Loss: 0.018 X: 0.000 
(epoch: 3, iters: 0, time: 10.000) G_Loss: 0.016 X: 0.000 
(epoch: 3, iters: 0, time: 10.000) G_Loss: 0.012 X: 0.000 
(epoch: 3, iters: 0, time: 10.000) G_Loss: 0.016 X: 0.000 
(epoch: 3, iters: 0, time: 10.000) G_Loss: 0.018 X: 0.000 
End of epoch 3 / 20 	 Time Taken: 251 sec
learning rate = 0.0002000
epoch:4
Total: 13777 || Pos: 1782
(epoch: 4, iters: 0, time: 10.000) G_Loss: 0.018 X: 0.000 
(epoch: 4, iters: 0, time: 10.000) G_Loss: 0.013 X: 0.000 
(epoch: 4, iters: 0, time: 10.000) G_Loss: 0.013 X: 0.000 
(epoch: 4, iters: 0, time: 10.000) G_Loss: 0.024 X: 0.000 
(epoch: 4, iters: 0, time: 10.000) G_Loss: 0.017 X: 0.000 
(epoch: 4, iters: 0, time: 10.000) G_Loss: 0.024 X: 0.000 
(epoch: 4, iters: 0, time: 10.000) G_Loss: 0.023 X: 0.000 
(epoch: 4, iters: 0, time: 10.000) G_Loss: 0.014 X: 0.000 
(epoch: 4, iters: 0, time: 10.000) G_Loss: 0.017 X: 0.000 
(epoch: 4, iters: 0, time: 10.000) G_Loss: 0.019 X: 0.000 
(epoch: 4, iters: 0, time: 10.000) G_Loss: 0.012 X: 0.000 
(epoch: 4, iters: 0, time: 10.000) G_Loss: 0.014 X: 0.000 
(epoch: 4, iters: 0, time: 10.000) G_Loss: 0.013 X: 0.000 
(epoch: 4, iters: 0, time: 10.000) G_Loss: 0.017 X: 0.000 
(epoch: 4, iters: 0, time: 10.000) G_Loss: 0.012 X: 0.000 
(epoch: 4, iters: 0, time: 10.000) G_Loss: 0.021 X: 0.000 
(epoch: 4, iters: 0, time: 10.000) G_Loss: 0.013 X: 0.000 
(epoch: 4, iters: 0, time: 10.000) G_Loss: 0.016 X: 0.000 
(epoch: 4, iters: 0, time: 10.000) G_Loss: 0.012 X: 0.000 
(epoch: 4, iters: 0, time: 10.000) G_Loss: 0.017 X: 0.000 
(epoch: 4, iters: 0, time: 10.000) G_Loss: 0.016 X: 0.000 
(epoch: 4, iters: 0, time: 10.000) G_Loss: 0.008 X: 0.000 
(epoch: 4, iters: 0, time: 10.000) G_Loss: 0.024 X: 0.000 
(epoch: 4, iters: 0, time: 10.000) G_Loss: 0.009 X: 0.000 
End of epoch 4 / 20 	 Time Taken: 254 sec
learning rate = 0.0002000
epoch:5
Total: 13777 || Pos: 1782
(epoch: 5, iters: 0, time: 10.000) G_Loss: 0.020 X: 0.000 
(epoch: 5, iters: 0, time: 10.000) G_Loss: 0.011 X: 0.000 
(epoch: 5, iters: 0, time: 10.000) G_Loss: 0.011 X: 0.000 
(epoch: 5, iters: 0, time: 10.000) G_Loss: 0.010 X: 0.000 
(epoch: 5, iters: 0, time: 10.000) G_Loss: 0.013 X: 0.000 
(epoch: 5, iters: 0, time: 10.000) G_Loss: 0.022 X: 0.000 
(epoch: 5, iters: 0, time: 10.000) G_Loss: 0.011 X: 0.000 
(epoch: 5, iters: 0, time: 10.000) G_Loss: 0.014 X: 0.000 
(epoch: 5, iters: 0, time: 10.000) G_Loss: 0.010 X: 0.000 
(epoch: 5, iters: 0, time: 10.000) G_Loss: 0.010 X: 0.000 
(epoch: 5, iters: 0, time: 10.000) G_Loss: 0.022 X: 0.000 
(epoch: 5, iters: 0, time: 10.000) G_Loss: 0.014 X: 0.000 
(epoch: 5, iters: 0, time: 10.000) G_Loss: 0.013 X: 0.000 
(epoch: 5, iters: 0, time: 10.000) G_Loss: 0.017 X: 0.000 
(epoch: 5, iters: 0, time: 10.000) G_Loss: 0.012 X: 0.000 
(epoch: 5, iters: 0, time: 10.000) G_Loss: 0.011 X: 0.000 
(epoch: 5, iters: 0, time: 10.000) G_Loss: 0.020 X: 0.000 
(epoch: 5, iters: 0, time: 10.000) G_Loss: 0.009 X: 0.000 
(epoch: 5, iters: 0, time: 10.000) G_Loss: 0.010 X: 0.000 
(epoch: 5, iters: 0, time: 10.000) G_Loss: 0.011 X: 0.000 
(epoch: 5, iters: 0, time: 10.000) G_Loss: 0.017 X: 0.000 
(epoch: 5, iters: 0, time: 10.000) G_Loss: 0.013 X: 0.000 
(epoch: 5, iters: 0, time: 10.000) G_Loss: 0.010 X: 0.000 
(epoch: 5, iters: 0, time: 10.000) G_Loss: 0.010 X: 0.000 
End of epoch 5 / 20 	 Time Taken: 257 sec
learning rate = 0.0001875
epoch:6
Total: 13777 || Pos: 1782
(epoch: 6, iters: 0, time: 10.000) G_Loss: 0.009 X: 0.000 
(epoch: 6, iters: 0, time: 10.000) G_Loss: 0.010 X: 0.000 
(epoch: 6, iters: 0, time: 10.000) G_Loss: 0.009 X: 0.000 
(epoch: 6, iters: 0, time: 10.000) G_Loss: 0.016 X: 0.000 
(epoch: 6, iters: 0, time: 10.000) G_Loss: 0.011 X: 0.000 
(epoch: 6, iters: 0, time: 10.000) G_Loss: 0.011 X: 0.000 
(epoch: 6, iters: 0, time: 10.000) G_Loss: 0.010 X: 0.000 
(epoch: 6, iters: 0, time: 10.000) G_Loss: 0.014 X: 0.000 
(epoch: 6, iters: 0, time: 10.000) G_Loss: 0.015 X: 0.000 
(epoch: 6, iters: 0, time: 10.000) G_Loss: 0.008 X: 0.000 
(epoch: 6, iters: 0, time: 10.000) G_Loss: 0.016 X: 0.000 
(epoch: 6, iters: 0, time: 10.000) G_Loss: 0.008 X: 0.000 
(epoch: 6, iters: 0, time: 10.000) G_Loss: 0.015 X: 0.000 
(epoch: 6, iters: 0, time: 10.000) G_Loss: 0.015 X: 0.000 
(epoch: 6, iters: 0, time: 10.000) G_Loss: 0.016 X: 0.000 
(epoch: 6, iters: 0, time: 10.000) G_Loss: 0.014 X: 0.000 
(epoch: 6, iters: 0, time: 10.000) G_Loss: 0.015 X: 0.000 
(epoch: 6, iters: 0, time: 10.000) G_Loss: 0.012 X: 0.000 
(epoch: 6, iters: 0, time: 10.000) G_Loss: 0.019 X: 0.000 
(epoch: 6, iters: 0, time: 10.000) G_Loss: 0.018 X: 0.000 
(epoch: 6, iters: 0, time: 10.000) G_Loss: 0.011 X: 0.000 
(epoch: 6, iters: 0, time: 10.000) G_Loss: 0.013 X: 0.000 
(epoch: 6, iters: 0, time: 10.000) G_Loss: 0.027 X: 0.000 
(epoch: 6, iters: 0, time: 10.000) G_Loss: 0.011 X: 0.000 
End of epoch 6 / 20 	 Time Taken: 258 sec
learning rate = 0.0001750
epoch:7
Total: 13777 || Pos: 1782
(epoch: 7, iters: 0, time: 10.000) G_Loss: 0.016 X: 0.000 
(epoch: 7, iters: 0, time: 10.000) G_Loss: 0.019 X: 0.000 
(epoch: 7, iters: 0, time: 10.000) G_Loss: 0.008 X: 0.000 
(epoch: 7, iters: 0, time: 10.000) G_Loss: 0.018 X: 0.000 
(epoch: 7, iters: 0, time: 10.000) G_Loss: 0.013 X: 0.000 
(epoch: 7, iters: 0, time: 10.000) G_Loss: 0.014 X: 0.000 
(epoch: 7, iters: 0, time: 10.000) G_Loss: 0.005 X: 0.000 
(epoch: 7, iters: 0, time: 10.000) G_Loss: 0.012 X: 0.000 
(epoch: 7, iters: 0, time: 10.000) G_Loss: 0.013 X: 0.000 
(epoch: 7, iters: 0, time: 10.000) G_Loss: 0.008 X: 0.000 
(epoch: 7, iters: 0, time: 10.000) G_Loss: 0.017 X: 0.000 
(epoch: 7, iters: 0, time: 10.000) G_Loss: 0.007 X: 0.000 
(epoch: 7, iters: 0, time: 10.000) G_Loss: 0.009 X: 0.000 
(epoch: 7, iters: 0, time: 10.000) G_Loss: 0.011 X: 0.000 
(epoch: 7, iters: 0, time: 10.000) G_Loss: 0.007 X: 0.000 
(epoch: 7, iters: 0, time: 10.000) G_Loss: 0.010 X: 0.000 
(epoch: 7, iters: 0, time: 10.000) G_Loss: 0.010 X: 0.000 
(epoch: 7, iters: 0, time: 10.000) G_Loss: 0.012 X: 0.000 
(epoch: 7, iters: 0, time: 10.000) G_Loss: 0.011 X: 0.000 
(epoch: 7, iters: 0, time: 10.000) G_Loss: 0.008 X: 0.000 
(epoch: 7, iters: 0, time: 10.000) G_Loss: 0.010 X: 0.000 
(epoch: 7, iters: 0, time: 10.000) G_Loss: 0.012 X: 0.000 
(epoch: 7, iters: 0, time: 10.000) G_Loss: 0.009 X: 0.000 
(epoch: 7, iters: 0, time: 10.000) G_Loss: 0.011 X: 0.000 
End of epoch 7 / 20 	 Time Taken: 257 sec
learning rate = 0.0001625
epoch:8
Total: 13777 || Pos: 1782
(epoch: 8, iters: 0, time: 10.000) G_Loss: 0.011 X: 0.000 
(epoch: 8, iters: 0, time: 10.000) G_Loss: 0.007 X: 0.000 
(epoch: 8, iters: 0, time: 10.000) G_Loss: 0.009 X: 0.000 
(epoch: 8, iters: 0, time: 10.000) G_Loss: 0.009 X: 0.000 
(epoch: 8, iters: 0, time: 10.000) G_Loss: 0.011 X: 0.000 
(epoch: 8, iters: 0, time: 10.000) G_Loss: 0.014 X: 0.000 
(epoch: 8, iters: 0, time: 10.000) G_Loss: 0.013 X: 0.000 
(epoch: 8, iters: 0, time: 10.000) G_Loss: 0.010 X: 0.000 
(epoch: 8, iters: 0, time: 10.000) G_Loss: 0.010 X: 0.000 
(epoch: 8, iters: 0, time: 10.000) G_Loss: 0.013 X: 0.000 
(epoch: 8, iters: 0, time: 10.000) G_Loss: 0.007 X: 0.000 
(epoch: 8, iters: 0, time: 10.000) G_Loss: 0.009 X: 0.000 
(epoch: 8, iters: 0, time: 10.000) G_Loss: 0.010 X: 0.000 
(epoch: 8, iters: 0, time: 10.000) G_Loss: 0.013 X: 0.000 
(epoch: 8, iters: 0, time: 10.000) G_Loss: 0.009 X: 0.000 
(epoch: 8, iters: 0, time: 10.000) G_Loss: 0.009 X: 0.000 
(epoch: 8, iters: 0, time: 10.000) G_Loss: 0.010 X: 0.000 
(epoch: 8, iters: 0, time: 10.000) G_Loss: 0.011 X: 0.000 
(epoch: 8, iters: 0, time: 10.000) G_Loss: 0.009 X: 0.000 
(epoch: 8, iters: 0, time: 10.000) G_Loss: 0.008 X: 0.000 
(epoch: 8, iters: 0, time: 10.000) G_Loss: 0.007 X: 0.000 
(epoch: 8, iters: 0, time: 10.000) G_Loss: 0.009 X: 0.000 
(epoch: 8, iters: 0, time: 10.000) G_Loss: 0.007 X: 0.000 
(epoch: 8, iters: 0, time: 10.000) G_Loss: 0.010 X: 0.000 
End of epoch 8 / 20 	 Time Taken: 258 sec
learning rate = 0.0001500
epoch:9
Total: 13777 || Pos: 1782
(epoch: 9, iters: 0, time: 10.000) G_Loss: 0.012 X: 0.000 
(epoch: 9, iters: 0, time: 10.000) G_Loss: 0.012 X: 0.000 
(epoch: 9, iters: 0, time: 10.000) G_Loss: 0.011 X: 0.000 
(epoch: 9, iters: 0, time: 10.000) G_Loss: 0.013 X: 0.000 
(epoch: 9, iters: 0, time: 10.000) G_Loss: 0.010 X: 0.000 
(epoch: 9, iters: 0, time: 10.000) G_Loss: 0.008 X: 0.000 
(epoch: 9, iters: 0, time: 10.000) G_Loss: 0.010 X: 0.000 
(epoch: 9, iters: 0, time: 10.000) G_Loss: 0.012 X: 0.000 
(epoch: 9, iters: 0, time: 10.000) G_Loss: 0.011 X: 0.000 
(epoch: 9, iters: 0, time: 10.000) G_Loss: 0.010 X: 0.000 
(epoch: 9, iters: 0, time: 10.000) G_Loss: 0.009 X: 0.000 
(epoch: 9, iters: 0, time: 10.000) G_Loss: 0.013 X: 0.000 
(epoch: 9, iters: 0, time: 10.000) G_Loss: 0.007 X: 0.000 
(epoch: 9, iters: 0, time: 10.000) G_Loss: 0.017 X: 0.000 
(epoch: 9, iters: 0, time: 10.000) G_Loss: 0.007 X: 0.000 
(epoch: 9, iters: 0, time: 10.000) G_Loss: 0.014 X: 0.000 
(epoch: 9, iters: 0, time: 10.000) G_Loss: 0.010 X: 0.000 
(epoch: 9, iters: 0, time: 10.000) G_Loss: 0.008 X: 0.000 
(epoch: 9, iters: 0, time: 10.000) G_Loss: 0.008 X: 0.000 
(epoch: 9, iters: 0, time: 10.000) G_Loss: 0.006 X: 0.000 
(epoch: 9, iters: 0, time: 10.000) G_Loss: 0.007 X: 0.000 
(epoch: 9, iters: 0, time: 10.000) G_Loss: 0.008 X: 0.000 
(epoch: 9, iters: 0, time: 10.000) G_Loss: 0.010 X: 0.000 
(epoch: 9, iters: 0, time: 10.000) G_Loss: 0.009 X: 0.000 
End of epoch 9 / 20 	 Time Taken: 258 sec
learning rate = 0.0001375
epoch:10
Total: 13777 || Pos: 1782
(epoch: 10, iters: 0, time: 10.000) G_Loss: 0.009 X: 0.000 
(epoch: 10, iters: 0, time: 10.000) G_Loss: 0.011 X: 0.000 
(epoch: 10, iters: 0, time: 10.000) G_Loss: 0.010 X: 0.000 
(epoch: 10, iters: 0, time: 10.000) G_Loss: 0.010 X: 0.000 
(epoch: 10, iters: 0, time: 10.000) G_Loss: 0.009 X: 0.000 
(epoch: 10, iters: 0, time: 10.000) G_Loss: 0.012 X: 0.000 
(epoch: 10, iters: 0, time: 10.000) G_Loss: 0.008 X: 0.000 
(epoch: 10, iters: 0, time: 10.000) G_Loss: 0.014 X: 0.000 
(epoch: 10, iters: 0, time: 10.000) G_Loss: 0.006 X: 0.000 
(epoch: 10, iters: 0, time: 10.000) G_Loss: 0.012 X: 0.000 
(epoch: 10, iters: 0, time: 10.000) G_Loss: 0.014 X: 0.000 
(epoch: 10, iters: 0, time: 10.000) G_Loss: 0.006 X: 0.000 
(epoch: 10, iters: 0, time: 10.000) G_Loss: 0.010 X: 0.000 
(epoch: 10, iters: 0, time: 10.000) G_Loss: 0.011 X: 0.000 
(epoch: 10, iters: 0, time: 10.000) G_Loss: 0.009 X: 0.000 
(epoch: 10, iters: 0, time: 10.000) G_Loss: 0.011 X: 0.000 
(epoch: 10, iters: 0, time: 10.000) G_Loss: 0.007 X: 0.000 
(epoch: 10, iters: 0, time: 10.000) G_Loss: 0.009 X: 0.000 
(epoch: 10, iters: 0, time: 10.000) G_Loss: 0.007 X: 0.000 
(epoch: 10, iters: 0, time: 10.000) G_Loss: 0.010 X: 0.000 
(epoch: 10, iters: 0, time: 10.000) G_Loss: 0.009 X: 0.000 
(epoch: 10, iters: 0, time: 10.000) G_Loss: 0.010 X: 0.000 
(epoch: 10, iters: 0, time: 10.000) G_Loss: 0.013 X: 0.000 
(epoch: 10, iters: 0, time: 10.000) G_Loss: 0.010 X: 0.000 
End of epoch 10 / 20 	 Time Taken: 258 sec
learning rate = 0.0001250
epoch:11
Total: 13777 || Pos: 1782
(epoch: 11, iters: 0, time: 10.000) G_Loss: 0.012 X: 0.000 
(epoch: 11, iters: 0, time: 10.000) G_Loss: 0.014 X: 0.000 
(epoch: 11, iters: 0, time: 10.000) G_Loss: 0.007 X: 0.000 
(epoch: 11, iters: 0, time: 10.000) G_Loss: 0.006 X: 0.000 
(epoch: 11, iters: 0, time: 10.000) G_Loss: 0.005 X: 0.000 
(epoch: 11, iters: 0, time: 10.000) G_Loss: 0.007 X: 0.000 
(epoch: 11, iters: 0, time: 10.000) G_Loss: 0.010 X: 0.000 
(epoch: 11, iters: 0, time: 10.000) G_Loss: 0.013 X: 0.000 
(epoch: 11, iters: 0, time: 10.000) G_Loss: 0.009 X: 0.000 
(epoch: 11, iters: 0, time: 10.000) G_Loss: 0.009 X: 0.000 
(epoch: 11, iters: 0, time: 10.000) G_Loss: 0.007 X: 0.000 
(epoch: 11, iters: 0, time: 10.000) G_Loss: 0.007 X: 0.000 
(epoch: 11, iters: 0, time: 10.000) G_Loss: 0.010 X: 0.000 
(epoch: 11, iters: 0, time: 10.000) G_Loss: 0.009 X: 0.000 
(epoch: 11, iters: 0, time: 10.000) G_Loss: 0.009 X: 0.000 
(epoch: 11, iters: 0, time: 10.000) G_Loss: 0.005 X: 0.000 
(epoch: 11, iters: 0, time: 10.000) G_Loss: 0.008 X: 0.000 
(epoch: 11, iters: 0, time: 10.000) G_Loss: 0.011 X: 0.000 
(epoch: 11, iters: 0, time: 10.000) G_Loss: 0.013 X: 0.000 
(epoch: 11, iters: 0, time: 10.000) G_Loss: 0.008 X: 0.000 
(epoch: 11, iters: 0, time: 10.000) G_Loss: 0.011 X: 0.000 
(epoch: 11, iters: 0, time: 10.000) G_Loss: 0.013 X: 0.000 
(epoch: 11, iters: 0, time: 10.000) G_Loss: 0.007 X: 0.000 
(epoch: 11, iters: 0, time: 10.000) G_Loss: 0.010 X: 0.000 
End of epoch 11 / 20 	 Time Taken: 258 sec
learning rate = 0.0001125
epoch:12
Total: 13777 || Pos: 1782
(epoch: 12, iters: 0, time: 10.000) G_Loss: 0.008 X: 0.000 
(epoch: 12, iters: 0, time: 10.000) G_Loss: 0.012 X: 0.000 
(epoch: 12, iters: 0, time: 10.000) G_Loss: 0.009 X: 0.000 
(epoch: 12, iters: 0, time: 10.000) G_Loss: 0.007 X: 0.000 
(epoch: 12, iters: 0, time: 10.000) G_Loss: 0.009 X: 0.000 
(epoch: 12, iters: 0, time: 10.000) G_Loss: 0.009 X: 0.000 
(epoch: 12, iters: 0, time: 10.000) G_Loss: 0.008 X: 0.000 
(epoch: 12, iters: 0, time: 10.000) G_Loss: 0.012 X: 0.000 
(epoch: 12, iters: 0, time: 10.000) G_Loss: 0.011 X: 0.000 
(epoch: 12, iters: 0, time: 10.000) G_Loss: 0.008 X: 0.000 
(epoch: 12, iters: 0, time: 10.000) G_Loss: 0.008 X: 0.000 
(epoch: 12, iters: 0, time: 10.000) G_Loss: 0.011 X: 0.000 
(epoch: 12, iters: 0, time: 10.000) G_Loss: 0.008 X: 0.000 
(epoch: 12, iters: 0, time: 10.000) G_Loss: 0.009 X: 0.000 
(epoch: 12, iters: 0, time: 10.000) G_Loss: 0.007 X: 0.000 
(epoch: 12, iters: 0, time: 10.000) G_Loss: 0.008 X: 0.000 
(epoch: 12, iters: 0, time: 10.000) G_Loss: 0.008 X: 0.000 
(epoch: 12, iters: 0, time: 10.000) G_Loss: 0.010 X: 0.000 
(epoch: 12, iters: 0, time: 10.000) G_Loss: 0.013 X: 0.000 
(epoch: 12, iters: 0, time: 10.000) G_Loss: 0.010 X: 0.000 
(epoch: 12, iters: 0, time: 10.000) G_Loss: 0.010 X: 0.000 
(epoch: 12, iters: 0, time: 10.000) G_Loss: 0.007 X: 0.000 
(epoch: 12, iters: 0, time: 10.000) G_Loss: 0.011 X: 0.000 
(epoch: 12, iters: 0, time: 10.000) G_Loss: 0.008 X: 0.000 
End of epoch 12 / 20 	 Time Taken: 254 sec
learning rate = 0.0001000
epoch:13
Total: 13777 || Pos: 1782
(epoch: 13, iters: 0, time: 10.000) G_Loss: 0.012 X: 0.000 
(epoch: 13, iters: 0, time: 10.000) G_Loss: 0.011 X: 0.000 
(epoch: 13, iters: 0, time: 10.000) G_Loss: 0.008 X: 0.000 
(epoch: 13, iters: 0, time: 10.000) G_Loss: 0.010 X: 0.000 
(epoch: 13, iters: 0, time: 10.000) G_Loss: 0.011 X: 0.000 
(epoch: 13, iters: 0, time: 10.000) G_Loss: 0.008 X: 0.000 
(epoch: 13, iters: 0, time: 10.000) G_Loss: 0.014 X: 0.000 
(epoch: 13, iters: 0, time: 10.000) G_Loss: 0.007 X: 0.000 
(epoch: 13, iters: 0, time: 10.000) G_Loss: 0.004 X: 0.000 
(epoch: 13, iters: 0, time: 10.000) G_Loss: 0.009 X: 0.000 
(epoch: 13, iters: 0, time: 10.000) G_Loss: 0.008 X: 0.000 
(epoch: 13, iters: 0, time: 10.000) G_Loss: 0.007 X: 0.000 
(epoch: 13, iters: 0, time: 10.000) G_Loss: 0.013 X: 0.000 
(epoch: 13, iters: 0, time: 10.000) G_Loss: 0.006 X: 0.000 
(epoch: 13, iters: 0, time: 10.000) G_Loss: 0.008 X: 0.000 
(epoch: 13, iters: 0, time: 10.000) G_Loss: 0.010 X: 0.000 
(epoch: 13, iters: 0, time: 10.000) G_Loss: 0.005 X: 0.000 
(epoch: 13, iters: 0, time: 10.000) G_Loss: 0.009 X: 0.000 
(epoch: 13, iters: 0, time: 10.000) G_Loss: 0.009 X: 0.000 
(epoch: 13, iters: 0, time: 10.000) G_Loss: 0.007 X: 0.000 
(epoch: 13, iters: 0, time: 10.000) G_Loss: 0.010 X: 0.000 
(epoch: 13, iters: 0, time: 10.000) G_Loss: 0.007 X: 0.000 
(epoch: 13, iters: 0, time: 10.000) G_Loss: 0.006 X: 0.000 
(epoch: 13, iters: 0, time: 10.000) G_Loss: 0.007 X: 0.000 
End of epoch 13 / 20 	 Time Taken: 255 sec
learning rate = 0.0000875
epoch:14
Total: 13777 || Pos: 1782
(epoch: 14, iters: 0, time: 10.000) G_Loss: 0.006 X: 0.000 
(epoch: 14, iters: 0, time: 10.000) G_Loss: 0.009 X: 0.000 
(epoch: 14, iters: 0, time: 10.000) G_Loss: 0.012 X: 0.000 
(epoch: 14, iters: 0, time: 10.000) G_Loss: 0.007 X: 0.000 
(epoch: 14, iters: 0, time: 10.000) G_Loss: 0.006 X: 0.000 
(epoch: 14, iters: 0, time: 10.000) G_Loss: 0.006 X: 0.000 
(epoch: 14, iters: 0, time: 10.000) G_Loss: 0.006 X: 0.000 
(epoch: 14, iters: 0, time: 10.000) G_Loss: 0.008 X: 0.000 
(epoch: 14, iters: 0, time: 10.000) G_Loss: 0.006 X: 0.000 
(epoch: 14, iters: 0, time: 10.000) G_Loss: 0.010 X: 0.000 
(epoch: 14, iters: 0, time: 10.000) G_Loss: 0.011 X: 0.000 
(epoch: 14, iters: 0, time: 10.000) G_Loss: 0.007 X: 0.000 
(epoch: 14, iters: 0, time: 10.000) G_Loss: 0.008 X: 0.000 
(epoch: 14, iters: 0, time: 10.000) G_Loss: 0.006 X: 0.000 
(epoch: 14, iters: 0, time: 10.000) G_Loss: 0.007 X: 0.000 
(epoch: 14, iters: 0, time: 10.000) G_Loss: 0.008 X: 0.000 
(epoch: 14, iters: 0, time: 10.000) G_Loss: 0.013 X: 0.000 
(epoch: 14, iters: 0, time: 10.000) G_Loss: 0.011 X: 0.000 
(epoch: 14, iters: 0, time: 10.000) G_Loss: 0.008 X: 0.000 
(epoch: 14, iters: 0, time: 10.000) G_Loss: 0.010 X: 0.000 
(epoch: 14, iters: 0, time: 10.000) G_Loss: 0.010 X: 0.000 
(epoch: 14, iters: 0, time: 10.000) G_Loss: 0.007 X: 0.000 
(epoch: 14, iters: 0, time: 10.000) G_Loss: 0.007 X: 0.000 
(epoch: 14, iters: 0, time: 10.000) G_Loss: 0.010 X: 0.000 
End of epoch 14 / 20 	 Time Taken: 253 sec
learning rate = 0.0000750
epoch:15
Total: 13777 || Pos: 1782
(epoch: 15, iters: 0, time: 10.000) G_Loss: 0.008 X: 0.000 
(epoch: 15, iters: 0, time: 10.000) G_Loss: 0.009 X: 0.000 
(epoch: 15, iters: 0, time: 10.000) G_Loss: 0.008 X: 0.000 
(epoch: 15, iters: 0, time: 10.000) G_Loss: 0.008 X: 0.000 
(epoch: 15, iters: 0, time: 10.000) G_Loss: 0.010 X: 0.000 
(epoch: 15, iters: 0, time: 10.000) G_Loss: 0.009 X: 0.000 
(epoch: 15, iters: 0, time: 10.000) G_Loss: 0.008 X: 0.000 
(epoch: 15, iters: 0, time: 10.000) G_Loss: 0.009 X: 0.000 
(epoch: 15, iters: 0, time: 10.000) G_Loss: 0.010 X: 0.000 
(epoch: 15, iters: 0, time: 10.000) G_Loss: 0.007 X: 0.000 
(epoch: 15, iters: 0, time: 10.000) G_Loss: 0.009 X: 0.000 
(epoch: 15, iters: 0, time: 10.000) G_Loss: 0.006 X: 0.000 
(epoch: 15, iters: 0, time: 10.000) G_Loss: 0.011 X: 0.000 
(epoch: 15, iters: 0, time: 10.000) G_Loss: 0.008 X: 0.000 
(epoch: 15, iters: 0, time: 10.000) G_Loss: 0.009 X: 0.000 
(epoch: 15, iters: 0, time: 10.000) G_Loss: 0.010 X: 0.000 
(epoch: 15, iters: 0, time: 10.000) G_Loss: 0.007 X: 0.000 
(epoch: 15, iters: 0, time: 10.000) G_Loss: 0.007 X: 0.000 
(epoch: 15, iters: 0, time: 10.000) G_Loss: 0.007 X: 0.000 
(epoch: 15, iters: 0, time: 10.000) G_Loss: 0.008 X: 0.000 
(epoch: 15, iters: 0, time: 10.000) G_Loss: 0.006 X: 0.000 
(epoch: 15, iters: 0, time: 10.000) G_Loss: 0.006 X: 0.000 
(epoch: 15, iters: 0, time: 10.000) G_Loss: 0.008 X: 0.000 
(epoch: 15, iters: 0, time: 10.000) G_Loss: 0.008 X: 0.000 
End of epoch 15 / 20 	 Time Taken: 253 sec
learning rate = 0.0000625
epoch:16
Total: 13777 || Pos: 1782
(epoch: 16, iters: 0, time: 10.000) G_Loss: 0.007 X: 0.000 
(epoch: 16, iters: 0, time: 10.000) G_Loss: 0.010 X: 0.000 
(epoch: 16, iters: 0, time: 10.000) G_Loss: 0.008 X: 0.000 
(epoch: 16, iters: 0, time: 10.000) G_Loss: 0.009 X: 0.000 
(epoch: 16, iters: 0, time: 10.000) G_Loss: 0.007 X: 0.000 
(epoch: 16, iters: 0, time: 10.000) G_Loss: 0.010 X: 0.000 
(epoch: 16, iters: 0, time: 10.000) G_Loss: 0.008 X: 0.000 
(epoch: 16, iters: 0, time: 10.000) G_Loss: 0.009 X: 0.000 
(epoch: 16, iters: 0, time: 10.000) G_Loss: 0.008 X: 0.000 
(epoch: 16, iters: 0, time: 10.000) G_Loss: 0.007 X: 0.000 
(epoch: 16, iters: 0, time: 10.000) G_Loss: 0.011 X: 0.000 
(epoch: 16, iters: 0, time: 10.000) G_Loss: 0.008 X: 0.000 
(epoch: 16, iters: 0, time: 10.000) G_Loss: 0.008 X: 0.000 
(epoch: 16, iters: 0, time: 10.000) G_Loss: 0.009 X: 0.000 
(epoch: 16, iters: 0, time: 10.000) G_Loss: 0.011 X: 0.000 
(epoch: 16, iters: 0, time: 10.000) G_Loss: 0.009 X: 0.000 
(epoch: 16, iters: 0, time: 10.000) G_Loss: 0.012 X: 0.000 
(epoch: 16, iters: 0, time: 10.000) G_Loss: 0.010 X: 0.000 
(epoch: 16, iters: 0, time: 10.000) G_Loss: 0.007 X: 0.000 
(epoch: 16, iters: 0, time: 10.000) G_Loss: 0.006 X: 0.000 
(epoch: 16, iters: 0, time: 10.000) G_Loss: 0.008 X: 0.000 
(epoch: 16, iters: 0, time: 10.000) G_Loss: 0.007 X: 0.000 
(epoch: 16, iters: 0, time: 10.000) G_Loss: 0.010 X: 0.000 
(epoch: 16, iters: 0, time: 10.000) G_Loss: 0.009 X: 0.000 
End of epoch 16 / 20 	 Time Taken: 253 sec
learning rate = 0.0000500
epoch:17
Total: 13777 || Pos: 1782
(epoch: 17, iters: 0, time: 10.000) G_Loss: 0.008 X: 0.000 
(epoch: 17, iters: 0, time: 10.000) G_Loss: 0.007 X: 0.000 
(epoch: 17, iters: 0, time: 10.000) G_Loss: 0.011 X: 0.000 
(epoch: 17, iters: 0, time: 10.000) G_Loss: 0.007 X: 0.000 
(epoch: 17, iters: 0, time: 10.000) G_Loss: 0.006 X: 0.000 
(epoch: 17, iters: 0, time: 10.000) G_Loss: 0.009 X: 0.000 
(epoch: 17, iters: 0, time: 10.000) G_Loss: 0.009 X: 0.000 
(epoch: 17, iters: 0, time: 10.000) G_Loss: 0.009 X: 0.000 
(epoch: 17, iters: 0, time: 10.000) G_Loss: 0.010 X: 0.000 
(epoch: 17, iters: 0, time: 10.000) G_Loss: 0.006 X: 0.000 
(epoch: 17, iters: 0, time: 10.000) G_Loss: 0.008 X: 0.000 
(epoch: 17, iters: 0, time: 10.000) G_Loss: 0.011 X: 0.000 
(epoch: 17, iters: 0, time: 10.000) G_Loss: 0.006 X: 0.000 
(epoch: 17, iters: 0, time: 10.000) G_Loss: 0.008 X: 0.000 
(epoch: 17, iters: 0, time: 10.000) G_Loss: 0.005 X: 0.000 
(epoch: 17, iters: 0, time: 10.000) G_Loss: 0.006 X: 0.000 
(epoch: 17, iters: 0, time: 10.000) G_Loss: 0.007 X: 0.000 
(epoch: 17, iters: 0, time: 10.000) G_Loss: 0.006 X: 0.000 
(epoch: 17, iters: 0, time: 10.000) G_Loss: 0.010 X: 0.000 
(epoch: 17, iters: 0, time: 10.000) G_Loss: 0.007 X: 0.000 
(epoch: 17, iters: 0, time: 10.000) G_Loss: 0.009 X: 0.000 
(epoch: 17, iters: 0, time: 10.000) G_Loss: 0.008 X: 0.000 
(epoch: 17, iters: 0, time: 10.000) G_Loss: 0.009 X: 0.000 
(epoch: 17, iters: 0, time: 10.000) G_Loss: 0.007 X: 0.000 
End of epoch 17 / 20 	 Time Taken: 253 sec
learning rate = 0.0000375
epoch:18
Total: 13777 || Pos: 1782
(epoch: 18, iters: 0, time: 10.000) G_Loss: 0.008 X: 0.000 
(epoch: 18, iters: 0, time: 10.000) G_Loss: 0.009 X: 0.000 
(epoch: 18, iters: 0, time: 10.000) G_Loss: 0.009 X: 0.000 
(epoch: 18, iters: 0, time: 10.000) G_Loss: 0.009 X: 0.000 
(epoch: 18, iters: 0, time: 10.000) G_Loss: 0.006 X: 0.000 
(epoch: 18, iters: 0, time: 10.000) G_Loss: 0.007 X: 0.000 
(epoch: 18, iters: 0, time: 10.000) G_Loss: 0.007 X: 0.000 
(epoch: 18, iters: 0, time: 10.000) G_Loss: 0.008 X: 0.000 
(epoch: 18, iters: 0, time: 10.000) G_Loss: 0.005 X: 0.000 
(epoch: 18, iters: 0, time: 10.000) G_Loss: 0.007 X: 0.000 
(epoch: 18, iters: 0, time: 10.000) G_Loss: 0.009 X: 0.000 
(epoch: 18, iters: 0, time: 10.000) G_Loss: 0.008 X: 0.000 
(epoch: 18, iters: 0, time: 10.000) G_Loss: 0.008 X: 0.000 
(epoch: 18, iters: 0, time: 10.000) G_Loss: 0.007 X: 0.000 
(epoch: 18, iters: 0, time: 10.000) G_Loss: 0.007 X: 0.000 
(epoch: 18, iters: 0, time: 10.000) G_Loss: 0.007 X: 0.000 
(epoch: 18, iters: 0, time: 10.000) G_Loss: 0.006 X: 0.000 
(epoch: 18, iters: 0, time: 10.000) G_Loss: 0.008 X: 0.000 
(epoch: 18, iters: 0, time: 10.000) G_Loss: 0.007 X: 0.000 
(epoch: 18, iters: 0, time: 10.000) G_Loss: 0.008 X: 0.000 
(epoch: 18, iters: 0, time: 10.000) G_Loss: 0.009 X: 0.000 
(epoch: 18, iters: 0, time: 10.000) G_Loss: 0.008 X: 0.000 
(epoch: 18, iters: 0, time: 10.000) G_Loss: 0.006 X: 0.000 
(epoch: 18, iters: 0, time: 10.000) G_Loss: 0.006 X: 0.000 
End of epoch 18 / 20 	 Time Taken: 254 sec
learning rate = 0.0000250
epoch:19
Total: 13777 || Pos: 1782
(epoch: 19, iters: 0, time: 10.000) G_Loss: 0.008 X: 0.000 
(epoch: 19, iters: 0, time: 10.000) G_Loss: 0.004 X: 0.000 
(epoch: 19, iters: 0, time: 10.000) G_Loss: 0.005 X: 0.000 
(epoch: 19, iters: 0, time: 10.000) G_Loss: 0.006 X: 0.000 
(epoch: 19, iters: 0, time: 10.000) G_Loss: 0.007 X: 0.000 
(epoch: 19, iters: 0, time: 10.000) G_Loss: 0.004 X: 0.000 
(epoch: 19, iters: 0, time: 10.000) G_Loss: 0.005 X: 0.000 
(epoch: 19, iters: 0, time: 10.000) G_Loss: 0.010 X: 0.000 
(epoch: 19, iters: 0, time: 10.000) G_Loss: 0.007 X: 0.000 
(epoch: 19, iters: 0, time: 10.000) G_Loss: 0.006 X: 0.000 
(epoch: 19, iters: 0, time: 10.000) G_Loss: 0.007 X: 0.000 
(epoch: 19, iters: 0, time: 10.000) G_Loss: 0.009 X: 0.000 
(epoch: 19, iters: 0, time: 10.000) G_Loss: 0.010 X: 0.000 
(epoch: 19, iters: 0, time: 10.000) G_Loss: 0.006 X: 0.000 
(epoch: 19, iters: 0, time: 10.000) G_Loss: 0.008 X: 0.000 
(epoch: 19, iters: 0, time: 10.000) G_Loss: 0.010 X: 0.000 
(epoch: 19, iters: 0, time: 10.000) G_Loss: 0.008 X: 0.000 
(epoch: 19, iters: 0, time: 10.000) G_Loss: 0.010 X: 0.000 
(epoch: 19, iters: 0, time: 10.000) G_Loss: 0.007 X: 0.000 
(epoch: 19, iters: 0, time: 10.000) G_Loss: 0.005 X: 0.000 
(epoch: 19, iters: 0, time: 10.000) G_Loss: 0.005 X: 0.000 
(epoch: 19, iters: 0, time: 10.000) G_Loss: 0.008 X: 0.000 
(epoch: 19, iters: 0, time: 10.000) G_Loss: 0.009 X: 0.000 
(epoch: 19, iters: 0, time: 10.000) G_Loss: 0.009 X: 0.000 
End of epoch 19 / 20 	 Time Taken: 253 sec
learning rate = 0.0000125
epoch:20
Total: 13777 || Pos: 1782
(epoch: 20, iters: 0, time: 10.000) G_Loss: 0.011 X: 0.000 
(epoch: 20, iters: 0, time: 10.000) G_Loss: 0.008 X: 0.000 
(epoch: 20, iters: 0, time: 10.000) G_Loss: 0.009 X: 0.000 
(epoch: 20, iters: 0, time: 10.000) G_Loss: 0.006 X: 0.000 
(epoch: 20, iters: 0, time: 10.000) G_Loss: 0.006 X: 0.000 
(epoch: 20, iters: 0, time: 10.000) G_Loss: 0.009 X: 0.000 
(epoch: 20, iters: 0, time: 10.000) G_Loss: 0.008 X: 0.000 
(epoch: 20, iters: 0, time: 10.000) G_Loss: 0.006 X: 0.000 
(epoch: 20, iters: 0, time: 10.000) G_Loss: 0.008 X: 0.000 
(epoch: 20, iters: 0, time: 10.000) G_Loss: 0.007 X: 0.000 
(epoch: 20, iters: 0, time: 10.000) G_Loss: 0.008 X: 0.000 
(epoch: 20, iters: 0, time: 10.000) G_Loss: 0.007 X: 0.000 
(epoch: 20, iters: 0, time: 10.000) G_Loss: 0.009 X: 0.000 
(epoch: 20, iters: 0, time: 10.000) G_Loss: 0.005 X: 0.000 
(epoch: 20, iters: 0, time: 10.000) G_Loss: 0.009 X: 0.000 
(epoch: 20, iters: 0, time: 10.000) G_Loss: 0.005 X: 0.000 
(epoch: 20, iters: 0, time: 10.000) G_Loss: 0.011 X: 0.000 
(epoch: 20, iters: 0, time: 10.000) G_Loss: 0.006 X: 0.000 
(epoch: 20, iters: 0, time: 10.000) G_Loss: 0.010 X: 0.000 
(epoch: 20, iters: 0, time: 10.000) G_Loss: 0.005 X: 0.000 
(epoch: 20, iters: 0, time: 10.000) G_Loss: 0.006 X: 0.000 
(epoch: 20, iters: 0, time: 10.000) G_Loss: 0.007 X: 0.000 
(epoch: 20, iters: 0, time: 10.000) G_Loss: 0.006 X: 0.000 
(epoch: 20, iters: 0, time: 10.000) G_Loss: 0.008 X: 0.000 
End of epoch 20 / 20 	 Time Taken: 254 sec
learning rate = 0.0000000
2
2
python /nfs/bigbox/hieule/Penguins_CODE/penguin_train.py --randomSize --keep_ratio --batchSize 128 --biased_sampling 0.3 --traininglist /nfs/bigbox/hieule/penguin_data/p1000/train10.75_2 --gpu_ids 2 --model single_unet --input_nc 3 --name MSEnc3_train10.75__2_bias0.3_bs128 --root /nfs/bigbox/hieule/penguin_data/p1000/PATCHES/64_386/ --dataroot /nfs/bigbox/hieule/penguin_data/p1000/PATCHES/64_386/ --dataset_mode png_withlist --fineSize 256 --display_port 9999 --checkpoints /nfs/bigbox/hieule/penguin_data/checkpoints/
/nfs/bigbox/hieule/penguin_data/checkpoints/MSEnc3_train10.75__2_bias0.3_bs128
create web directory /nfs/bigbox/hieule/penguin_data/checkpoints/MSEnc3_train10.75__2_bias0.3_bs128/web...
CustomDatasetDataLoader
/nfs/bigbox/hieule/penguin_data/p1000/train10.75_2
['WV02_20160119013349_1030010050B0C500_16JAN19013349-M1BS-500637522050_01_P001_u08rf3031', 'orthoQB02_11JAN121245196-M1BS-101001000CD66D00_u08rfAEAC', 'WV02_20160115054221_103001004F69B500_16JAN15054221-M1BS-500637521040_01_P004_u08rf3031', 'WV02_20160203054101_1030010051854A00_16FEB03054101-M1BS-500637516020_01_P001_u08rf3031', 'WV03_20160202130111_1040010017D54900_16FEB02130111-M1BS-500638661010_01_P001_u08rf3031', 'WV02_20160101055831_103001004FC8BC00_16JAN01055831-M1BS-500637524030_01_P001_u08rf3031', 'WV02_20160115040140_103001005065A200_16JAN15040140-M1BS-500638401020_01_P003_u08rf3031', 'WV02_20160101055824_103001004E1BFF00_16JAN01055824-M1BS-500637502050_01_P007_u08rf3031', 'orthoWV02_11FEB251253222-M1BS-1030010009092C00_u08rfAEAC', 'orthoWV02_11FEB030615365-M1BS-1030010008C6A700_u08rf3031', 'WV03_20160121015319_104001001762AC00_16JAN21015319-M1BS-500638671020_01_P001_u08rf3031', 'WV02_20151204195602_103001004F9A8500_15DEC04195602-M1BS-500637515080_01_P006_u08rf3031']
dataset [PNGDATASET] was created
single_unet
initialization method [normal]
model [UnetModel] was created
epoch:1
Total: 8955 || Pos: 1391
(epoch: 1, iters: 0, time: 10.000) G_Loss: 0.949 X: 0.000 
(epoch: 1, iters: 0, time: 10.000) G_Loss: 0.432 X: 0.000 
(epoch: 1, iters: 0, time: 10.000) G_Loss: 0.242 X: 0.000 
(epoch: 1, iters: 0, time: 10.000) G_Loss: 0.160 X: 0.000 
(epoch: 1, iters: 0, time: 10.000) G_Loss: 0.108 X: 0.000 
(epoch: 1, iters: 0, time: 10.000) G_Loss: 0.087 X: 0.000 
(epoch: 1, iters: 0, time: 10.000) G_Loss: 0.079 X: 0.000 
(epoch: 1, iters: 0, time: 10.000) G_Loss: 0.071 X: 0.000 
(epoch: 1, iters: 0, time: 10.000) G_Loss: 0.043 X: 0.000 
(epoch: 1, iters: 0, time: 10.000) G_Loss: 0.064 X: 0.000 
(epoch: 1, iters: 0, time: 10.000) G_Loss: 0.049 X: 0.000 
(epoch: 1, iters: 0, time: 10.000) G_Loss: 0.043 X: 0.000 
(epoch: 1, iters: 0, time: 10.000) G_Loss: 0.039 X: 0.000 
(epoch: 1, iters: 0, time: 10.000) G_Loss: 0.042 X: 0.000 
(epoch: 1, iters: 0, time: 10.000) G_Loss: 0.032 X: 0.000 
(epoch: 1, iters: 0, time: 10.000) G_Loss: 0.028 X: 0.000 
(epoch: 1, iters: 0, time: 10.000) G_Loss: 0.030 X: 0.000 
(epoch: 1, iters: 0, time: 10.000) G_Loss: 0.032 X: 0.000 
(epoch: 1, iters: 0, time: 10.000) G_Loss: 0.031 X: 0.000 
(epoch: 1, iters: 0, time: 10.000) G_Loss: 0.034 X: 0.000 
(epoch: 1, iters: 0, time: 10.000) G_Loss: 0.022 X: 0.000 
(epoch: 1, iters: 0, time: 10.000) G_Loss: 0.032 X: 0.000 
(epoch: 1, iters: 0, time: 10.000) G_Loss: 0.026 X: 0.000 
(epoch: 1, iters: 0, time: 10.000) G_Loss: 0.030 X: 0.000 
End of epoch 1 / 10 	 Time Taken: 258 sec
learning rate = 0.0002000
epoch:2
Total: 8955 || Pos: 1391
(epoch: 2, iters: 0, time: 10.000) G_Loss: 0.024 X: 0.000 
(epoch: 2, iters: 0, time: 10.000) G_Loss: 0.023 X: 0.000 
(epoch: 2, iters: 0, time: 10.000) G_Loss: 0.040 X: 0.000 
(epoch: 2, iters: 0, time: 10.000) G_Loss: 0.019 X: 0.000 
(epoch: 2, iters: 0, time: 10.000) G_Loss: 0.026 X: 0.000 
(epoch: 2, iters: 0, time: 10.000) G_Loss: 0.020 X: 0.000 
(epoch: 2, iters: 0, time: 10.000) G_Loss: 0.034 X: 0.000 
(epoch: 2, iters: 0, time: 10.000) G_Loss: 0.027 X: 0.000 
(epoch: 2, iters: 0, time: 10.000) G_Loss: 0.019 X: 0.000 
(epoch: 2, iters: 0, time: 10.000) G_Loss: 0.018 X: 0.000 
(epoch: 2, iters: 0, time: 10.000) G_Loss: 0.022 X: 0.000 
(epoch: 2, iters: 0, time: 10.000) G_Loss: 0.028 X: 0.000 
(epoch: 2, iters: 0, time: 10.000) G_Loss: 0.034 X: 0.000 
(epoch: 2, iters: 0, time: 10.000) G_Loss: 0.031 X: 0.000 
(epoch: 2, iters: 0, time: 10.000) G_Loss: 0.015 X: 0.000 
(epoch: 2, iters: 0, time: 10.000) G_Loss: 0.022 X: 0.000 
(epoch: 2, iters: 0, time: 10.000) G_Loss: 0.022 X: 0.000 
(epoch: 2, iters: 0, time: 10.000) G_Loss: 0.023 X: 0.000 
(epoch: 2, iters: 0, time: 10.000) G_Loss: 0.024 X: 0.000 
(epoch: 2, iters: 0, time: 10.000) G_Loss: 0.022 X: 0.000 
(epoch: 2, iters: 0, time: 10.000) G_Loss: 0.017 X: 0.000 
(epoch: 2, iters: 0, time: 10.000) G_Loss: 0.022 X: 0.000 
(epoch: 2, iters: 0, time: 10.000) G_Loss: 0.021 X: 0.000 
Traceback (most recent call last):
  File "/nfs/bigbox/hieule/Penguins_CODE/penguin_train.py", line 32, in <module>
    for i,data in enumerate(dataset):
  File "/nfs/bigbox/hieule/Penguins_CODE/data/custom_dataset_data_loader.py", line 58, in __iter__
    for i, data in enumerate(self.dataloader):
  File "/home/hieule/.local/lib/python2.7/site-packages/torch/utils/data/dataloader.py", line 195, in __next__
    idx, batch = self.data_queue.get()
  File "/usr/lib/python2.7/multiprocessing/queues.py", line 376, in get
    return recv()
  File "/home/hieule/.local/lib/python2.7/site-packages/torch/multiprocessing/queue.py", line 22, in recv
    return pickle.loads(buf)
  File "/usr/lib/python2.7/pickle.py", line 1382, in loads
    return Unpickler(file).load()
  File "/usr/lib/python2.7/pickle.py", line 858, in load
    dispatch[key](self)
  File "/usr/lib/python2.7/pickle.py", line 1133, in load_reduce
    value = func(*args)
  File "/home/hieule/.local/lib/python2.7/site-packages/torch/multiprocessing/reductions.py", line 68, in rebuild_storage_fd
    fd = multiprocessing.reduction.rebuild_handle(df)
  File "/usr/lib/python2.7/multiprocessing/reduction.py", line 155, in rebuild_handle
    conn = Client(address, authkey=current_process().authkey)
  File "/usr/lib/python2.7/multiprocessing/connection.py", line 169, in Client
    c = SocketClient(address)
  File "/usr/lib/python2.7/multiprocessing/connection.py", line 304, in SocketClient
    s.connect(address)
  File "/usr/lib/python2.7/socket.py", line 224, in meth
    return getattr(self._sock,name)(*args)
socket.error: [Errno 111] Connection refused
3
3
python /nfs/bigbox/hieule/Penguins_CODE/penguin_train.py --randomSize --keep_ratio --batchSize 128 --biased_sampling 0.3 --traininglist /nfs/bigbox/hieule/penguin_data/p1000/train10.75_3 --gpu_ids 2 --model single_unet --input_nc 3 --name MSEnc3_train10.75__3_bias0.3_bs128 --root /nfs/bigbox/hieule/penguin_data/p1000/PATCHES/64_386/ --dataroot /nfs/bigbox/hieule/penguin_data/p1000/PATCHES/64_386/ --dataset_mode png_withlist --fineSize 256 --display_port 9999 --checkpoints /nfs/bigbox/hieule/penguin_data/checkpoints/
/nfs/bigbox/hieule/penguin_data/checkpoints/MSEnc3_train10.75__3_bias0.3_bs128
create web directory /nfs/bigbox/hieule/penguin_data/checkpoints/MSEnc3_train10.75__3_bias0.3_bs128/web...
CustomDatasetDataLoader
/nfs/bigbox/hieule/penguin_data/p1000/train10.75_3
['WV03_20160202130111_1040010017D54900_16FEB02130111-M1BS-500638661010_01_P001_u08rf3031', 'WV03_20170106053006_10400100272BF900_17JAN06053006-M1BS-057089629010_01_P001_u08rf3031', 'orthoWV02_11FEB251253222-M1BS-1030010009092C00_u08rfAEAC', 'WV02_20160101055824_103001004E1BFF00_16JAN01055824-M1BS-500637502050_01_P007_u08rf3031', 'WV03_20160121015319_104001001762AC00_16JAN21015319-M1BS-500638671020_01_P001_u08rf3031', 'orthoWV02_11FEB111306175-M1BS-10300100080D2800_u08rfAEAC', 'orthoQB02_10DEC161334434-M1BS-101001000CB8F300_u08rfAEAC', 'WV02_20151204195602_103001004F9A8500_15DEC04195602-M1BS-500637515080_01_P006_u08rf3031', 'WV02_20160119013349_1030010050B0C500_16JAN19013349-M1BS-500637522050_01_P001_u08rf3031', 'WV02_20160115040140_103001005065A200_16JAN15040140-M1BS-500638401020_01_P003_u08rf3031', 'orthoQB02_11JAN121245196-M1BS-101001000CD66D00_u08rfAEAC', 'WV02_20160115054221_103001004F69B500_16JAN15054221-M1BS-500637521040_01_P004_u08rf3031']
dataset [PNGDATASET] was created
single_unet
initialization method [normal]
model [UnetModel] was created
epoch:1
Total: 9319 || Pos: 1275
(epoch: 1, iters: 0, time: 10.000) G_Loss: 1.125 X: 0.000 
(epoch: 1, iters: 0, time: 10.000) G_Loss: 0.591 X: 0.000 
(epoch: 1, iters: 0, time: 10.000) G_Loss: 0.324 X: 0.000 
(epoch: 1, iters: 0, time: 10.000) G_Loss: 0.188 X: 0.000 
(epoch: 1, iters: 0, time: 10.000) G_Loss: 0.147 X: 0.000 
(epoch: 1, iters: 0, time: 10.000) G_Loss: 0.111 X: 0.000 
(epoch: 1, iters: 0, time: 10.000) G_Loss: 0.087 X: 0.000 
(epoch: 1, iters: 0, time: 10.000) G_Loss: 0.064 X: 0.000 
(epoch: 1, iters: 0, time: 10.000) G_Loss: 0.069 X: 0.000 
(epoch: 1, iters: 0, time: 10.000) G_Loss: 0.044 X: 0.000 
(epoch: 1, iters: 0, time: 10.000) G_Loss: 0.061 X: 0.000 
(epoch: 1, iters: 0, time: 10.000) G_Loss: 0.048 X: 0.000 
(epoch: 1, iters: 0, time: 10.000) G_Loss: 0.044 X: 0.000 
(epoch: 1, iters: 0, time: 10.000) G_Loss: 0.055 X: 0.000 
(epoch: 1, iters: 0, time: 10.000) G_Loss: 0.041 X: 0.000 
(epoch: 1, iters: 0, time: 10.000) G_Loss: 0.034 X: 0.000 
(epoch: 1, iters: 0, time: 10.000) G_Loss: 0.041 X: 0.000 
(epoch: 1, iters: 0, time: 10.000) G_Loss: 0.051 X: 0.000 
(epoch: 1, iters: 0, time: 10.000) G_Loss: 0.031 X: 0.000 
(epoch: 1, iters: 0, time: 10.000) G_Loss: 0.030 X: 0.000 
(epoch: 1, iters: 0, time: 10.000) G_Loss: 0.037 X: 0.000 
(epoch: 1, iters: 0, time: 10.000) G_Loss: 0.040 X: 0.000 
(epoch: 1, iters: 0, time: 10.000) G_Loss: 0.034 X: 0.000 
(epoch: 1, iters: 0, time: 10.000) G_Loss: 0.026 X: 0.000 
End of epoch 1 / 10 	 Time Taken: 292 sec
learning rate = 0.0002000
epoch:2
