python /nfs/bigbox/hieule/Penguins_CODE/penguin_train.py --batchSize 128 --biased_sampling 0.3 --traininglist /nfs/bigbox/hieule/penguin_data/p1000/train1_all --gpu_ids 1 --model single_unet --input_nc 3 --name MSEnc3_train1_all_bias0.3_bs128 --root /nfs/bigbox/hieule/penguin_data/p1000/PATCHES/64_386/ --dataroot /nfs/bigbox/hieule/penguin_data/p1000/PATCHES/64_386/ --dataset_mode png_withlist --fineSize 256 --display_port 9999 --checkpoints /nfs/bigbox/hieule/penguin_data/checkpoints/
/nfs/bigbox/hieule/penguin_data/checkpoints/MSEnc3_train1_all_bias0.3_bs128
create web directory /nfs/bigbox/hieule/penguin_data/checkpoints/MSEnc3_train1_all_bias0.3_bs128/web...
CustomDatasetDataLoader
/nfs/bigbox/hieule/penguin_data/p1000/train1_all
['orthoQB02_10DEC161334434-M1BS-101001000CB8F300_u08rfAEAC', 'WV02_20160115040140_103001005065A200_16JAN15040140-M1BS-500638401020_01_P003_u08rf3031', 'WV03_20160121015319_104001001762AC00_16JAN21015319-M1BS-500638671020_01_P001_u08rf3031', 'WV03_20160202130111_1040010017D54900_16FEB02130111-M1BS-500638661010_01_P001_u08rf3031', 'orthoWV02_11FEB030615365-M1BS-1030010008C6A700_u08rf3031', 'orthoWV02_11FEB111306175-M1BS-10300100080D2800_u08rfAEAC', 'orthoWV02_11FEB251253222-M1BS-1030010009092C00_u08rfAEAC', 'WV03_20170106053006_10400100272BF900_17JAN06053006-M1BS-057089629010_01_P001_u08rf3031', 'WV02_20151204195602_103001004F9A8500_15DEC04195602-M1BS-500637515080_01_P006_u08rf3031', 'WV02_20160119013349_1030010050B0C500_16JAN19013349-M1BS-500637522050_01_P001_u08rf3031', 'WV02_20160101055824_103001004E1BFF00_16JAN01055824-M1BS-500637502050_01_P007_u08rf3031', 'WV02_20160115054221_103001004F69B500_16JAN15054221-M1BS-500637521040_01_P004_u08rf3031', 'orthoQB02_11JAN121245196-M1BS-101001000CD66D00_u08rfAEAC', 'WV03_20160118055744_1040010017491D00_16JAN18055744-M1BS-500638671060_01_P001_u08rf3031', 'WV02_20160101055831_103001004FC8BC00_16JAN01055831-M1BS-500637524030_01_P001_u08rf3031', 'WV02_20160203054101_1030010051854A00_16FEB03054101-M1BS-500637516020_01_P001_u08rf3031']
dataset [PNGDATASET] was created
single_unet
initialization method [normal]
model [UnetModel] was created
epoch:1
Total: 19059 || Pos: 2421
(epoch: 1, iters: 0, time: 10.000) G_Loss: 0.070 X: 0.000 
(epoch: 1, iters: 0, time: 10.000) G_Loss: 0.014 X: 0.000 
(epoch: 1, iters: 0, time: 10.000) G_Loss: 0.013 X: 0.000 
(epoch: 1, iters: 0, time: 10.000) G_Loss: 0.010 X: 0.000 
(epoch: 1, iters: 0, time: 10.000) G_Loss: 0.013 X: 0.000 
(epoch: 1, iters: 0, time: 10.000) G_Loss: 0.012 X: 0.000 
(epoch: 1, iters: 0, time: 10.000) G_Loss: 0.008 X: 0.000 
(epoch: 1, iters: 0, time: 10.000) G_Loss: 0.008 X: 0.000 
(epoch: 1, iters: 0, time: 10.000) G_Loss: 0.007 X: 0.000 
(epoch: 1, iters: 0, time: 10.000) G_Loss: 0.011 X: 0.000 
(epoch: 1, iters: 0, time: 10.000) G_Loss: 0.008 X: 0.000 
(epoch: 1, iters: 0, time: 10.000) G_Loss: 0.007 X: 0.000 
(epoch: 1, iters: 0, time: 10.000) G_Loss: 0.006 X: 0.000 
(epoch: 1, iters: 0, time: 10.000) G_Loss: 0.012 X: 0.000 
(epoch: 1, iters: 0, time: 10.000) G_Loss: 0.010 X: 0.000 
(epoch: 1, iters: 0, time: 10.000) G_Loss: 0.006 X: 0.000 
(epoch: 1, iters: 0, time: 10.000) G_Loss: 0.005 X: 0.000 
(epoch: 1, iters: 0, time: 10.000) G_Loss: 0.010 X: 0.000 
(epoch: 1, iters: 0, time: 10.000) G_Loss: 0.011 X: 0.000 
(epoch: 1, iters: 0, time: 10.000) G_Loss: 0.010 X: 0.000 
(epoch: 1, iters: 0, time: 10.000) G_Loss: 0.006 X: 0.000 
(epoch: 1, iters: 0, time: 10.000) G_Loss: 0.008 X: 0.000 
(epoch: 1, iters: 0, time: 10.000) G_Loss: 0.006 X: 0.000 
(epoch: 1, iters: 0, time: 10.000) G_Loss: 0.008 X: 0.000 
End of epoch 1 / 20 	 Time Taken: 257 sec
learning rate = 0.0002000
epoch:2
Total: 19059 || Pos: 2421
(epoch: 2, iters: 0, time: 10.000) G_Loss: 0.007 X: 0.000 
(epoch: 2, iters: 0, time: 10.000) G_Loss: 0.010 X: 0.000 
(epoch: 2, iters: 0, time: 10.000) G_Loss: 0.012 X: 0.000 
(epoch: 2, iters: 0, time: 10.000) G_Loss: 0.008 X: 0.000 
(epoch: 2, iters: 0, time: 10.000) G_Loss: 0.008 X: 0.000 
(epoch: 2, iters: 0, time: 10.000) G_Loss: 0.010 X: 0.000 
(epoch: 2, iters: 0, time: 10.000) G_Loss: 0.008 X: 0.000 
(epoch: 2, iters: 0, time: 10.000) G_Loss: 0.006 X: 0.000 
(epoch: 2, iters: 0, time: 10.000) G_Loss: 0.006 X: 0.000 
(epoch: 2, iters: 0, time: 10.000) G_Loss: 0.005 X: 0.000 
(epoch: 2, iters: 0, time: 10.000) G_Loss: 0.005 X: 0.000 
(epoch: 2, iters: 0, time: 10.000) G_Loss: 0.007 X: 0.000 
(epoch: 2, iters: 0, time: 10.000) G_Loss: 0.010 X: 0.000 
(epoch: 2, iters: 0, time: 10.000) G_Loss: 0.009 X: 0.000 
(epoch: 2, iters: 0, time: 10.000) G_Loss: 0.004 X: 0.000 
(epoch: 2, iters: 0, time: 10.000) G_Loss: 0.005 X: 0.000 
(epoch: 2, iters: 0, time: 10.000) G_Loss: 0.006 X: 0.000 
(epoch: 2, iters: 0, time: 10.000) G_Loss: 0.007 X: 0.000 
(epoch: 2, iters: 0, time: 10.000) G_Loss: 0.007 X: 0.000 
(epoch: 2, iters: 0, time: 10.000) G_Loss: 0.006 X: 0.000 
(epoch: 2, iters: 0, time: 10.000) G_Loss: 0.004 X: 0.000 
(epoch: 2, iters: 0, time: 10.000) G_Loss: 0.005 X: 0.000 
(epoch: 2, iters: 0, time: 10.000) G_Loss: 0.005 X: 0.000 
(epoch: 2, iters: 0, time: 10.000) G_Loss: 0.008 X: 0.000 
End of epoch 2 / 20 	 Time Taken: 285 sec
learning rate = 0.0002000
epoch:3
Total: 19059 || Pos: 2421
(epoch: 3, iters: 0, time: 10.000) G_Loss: 0.008 X: 0.000 
(epoch: 3, iters: 0, time: 10.000) G_Loss: 0.004 X: 0.000 
(epoch: 3, iters: 0, time: 10.000) G_Loss: 0.005 X: 0.000 
(epoch: 3, iters: 0, time: 10.000) G_Loss: 0.007 X: 0.000 
(epoch: 3, iters: 0, time: 10.000) G_Loss: 0.006 X: 0.000 
(epoch: 3, iters: 0, time: 10.000) G_Loss: 0.008 X: 0.000 
(epoch: 3, iters: 0, time: 10.000) G_Loss: 0.008 X: 0.000 
(epoch: 3, iters: 0, time: 10.000) G_Loss: 0.009 X: 0.000 
(epoch: 3, iters: 0, time: 10.000) G_Loss: 0.007 X: 0.000 
(epoch: 3, iters: 0, time: 10.000) G_Loss: 0.004 X: 0.000 
(epoch: 3, iters: 0, time: 10.000) G_Loss: 0.006 X: 0.000 
(epoch: 3, iters: 0, time: 10.000) G_Loss: 0.006 X: 0.000 
(epoch: 3, iters: 0, time: 10.000) G_Loss: 0.006 X: 0.000 
(epoch: 3, iters: 0, time: 10.000) G_Loss: 0.004 X: 0.000 
(epoch: 3, iters: 0, time: 10.000) G_Loss: 0.007 X: 0.000 
(epoch: 3, iters: 0, time: 10.000) G_Loss: 0.006 X: 0.000 
(epoch: 3, iters: 0, time: 10.000) G_Loss: 0.008 X: 0.000 
(epoch: 3, iters: 0, time: 10.000) G_Loss: 0.006 X: 0.000 
(epoch: 3, iters: 0, time: 10.000) G_Loss: 0.004 X: 0.000 
(epoch: 3, iters: 0, time: 10.000) G_Loss: 0.006 X: 0.000 
(epoch: 3, iters: 0, time: 10.000) G_Loss: 0.004 X: 0.000 
(epoch: 3, iters: 0, time: 10.000) G_Loss: 0.009 X: 0.000 
(epoch: 3, iters: 0, time: 10.000) G_Loss: 0.004 X: 0.000 
(epoch: 3, iters: 0, time: 10.000) G_Loss: 0.005 X: 0.000 
End of epoch 3 / 20 	 Time Taken: 284 sec
learning rate = 0.0002000
epoch:4
Total: 19059 || Pos: 2421
(epoch: 4, iters: 0, time: 10.000) G_Loss: 0.004 X: 0.000 
(epoch: 4, iters: 0, time: 10.000) G_Loss: 0.004 X: 0.000 
(epoch: 4, iters: 0, time: 10.000) G_Loss: 0.004 X: 0.000 
(epoch: 4, iters: 0, time: 10.000) G_Loss: 0.004 X: 0.000 
(epoch: 4, iters: 0, time: 10.000) G_Loss: 0.003 X: 0.000 
(epoch: 4, iters: 0, time: 10.000) G_Loss: 0.007 X: 0.000 
(epoch: 4, iters: 0, time: 10.000) G_Loss: 0.005 X: 0.000 
(epoch: 4, iters: 0, time: 10.000) G_Loss: 0.004 X: 0.000 
(epoch: 4, iters: 0, time: 10.000) G_Loss: 0.005 X: 0.000 
(epoch: 4, iters: 0, time: 10.000) G_Loss: 0.005 X: 0.000 
(epoch: 4, iters: 0, time: 10.000) G_Loss: 0.005 X: 0.000 
(epoch: 4, iters: 0, time: 10.000) G_Loss: 0.004 X: 0.000 
(epoch: 4, iters: 0, time: 10.000) G_Loss: 0.005 X: 0.000 
(epoch: 4, iters: 0, time: 10.000) G_Loss: 0.006 X: 0.000 
(epoch: 4, iters: 0, time: 10.000) G_Loss: 0.005 X: 0.000 
(epoch: 4, iters: 0, time: 10.000) G_Loss: 0.007 X: 0.000 
(epoch: 4, iters: 0, time: 10.000) G_Loss: 0.005 X: 0.000 
(epoch: 4, iters: 0, time: 10.000) G_Loss: 0.011 X: 0.000 
(epoch: 4, iters: 0, time: 10.000) G_Loss: 0.006 X: 0.000 
(epoch: 4, iters: 0, time: 10.000) G_Loss: 0.003 X: 0.000 
(epoch: 4, iters: 0, time: 10.000) G_Loss: 0.004 X: 0.000 
(epoch: 4, iters: 0, time: 10.000) G_Loss: 0.004 X: 0.000 
(epoch: 4, iters: 0, time: 10.000) G_Loss: 0.005 X: 0.000 
(epoch: 4, iters: 0, time: 10.000) G_Loss: 0.003 X: 0.000 
End of epoch 4 / 20 	 Time Taken: 284 sec
learning rate = 0.0002000
epoch:5
Total: 19059 || Pos: 2421
(epoch: 5, iters: 0, time: 10.000) G_Loss: 0.004 X: 0.000 
(epoch: 5, iters: 0, time: 10.000) G_Loss: 0.005 X: 0.000 
(epoch: 5, iters: 0, time: 10.000) G_Loss: 0.005 X: 0.000 
(epoch: 5, iters: 0, time: 10.000) G_Loss: 0.005 X: 0.000 
(epoch: 5, iters: 0, time: 10.000) G_Loss: 0.005 X: 0.000 
(epoch: 5, iters: 0, time: 10.000) G_Loss: 0.006 X: 0.000 
(epoch: 5, iters: 0, time: 10.000) G_Loss: 0.005 X: 0.000 
(epoch: 5, iters: 0, time: 10.000) G_Loss: 0.003 X: 0.000 
(epoch: 5, iters: 0, time: 10.000) G_Loss: 0.003 X: 0.000 
(epoch: 5, iters: 0, time: 10.000) G_Loss: 0.003 X: 0.000 
(epoch: 5, iters: 0, time: 10.000) G_Loss: 0.005 X: 0.000 
(epoch: 5, iters: 0, time: 10.000) G_Loss: 0.005 X: 0.000 
(epoch: 5, iters: 0, time: 10.000) G_Loss: 0.002 X: 0.000 
(epoch: 5, iters: 0, time: 10.000) G_Loss: 0.005 X: 0.000 
(epoch: 5, iters: 0, time: 10.000) G_Loss: 0.003 X: 0.000 
(epoch: 5, iters: 0, time: 10.000) G_Loss: 0.006 X: 0.000 
(epoch: 5, iters: 0, time: 10.000) G_Loss: 0.004 X: 0.000 
(epoch: 5, iters: 0, time: 10.000) G_Loss: 0.003 X: 0.000 
(epoch: 5, iters: 0, time: 10.000) G_Loss: 0.004 X: 0.000 
(epoch: 5, iters: 0, time: 10.000) G_Loss: 0.005 X: 0.000 
(epoch: 5, iters: 0, time: 10.000) G_Loss: 0.004 X: 0.000 
(epoch: 5, iters: 0, time: 10.000) G_Loss: 0.003 X: 0.000 
(epoch: 5, iters: 0, time: 10.000) G_Loss: 0.004 X: 0.000 
(epoch: 5, iters: 0, time: 10.000) G_Loss: 0.005 X: 0.000 
End of epoch 5 / 20 	 Time Taken: 286 sec
learning rate = 0.0001875
epoch:6
Total: 19059 || Pos: 2421
(epoch: 6, iters: 0, time: 10.000) G_Loss: 0.003 X: 0.000 
(epoch: 6, iters: 0, time: 10.000) G_Loss: 0.006 X: 0.000 
(epoch: 6, iters: 0, time: 10.000) G_Loss: 0.004 X: 0.000 
(epoch: 6, iters: 0, time: 10.000) G_Loss: 0.006 X: 0.000 
(epoch: 6, iters: 0, time: 10.000) G_Loss: 0.004 X: 0.000 
(epoch: 6, iters: 0, time: 10.000) G_Loss: 0.005 X: 0.000 
(epoch: 6, iters: 0, time: 10.000) G_Loss: 0.003 X: 0.000 
(epoch: 6, iters: 0, time: 10.000) G_Loss: 0.003 X: 0.000 
(epoch: 6, iters: 0, time: 10.000) G_Loss: 0.005 X: 0.000 
(epoch: 6, iters: 0, time: 10.000) G_Loss: 0.004 X: 0.000 
(epoch: 6, iters: 0, time: 10.000) G_Loss: 0.003 X: 0.000 
(epoch: 6, iters: 0, time: 10.000) G_Loss: 0.006 X: 0.000 
(epoch: 6, iters: 0, time: 10.000) G_Loss: 0.004 X: 0.000 
(epoch: 6, iters: 0, time: 10.000) G_Loss: 0.003 X: 0.000 
(epoch: 6, iters: 0, time: 10.000) G_Loss: 0.004 X: 0.000 
(epoch: 6, iters: 0, time: 10.000) G_Loss: 0.004 X: 0.000 
(epoch: 6, iters: 0, time: 10.000) G_Loss: 0.002 X: 0.000 
(epoch: 6, iters: 0, time: 10.000) G_Loss: 0.003 X: 0.000 
(epoch: 6, iters: 0, time: 10.000) G_Loss: 0.005 X: 0.000 
(epoch: 6, iters: 0, time: 10.000) G_Loss: 0.003 X: 0.000 
(epoch: 6, iters: 0, time: 10.000) G_Loss: 0.006 X: 0.000 
(epoch: 6, iters: 0, time: 10.000) G_Loss: 0.003 X: 0.000 
(epoch: 6, iters: 0, time: 10.000) G_Loss: 0.003 X: 0.000 
(epoch: 6, iters: 0, time: 10.000) G_Loss: 0.004 X: 0.000 
End of epoch 6 / 20 	 Time Taken: 286 sec
learning rate = 0.0001750
epoch:7
Total: 19059 || Pos: 2421
(epoch: 7, iters: 0, time: 10.000) G_Loss: 0.004 X: 0.000 
(epoch: 7, iters: 0, time: 10.000) G_Loss: 0.002 X: 0.000 
(epoch: 7, iters: 0, time: 10.000) G_Loss: 0.003 X: 0.000 
(epoch: 7, iters: 0, time: 10.000) G_Loss: 0.004 X: 0.000 
(epoch: 7, iters: 0, time: 10.000) G_Loss: 0.002 X: 0.000 
(epoch: 7, iters: 0, time: 10.000) G_Loss: 0.002 X: 0.000 
(epoch: 7, iters: 0, time: 10.000) G_Loss: 0.005 X: 0.000 
(epoch: 7, iters: 0, time: 10.000) G_Loss: 0.003 X: 0.000 
(epoch: 7, iters: 0, time: 10.000) G_Loss: 0.003 X: 0.000 
(epoch: 7, iters: 0, time: 10.000) G_Loss: 0.006 X: 0.000 
(epoch: 7, iters: 0, time: 10.000) G_Loss: 0.003 X: 0.000 
(epoch: 7, iters: 0, time: 10.000) G_Loss: 0.003 X: 0.000 
(epoch: 7, iters: 0, time: 10.000) G_Loss: 0.002 X: 0.000 
(epoch: 7, iters: 0, time: 10.000) G_Loss: 0.003 X: 0.000 
(epoch: 7, iters: 0, time: 10.000) G_Loss: 0.003 X: 0.000 
(epoch: 7, iters: 0, time: 10.000) G_Loss: 0.003 X: 0.000 
(epoch: 7, iters: 0, time: 10.000) G_Loss: 0.004 X: 0.000 
(epoch: 7, iters: 0, time: 10.000) G_Loss: 0.004 X: 0.000 
(epoch: 7, iters: 0, time: 10.000) G_Loss: 0.004 X: 0.000 
(epoch: 7, iters: 0, time: 10.000) G_Loss: 0.003 X: 0.000 
(epoch: 7, iters: 0, time: 10.000) G_Loss: 0.003 X: 0.000 
(epoch: 7, iters: 0, time: 10.000) G_Loss: 0.002 X: 0.000 
(epoch: 7, iters: 0, time: 10.000) G_Loss: 0.004 X: 0.000 
(epoch: 7, iters: 0, time: 10.000) G_Loss: 0.004 X: 0.000 
End of epoch 7 / 20 	 Time Taken: 284 sec
learning rate = 0.0001625
epoch:8
Total: 19059 || Pos: 2421
(epoch: 8, iters: 0, time: 10.000) G_Loss: 0.004 X: 0.000 
(epoch: 8, iters: 0, time: 10.000) G_Loss: 0.002 X: 0.000 
(epoch: 8, iters: 0, time: 10.000) G_Loss: 0.003 X: 0.000 
(epoch: 8, iters: 0, time: 10.000) G_Loss: 0.003 X: 0.000 
(epoch: 8, iters: 0, time: 10.000) G_Loss: 0.003 X: 0.000 
(epoch: 8, iters: 0, time: 10.000) G_Loss: 0.002 X: 0.000 
(epoch: 8, iters: 0, time: 10.000) G_Loss: 0.003 X: 0.000 
(epoch: 8, iters: 0, time: 10.000) G_Loss: 0.005 X: 0.000 
(epoch: 8, iters: 0, time: 10.000) G_Loss: 0.003 X: 0.000 
(epoch: 8, iters: 0, time: 10.000) G_Loss: 0.004 X: 0.000 
(epoch: 8, iters: 0, time: 10.000) G_Loss: 0.003 X: 0.000 
(epoch: 8, iters: 0, time: 10.000) G_Loss: 0.003 X: 0.000 
(epoch: 8, iters: 0, time: 10.000) G_Loss: 0.003 X: 0.000 
(epoch: 8, iters: 0, time: 10.000) G_Loss: 0.003 X: 0.000 
(epoch: 8, iters: 0, time: 10.000) G_Loss: 0.004 X: 0.000 
(epoch: 8, iters: 0, time: 10.000) G_Loss: 0.002 X: 0.000 
(epoch: 8, iters: 0, time: 10.000) G_Loss: 0.002 X: 0.000 
(epoch: 8, iters: 0, time: 10.000) G_Loss: 0.003 X: 0.000 
(epoch: 8, iters: 0, time: 10.000) G_Loss: 0.003 X: 0.000 
(epoch: 8, iters: 0, time: 10.000) G_Loss: 0.002 X: 0.000 
(epoch: 8, iters: 0, time: 10.000) G_Loss: 0.003 X: 0.000 
(epoch: 8, iters: 0, time: 10.000) G_Loss: 0.003 X: 0.000 
(epoch: 8, iters: 0, time: 10.000) G_Loss: 0.004 X: 0.000 
(epoch: 8, iters: 0, time: 10.000) G_Loss: 0.003 X: 0.000 
End of epoch 8 / 20 	 Time Taken: 285 sec
learning rate = 0.0001500
epoch:9
Total: 19059 || Pos: 2421
(epoch: 9, iters: 0, time: 10.000) G_Loss: 0.003 X: 0.000 
(epoch: 9, iters: 0, time: 10.000) G_Loss: 0.003 X: 0.000 
(epoch: 9, iters: 0, time: 10.000) G_Loss: 0.001 X: 0.000 
(epoch: 9, iters: 0, time: 10.000) G_Loss: 0.002 X: 0.000 
(epoch: 9, iters: 0, time: 10.000) G_Loss: 0.003 X: 0.000 
(epoch: 9, iters: 0, time: 10.000) G_Loss: 0.003 X: 0.000 
(epoch: 9, iters: 0, time: 10.000) G_Loss: 0.004 X: 0.000 
(epoch: 9, iters: 0, time: 10.000) G_Loss: 0.004 X: 0.000 
(epoch: 9, iters: 0, time: 10.000) G_Loss: 0.002 X: 0.000 
(epoch: 9, iters: 0, time: 10.000) G_Loss: 0.005 X: 0.000 
(epoch: 9, iters: 0, time: 10.000) G_Loss: 0.009 X: 0.000 
(epoch: 9, iters: 0, time: 10.000) G_Loss: 0.012 X: 0.000 
(epoch: 9, iters: 0, time: 10.000) G_Loss: 0.011 X: 0.000 
(epoch: 9, iters: 0, time: 10.000) G_Loss: 0.008 X: 0.000 
(epoch: 9, iters: 0, time: 10.000) G_Loss: 0.010 X: 0.000 
(epoch: 9, iters: 0, time: 10.000) G_Loss: 0.006 X: 0.000 
(epoch: 9, iters: 0, time: 10.000) G_Loss: 0.009 X: 0.000 
(epoch: 9, iters: 0, time: 10.000) G_Loss: 0.005 X: 0.000 
(epoch: 9, iters: 0, time: 10.000) G_Loss: 0.008 X: 0.000 
(epoch: 9, iters: 0, time: 10.000) G_Loss: 0.007 X: 0.000 
(epoch: 9, iters: 0, time: 10.000) G_Loss: 0.004 X: 0.000 
(epoch: 9, iters: 0, time: 10.000) G_Loss: 0.004 X: 0.000 
(epoch: 9, iters: 0, time: 10.000) G_Loss: 0.003 X: 0.000 
(epoch: 9, iters: 0, time: 10.000) G_Loss: 0.004 X: 0.000 
End of epoch 9 / 20 	 Time Taken: 290 sec
learning rate = 0.0001375
epoch:10
Total: 19059 || Pos: 2421
(epoch: 10, iters: 0, time: 10.000) G_Loss: 0.003 X: 0.000 
(epoch: 10, iters: 0, time: 10.000) G_Loss: 0.004 X: 0.000 
(epoch: 10, iters: 0, time: 10.000) G_Loss: 0.002 X: 0.000 
(epoch: 10, iters: 0, time: 10.000) G_Loss: 0.004 X: 0.000 
(epoch: 10, iters: 0, time: 10.000) G_Loss: 0.004 X: 0.000 
(epoch: 10, iters: 0, time: 10.000) G_Loss: 0.003 X: 0.000 
(epoch: 10, iters: 0, time: 10.000) G_Loss: 0.005 X: 0.000 
(epoch: 10, iters: 0, time: 10.000) G_Loss: 0.003 X: 0.000 
(epoch: 10, iters: 0, time: 10.000) G_Loss: 0.002 X: 0.000 
(epoch: 10, iters: 0, time: 10.000) G_Loss: 0.003 X: 0.000 
(epoch: 10, iters: 0, time: 10.000) G_Loss: 0.003 X: 0.000 
(epoch: 10, iters: 0, time: 10.000) G_Loss: 0.003 X: 0.000 
(epoch: 10, iters: 0, time: 10.000) G_Loss: 0.003 X: 0.000 
(epoch: 10, iters: 0, time: 10.000) G_Loss: 0.002 X: 0.000 
(epoch: 10, iters: 0, time: 10.000) G_Loss: 0.003 X: 0.000 
(epoch: 10, iters: 0, time: 10.000) G_Loss: 0.003 X: 0.000 
(epoch: 10, iters: 0, time: 10.000) G_Loss: 0.003 X: 0.000 
(epoch: 10, iters: 0, time: 10.000) G_Loss: 0.003 X: 0.000 
(epoch: 10, iters: 0, time: 10.000) G_Loss: 0.004 X: 0.000 
(epoch: 10, iters: 0, time: 10.000) G_Loss: 0.002 X: 0.000 
(epoch: 10, iters: 0, time: 10.000) G_Loss: 0.004 X: 0.000 
(epoch: 10, iters: 0, time: 10.000) G_Loss: 0.003 X: 0.000 
(epoch: 10, iters: 0, time: 10.000) G_Loss: 0.003 X: 0.000 
(epoch: 10, iters: 0, time: 10.000) G_Loss: 0.003 X: 0.000 
End of epoch 10 / 20 	 Time Taken: 295 sec
learning rate = 0.0001250
epoch:11
Total: 19059 || Pos: 2421
(epoch: 11, iters: 0, time: 10.000) G_Loss: 0.003 X: 0.000 
(epoch: 11, iters: 0, time: 10.000) G_Loss: 0.002 X: 0.000 
(epoch: 11, iters: 0, time: 10.000) G_Loss: 0.003 X: 0.000 
(epoch: 11, iters: 0, time: 10.000) G_Loss: 0.004 X: 0.000 
(epoch: 11, iters: 0, time: 10.000) G_Loss: 0.003 X: 0.000 
(epoch: 11, iters: 0, time: 10.000) G_Loss: 0.004 X: 0.000 
(epoch: 11, iters: 0, time: 10.000) G_Loss: 0.003 X: 0.000 
(epoch: 11, iters: 0, time: 10.000) G_Loss: 0.002 X: 0.000 
(epoch: 11, iters: 0, time: 10.000) G_Loss: 0.002 X: 0.000 
(epoch: 11, iters: 0, time: 10.000) G_Loss: 0.003 X: 0.000 
(epoch: 11, iters: 0, time: 10.000) G_Loss: 0.003 X: 0.000 
(epoch: 11, iters: 0, time: 10.000) G_Loss: 0.002 X: 0.000 
(epoch: 11, iters: 0, time: 10.000) G_Loss: 0.004 X: 0.000 
(epoch: 11, iters: 0, time: 10.000) G_Loss: 0.004 X: 0.000 
(epoch: 11, iters: 0, time: 10.000) G_Loss: 0.002 X: 0.000 
(epoch: 11, iters: 0, time: 10.000) G_Loss: 0.002 X: 0.000 
(epoch: 11, iters: 0, time: 10.000) G_Loss: 0.002 X: 0.000 
(epoch: 11, iters: 0, time: 10.000) G_Loss: 0.004 X: 0.000 
(epoch: 11, iters: 0, time: 10.000) G_Loss: 0.002 X: 0.000 
(epoch: 11, iters: 0, time: 10.000) G_Loss: 0.003 X: 0.000 
(epoch: 11, iters: 0, time: 10.000) G_Loss: 0.003 X: 0.000 
(epoch: 11, iters: 0, time: 10.000) G_Loss: 0.002 X: 0.000 
(epoch: 11, iters: 0, time: 10.000) G_Loss: 0.003 X: 0.000 
(epoch: 11, iters: 0, time: 10.000) G_Loss: 0.004 X: 0.000 
End of epoch 11 / 20 	 Time Taken: 292 sec
learning rate = 0.0001125
epoch:12
Total: 19059 || Pos: 2421
(epoch: 12, iters: 0, time: 10.000) G_Loss: 0.003 X: 0.000 
(epoch: 12, iters: 0, time: 10.000) G_Loss: 0.002 X: 0.000 
(epoch: 12, iters: 0, time: 10.000) G_Loss: 0.004 X: 0.000 
(epoch: 12, iters: 0, time: 10.000) G_Loss: 0.004 X: 0.000 
(epoch: 12, iters: 0, time: 10.000) G_Loss: 0.003 X: 0.000 
(epoch: 12, iters: 0, time: 10.000) G_Loss: 0.004 X: 0.000 
(epoch: 12, iters: 0, time: 10.000) G_Loss: 0.003 X: 0.000 
(epoch: 12, iters: 0, time: 10.000) G_Loss: 0.002 X: 0.000 
(epoch: 12, iters: 0, time: 10.000) G_Loss: 0.002 X: 0.000 
(epoch: 12, iters: 0, time: 10.000) G_Loss: 0.004 X: 0.000 
(epoch: 12, iters: 0, time: 10.000) G_Loss: 0.004 X: 0.000 
(epoch: 12, iters: 0, time: 10.000) G_Loss: 0.003 X: 0.000 
(epoch: 12, iters: 0, time: 10.000) G_Loss: 0.003 X: 0.000 
(epoch: 12, iters: 0, time: 10.000) G_Loss: 0.002 X: 0.000 
(epoch: 12, iters: 0, time: 10.000) G_Loss: 0.003 X: 0.000 
(epoch: 12, iters: 0, time: 10.000) G_Loss: 0.003 X: 0.000 
(epoch: 12, iters: 0, time: 10.000) G_Loss: 0.003 X: 0.000 
(epoch: 12, iters: 0, time: 10.000) G_Loss: 0.003 X: 0.000 
(epoch: 12, iters: 0, time: 10.000) G_Loss: 0.001 X: 0.000 
(epoch: 12, iters: 0, time: 10.000) G_Loss: 0.002 X: 0.000 
(epoch: 12, iters: 0, time: 10.000) G_Loss: 0.003 X: 0.000 
(epoch: 12, iters: 0, time: 10.000) G_Loss: 0.003 X: 0.000 
(epoch: 12, iters: 0, time: 10.000) G_Loss: 0.002 X: 0.000 
(epoch: 12, iters: 0, time: 10.000) G_Loss: 0.003 X: 0.000 
End of epoch 12 / 20 	 Time Taken: 295 sec
learning rate = 0.0001000
epoch:13
Total: 19059 || Pos: 2421
(epoch: 13, iters: 0, time: 10.000) G_Loss: 0.003 X: 0.000 
(epoch: 13, iters: 0, time: 10.000) G_Loss: 0.003 X: 0.000 
(epoch: 13, iters: 0, time: 10.000) G_Loss: 0.003 X: 0.000 
(epoch: 13, iters: 0, time: 10.000) G_Loss: 0.002 X: 0.000 
(epoch: 13, iters: 0, time: 10.000) G_Loss: 0.003 X: 0.000 
(epoch: 13, iters: 0, time: 10.000) G_Loss: 0.002 X: 0.000 
(epoch: 13, iters: 0, time: 10.000) G_Loss: 0.003 X: 0.000 
(epoch: 13, iters: 0, time: 10.000) G_Loss: 0.002 X: 0.000 
(epoch: 13, iters: 0, time: 10.000) G_Loss: 0.003 X: 0.000 
(epoch: 13, iters: 0, time: 10.000) G_Loss: 0.003 X: 0.000 
(epoch: 13, iters: 0, time: 10.000) G_Loss: 0.002 X: 0.000 
(epoch: 13, iters: 0, time: 10.000) G_Loss: 0.002 X: 0.000 
(epoch: 13, iters: 0, time: 10.000) G_Loss: 0.002 X: 0.000 
(epoch: 13, iters: 0, time: 10.000) G_Loss: 0.002 X: 0.000 
(epoch: 13, iters: 0, time: 10.000) G_Loss: 0.002 X: 0.000 
(epoch: 13, iters: 0, time: 10.000) G_Loss: 0.003 X: 0.000 
(epoch: 13, iters: 0, time: 10.000) G_Loss: 0.002 X: 0.000 
(epoch: 13, iters: 0, time: 10.000) G_Loss: 0.002 X: 0.000 
(epoch: 13, iters: 0, time: 10.000) G_Loss: 0.003 X: 0.000 
(epoch: 13, iters: 0, time: 10.000) G_Loss: 0.002 X: 0.000 
(epoch: 13, iters: 0, time: 10.000) G_Loss: 0.003 X: 0.000 
(epoch: 13, iters: 0, time: 10.000) G_Loss: 0.003 X: 0.000 
(epoch: 13, iters: 0, time: 10.000) G_Loss: 0.003 X: 0.000 
(epoch: 13, iters: 0, time: 10.000) G_Loss: 0.002 X: 0.000 
End of epoch 13 / 20 	 Time Taken: 294 sec
learning rate = 0.0000875
epoch:14
Total: 19059 || Pos: 2421
(epoch: 14, iters: 0, time: 10.000) G_Loss: 0.002 X: 0.000 
(epoch: 14, iters: 0, time: 10.000) G_Loss: 0.004 X: 0.000 
(epoch: 14, iters: 0, time: 10.000) G_Loss: 0.003 X: 0.000 
(epoch: 14, iters: 0, time: 10.000) G_Loss: 0.002 X: 0.000 
(epoch: 14, iters: 0, time: 10.000) G_Loss: 0.002 X: 0.000 
(epoch: 14, iters: 0, time: 10.000) G_Loss: 0.003 X: 0.000 
(epoch: 14, iters: 0, time: 10.000) G_Loss: 0.002 X: 0.000 
(epoch: 14, iters: 0, time: 10.000) G_Loss: 0.002 X: 0.000 
(epoch: 14, iters: 0, time: 10.000) G_Loss: 0.003 X: 0.000 
(epoch: 14, iters: 0, time: 10.000) G_Loss: 0.003 X: 0.000 
(epoch: 14, iters: 0, time: 10.000) G_Loss: 0.002 X: 0.000 
(epoch: 14, iters: 0, time: 10.000) G_Loss: 0.002 X: 0.000 
(epoch: 14, iters: 0, time: 10.000) G_Loss: 0.002 X: 0.000 
(epoch: 14, iters: 0, time: 10.000) G_Loss: 0.002 X: 0.000 
(epoch: 14, iters: 0, time: 10.000) G_Loss: 0.003 X: 0.000 
(epoch: 14, iters: 0, time: 10.000) G_Loss: 0.003 X: 0.000 
(epoch: 14, iters: 0, time: 10.000) G_Loss: 0.003 X: 0.000 
(epoch: 14, iters: 0, time: 10.000) G_Loss: 0.002 X: 0.000 
(epoch: 14, iters: 0, time: 10.000) G_Loss: 0.002 X: 0.000 
(epoch: 14, iters: 0, time: 10.000) G_Loss: 0.002 X: 0.000 
(epoch: 14, iters: 0, time: 10.000) G_Loss: 0.003 X: 0.000 
(epoch: 14, iters: 0, time: 10.000) G_Loss: 0.003 X: 0.000 
(epoch: 14, iters: 0, time: 10.000) G_Loss: 0.003 X: 0.000 
(epoch: 14, iters: 0, time: 10.000) G_Loss: 0.003 X: 0.000 
End of epoch 14 / 20 	 Time Taken: 293 sec
learning rate = 0.0000750
epoch:15
Total: 19059 || Pos: 2421
(epoch: 15, iters: 0, time: 10.000) G_Loss: 0.002 X: 0.000 
(epoch: 15, iters: 0, time: 10.000) G_Loss: 0.003 X: 0.000 
(epoch: 15, iters: 0, time: 10.000) G_Loss: 0.003 X: 0.000 
(epoch: 15, iters: 0, time: 10.000) G_Loss: 0.002 X: 0.000 
(epoch: 15, iters: 0, time: 10.000) G_Loss: 0.002 X: 0.000 
(epoch: 15, iters: 0, time: 10.000) G_Loss: 0.002 X: 0.000 
(epoch: 15, iters: 0, time: 10.000) G_Loss: 0.003 X: 0.000 
(epoch: 15, iters: 0, time: 10.000) G_Loss: 0.002 X: 0.000 
(epoch: 15, iters: 0, time: 10.000) G_Loss: 0.002 X: 0.000 
(epoch: 15, iters: 0, time: 10.000) G_Loss: 0.003 X: 0.000 
(epoch: 15, iters: 0, time: 10.000) G_Loss: 0.003 X: 0.000 
(epoch: 15, iters: 0, time: 10.000) G_Loss: 0.004 X: 0.000 
(epoch: 15, iters: 0, time: 10.000) G_Loss: 0.002 X: 0.000 
(epoch: 15, iters: 0, time: 10.000) G_Loss: 0.001 X: 0.000 
(epoch: 15, iters: 0, time: 10.000) G_Loss: 0.003 X: 0.000 
(epoch: 15, iters: 0, time: 10.000) G_Loss: 0.003 X: 0.000 
(epoch: 15, iters: 0, time: 10.000) G_Loss: 0.002 X: 0.000 
(epoch: 15, iters: 0, time: 10.000) G_Loss: 0.003 X: 0.000 
(epoch: 15, iters: 0, time: 10.000) G_Loss: 0.003 X: 0.000 
(epoch: 15, iters: 0, time: 10.000) G_Loss: 0.002 X: 0.000 
(epoch: 15, iters: 0, time: 10.000) G_Loss: 0.003 X: 0.000 
(epoch: 15, iters: 0, time: 10.000) G_Loss: 0.003 X: 0.000 
(epoch: 15, iters: 0, time: 10.000) G_Loss: 0.004 X: 0.000 
(epoch: 15, iters: 0, time: 10.000) G_Loss: 0.003 X: 0.000 
End of epoch 15 / 20 	 Time Taken: 293 sec
learning rate = 0.0000625
epoch:16
Total: 19059 || Pos: 2421
(epoch: 16, iters: 0, time: 10.000) G_Loss: 0.002 X: 0.000 
(epoch: 16, iters: 0, time: 10.000) G_Loss: 0.003 X: 0.000 
(epoch: 16, iters: 0, time: 10.000) G_Loss: 0.002 X: 0.000 
(epoch: 16, iters: 0, time: 10.000) G_Loss: 0.002 X: 0.000 
(epoch: 16, iters: 0, time: 10.000) G_Loss: 0.002 X: 0.000 
(epoch: 16, iters: 0, time: 10.000) G_Loss: 0.002 X: 0.000 
(epoch: 16, iters: 0, time: 10.000) G_Loss: 0.003 X: 0.000 
(epoch: 16, iters: 0, time: 10.000) G_Loss: 0.002 X: 0.000 
(epoch: 16, iters: 0, time: 10.000) G_Loss: 0.002 X: 0.000 
(epoch: 16, iters: 0, time: 10.000) G_Loss: 0.003 X: 0.000 
(epoch: 16, iters: 0, time: 10.000) G_Loss: 0.003 X: 0.000 
(epoch: 16, iters: 0, time: 10.000) G_Loss: 0.002 X: 0.000 
(epoch: 16, iters: 0, time: 10.000) G_Loss: 0.002 X: 0.000 
(epoch: 16, iters: 0, time: 10.000) G_Loss: 0.003 X: 0.000 
(epoch: 16, iters: 0, time: 10.000) G_Loss: 0.002 X: 0.000 
(epoch: 16, iters: 0, time: 10.000) G_Loss: 0.002 X: 0.000 
(epoch: 16, iters: 0, time: 10.000) G_Loss: 0.002 X: 0.000 
(epoch: 16, iters: 0, time: 10.000) G_Loss: 0.002 X: 0.000 
(epoch: 16, iters: 0, time: 10.000) G_Loss: 0.002 X: 0.000 
(epoch: 16, iters: 0, time: 10.000) G_Loss: 0.003 X: 0.000 
(epoch: 16, iters: 0, time: 10.000) G_Loss: 0.003 X: 0.000 
(epoch: 16, iters: 0, time: 10.000) G_Loss: 0.003 X: 0.000 
(epoch: 16, iters: 0, time: 10.000) G_Loss: 0.003 X: 0.000 
(epoch: 16, iters: 0, time: 10.000) G_Loss: 0.004 X: 0.000 
End of epoch 16 / 20 	 Time Taken: 298 sec
learning rate = 0.0000500
epoch:17
Total: 19059 || Pos: 2421
(epoch: 17, iters: 0, time: 10.000) G_Loss: 0.002 X: 0.000 
(epoch: 17, iters: 0, time: 10.000) G_Loss: 0.004 X: 0.000 
(epoch: 17, iters: 0, time: 10.000) G_Loss: 0.004 X: 0.000 
(epoch: 17, iters: 0, time: 10.000) G_Loss: 0.003 X: 0.000 
(epoch: 17, iters: 0, time: 10.000) G_Loss: 0.004 X: 0.000 
(epoch: 17, iters: 0, time: 10.000) G_Loss: 0.004 X: 0.000 
(epoch: 17, iters: 0, time: 10.000) G_Loss: 0.002 X: 0.000 
(epoch: 17, iters: 0, time: 10.000) G_Loss: 0.002 X: 0.000 
(epoch: 17, iters: 0, time: 10.000) G_Loss: 0.002 X: 0.000 
(epoch: 17, iters: 0, time: 10.000) G_Loss: 0.002 X: 0.000 
(epoch: 17, iters: 0, time: 10.000) G_Loss: 0.003 X: 0.000 
(epoch: 17, iters: 0, time: 10.000) G_Loss: 0.002 X: 0.000 
(epoch: 17, iters: 0, time: 10.000) G_Loss: 0.003 X: 0.000 
(epoch: 17, iters: 0, time: 10.000) G_Loss: 0.002 X: 0.000 
(epoch: 17, iters: 0, time: 10.000) G_Loss: 0.002 X: 0.000 
(epoch: 17, iters: 0, time: 10.000) G_Loss: 0.002 X: 0.000 
(epoch: 17, iters: 0, time: 10.000) G_Loss: 0.002 X: 0.000 
(epoch: 17, iters: 0, time: 10.000) G_Loss: 0.002 X: 0.000 
(epoch: 17, iters: 0, time: 10.000) G_Loss: 0.002 X: 0.000 
(epoch: 17, iters: 0, time: 10.000) G_Loss: 0.002 X: 0.000 
(epoch: 17, iters: 0, time: 10.000) G_Loss: 0.002 X: 0.000 
(epoch: 17, iters: 0, time: 10.000) G_Loss: 0.003 X: 0.000 
(epoch: 17, iters: 0, time: 10.000) G_Loss: 0.003 X: 0.000 
(epoch: 17, iters: 0, time: 10.000) G_Loss: 0.003 X: 0.000 
End of epoch 17 / 20 	 Time Taken: 293 sec
learning rate = 0.0000375
epoch:18
Total: 19059 || Pos: 2421
(epoch: 18, iters: 0, time: 10.000) G_Loss: 0.003 X: 0.000 
(epoch: 18, iters: 0, time: 10.000) G_Loss: 0.002 X: 0.000 
(epoch: 18, iters: 0, time: 10.000) G_Loss: 0.003 X: 0.000 
(epoch: 18, iters: 0, time: 10.000) G_Loss: 0.003 X: 0.000 
(epoch: 18, iters: 0, time: 10.000) G_Loss: 0.004 X: 0.000 
(epoch: 18, iters: 0, time: 10.000) G_Loss: 0.002 X: 0.000 
(epoch: 18, iters: 0, time: 10.000) G_Loss: 0.003 X: 0.000 
(epoch: 18, iters: 0, time: 10.000) G_Loss: 0.002 X: 0.000 
(epoch: 18, iters: 0, time: 10.000) G_Loss: 0.003 X: 0.000 
(epoch: 18, iters: 0, time: 10.000) G_Loss: 0.003 X: 0.000 
(epoch: 18, iters: 0, time: 10.000) G_Loss: 0.002 X: 0.000 
(epoch: 18, iters: 0, time: 10.000) G_Loss: 0.002 X: 0.000 
(epoch: 18, iters: 0, time: 10.000) G_Loss: 0.003 X: 0.000 
(epoch: 18, iters: 0, time: 10.000) G_Loss: 0.002 X: 0.000 
(epoch: 18, iters: 0, time: 10.000) G_Loss: 0.003 X: 0.000 
(epoch: 18, iters: 0, time: 10.000) G_Loss: 0.003 X: 0.000 
(epoch: 18, iters: 0, time: 10.000) G_Loss: 0.003 X: 0.000 
(epoch: 18, iters: 0, time: 10.000) G_Loss: 0.003 X: 0.000 
(epoch: 18, iters: 0, time: 10.000) G_Loss: 0.002 X: 0.000 
(epoch: 18, iters: 0, time: 10.000) G_Loss: 0.003 X: 0.000 
(epoch: 18, iters: 0, time: 10.000) G_Loss: 0.002 X: 0.000 
(epoch: 18, iters: 0, time: 10.000) G_Loss: 0.003 X: 0.000 
(epoch: 18, iters: 0, time: 10.000) G_Loss: 0.003 X: 0.000 
(epoch: 18, iters: 0, time: 10.000) G_Loss: 0.002 X: 0.000 
End of epoch 18 / 20 	 Time Taken: 296 sec
learning rate = 0.0000250
epoch:19
Total: 19059 || Pos: 2421
(epoch: 19, iters: 0, time: 10.000) G_Loss: 0.003 X: 0.000 
(epoch: 19, iters: 0, time: 10.000) G_Loss: 0.003 X: 0.000 
(epoch: 19, iters: 0, time: 10.000) G_Loss: 0.002 X: 0.000 
(epoch: 19, iters: 0, time: 10.000) G_Loss: 0.003 X: 0.000 
(epoch: 19, iters: 0, time: 10.000) G_Loss: 0.003 X: 0.000 
(epoch: 19, iters: 0, time: 10.000) G_Loss: 0.002 X: 0.000 
(epoch: 19, iters: 0, time: 10.000) G_Loss: 0.002 X: 0.000 
(epoch: 19, iters: 0, time: 10.000) G_Loss: 0.002 X: 0.000 
(epoch: 19, iters: 0, time: 10.000) G_Loss: 0.002 X: 0.000 
(epoch: 19, iters: 0, time: 10.000) G_Loss: 0.002 X: 0.000 
(epoch: 19, iters: 0, time: 10.000) G_Loss: 0.003 X: 0.000 
(epoch: 19, iters: 0, time: 10.000) G_Loss: 0.002 X: 0.000 
(epoch: 19, iters: 0, time: 10.000) G_Loss: 0.003 X: 0.000 
(epoch: 19, iters: 0, time: 10.000) G_Loss: 0.002 X: 0.000 
(epoch: 19, iters: 0, time: 10.000) G_Loss: 0.003 X: 0.000 
(epoch: 19, iters: 0, time: 10.000) G_Loss: 0.003 X: 0.000 
(epoch: 19, iters: 0, time: 10.000) G_Loss: 0.002 X: 0.000 
(epoch: 19, iters: 0, time: 10.000) G_Loss: 0.004 X: 0.000 
(epoch: 19, iters: 0, time: 10.000) G_Loss: 0.003 X: 0.000 
(epoch: 19, iters: 0, time: 10.000) G_Loss: 0.003 X: 0.000 
(epoch: 19, iters: 0, time: 10.000) G_Loss: 0.002 X: 0.000 
(epoch: 19, iters: 0, time: 10.000) G_Loss: 0.003 X: 0.000 
(epoch: 19, iters: 0, time: 10.000) G_Loss: 0.002 X: 0.000 
(epoch: 19, iters: 0, time: 10.000) G_Loss: 0.003 X: 0.000 
End of epoch 19 / 20 	 Time Taken: 278 sec
learning rate = 0.0000125
epoch:20
Total: 19059 || Pos: 2421
(epoch: 20, iters: 0, time: 10.000) G_Loss: 0.003 X: 0.000 
(epoch: 20, iters: 0, time: 10.000) G_Loss: 0.002 X: 0.000 
(epoch: 20, iters: 0, time: 10.000) G_Loss: 0.003 X: 0.000 
(epoch: 20, iters: 0, time: 10.000) G_Loss: 0.003 X: 0.000 
(epoch: 20, iters: 0, time: 10.000) G_Loss: 0.002 X: 0.000 
(epoch: 20, iters: 0, time: 10.000) G_Loss: 0.002 X: 0.000 
(epoch: 20, iters: 0, time: 10.000) G_Loss: 0.003 X: 0.000 
(epoch: 20, iters: 0, time: 10.000) G_Loss: 0.003 X: 0.000 
(epoch: 20, iters: 0, time: 10.000) G_Loss: 0.002 X: 0.000 
(epoch: 20, iters: 0, time: 10.000) G_Loss: 0.002 X: 0.000 
(epoch: 20, iters: 0, time: 10.000) G_Loss: 0.004 X: 0.000 
(epoch: 20, iters: 0, time: 10.000) G_Loss: 0.002 X: 0.000 
(epoch: 20, iters: 0, time: 10.000) G_Loss: 0.002 X: 0.000 
(epoch: 20, iters: 0, time: 10.000) G_Loss: 0.002 X: 0.000 
(epoch: 20, iters: 0, time: 10.000) G_Loss: 0.002 X: 0.000 
(epoch: 20, iters: 0, time: 10.000) G_Loss: 0.004 X: 0.000 
(epoch: 20, iters: 0, time: 10.000) G_Loss: 0.002 X: 0.000 
(epoch: 20, iters: 0, time: 10.000) G_Loss: 0.002 X: 0.000 
(epoch: 20, iters: 0, time: 10.000) G_Loss: 0.002 X: 0.000 
(epoch: 20, iters: 0, time: 10.000) G_Loss: 0.002 X: 0.000 
(epoch: 20, iters: 0, time: 10.000) G_Loss: 0.002 X: 0.000 
(epoch: 20, iters: 0, time: 10.000) G_Loss: 0.003 X: 0.000 
(epoch: 20, iters: 0, time: 10.000) G_Loss: 0.002 X: 0.000 
(epoch: 20, iters: 0, time: 10.000) G_Loss: 0.004 X: 0.000 
End of epoch 20 / 20 	 Time Taken: 274 sec
learning rate = 0.0000000
